<?xml version="1.0" encoding="UTF-8"?>
<!-- Generated by org.testng.reporters.JUnitReportReporter -->
<testsuite hostname="0519-EngrSvr02" name="ets.wms13.core.dgiwg.testsuite.getcapabilities.GetCapabilitiesLegendUrlTest" tests="33" failures="0" timestamp="26 Jun 2017 13:30:44 GMT" time="11.414" errors="0">
  <testcase name="wmsCapabilitiesLayersLegendURLIsAccessible" time="0.248" classname="ets.wms13.core.dgiwg.testsuite.getcapabilities.GetCapabilitiesLegendUrlTest"/>
  <testcase name="wmsCapabilitiesLayersLegendURLIsAccessible" time="0.263" classname="ets.wms13.core.dgiwg.testsuite.getcapabilities.GetCapabilitiesLegendUrlTest"/>
  <testcase name="wmsCapabilitiesLayersLegendURLIsAccessible" time="0.271" classname="ets.wms13.core.dgiwg.testsuite.getcapabilities.GetCapabilitiesLegendUrlTest"/>
  <testcase name="wmsCapabilitiesLayersLegendURLIsAccessible" time="0.271" classname="ets.wms13.core.dgiwg.testsuite.getcapabilities.GetCapabilitiesLegendUrlTest"/>
  <testcase name="wmsCapabilitiesLayersLegendURLIsAccessible" time="0.242" classname="ets.wms13.core.dgiwg.testsuite.getcapabilities.GetCapabilitiesLegendUrlTest"/>
  <testcase name="wmsCapabilitiesLayersLegendURLIsAccessible" time="0.249" classname="ets.wms13.core.dgiwg.testsuite.getcapabilities.GetCapabilitiesLegendUrlTest"/>
  <testcase name="wmsCapabilitiesLayersLegendURLIsAccessible" time="0.257" classname="ets.wms13.core.dgiwg.testsuite.getcapabilities.GetCapabilitiesLegendUrlTest"/>
  <testcase name="wmsCapabilitiesLayersLegendURLIsAccessible" time="0.249" classname="ets.wms13.core.dgiwg.testsuite.getcapabilities.GetCapabilitiesLegendUrlTest"/>
  <testcase name="wmsCapabilitiesLayersLegendURLIsAccessible" time="0.257" classname="ets.wms13.core.dgiwg.testsuite.getcapabilities.GetCapabilitiesLegendUrlTest"/>
  <testcase name="wmsCapabilitiesLayersLegendURLIsAccessible" time="0.231" classname="ets.wms13.core.dgiwg.testsuite.getcapabilities.GetCapabilitiesLegendUrlTest"/>
  <testcase name="wmsCapabilitiesLayersLegendURLIsAccessible" time="0.257" classname="ets.wms13.core.dgiwg.testsuite.getcapabilities.GetCapabilitiesLegendUrlTest"/>
  <testcase name="wmsCapabilitiesLayersLegendURLIsAccessible" time="0.250" classname="ets.wms13.core.dgiwg.testsuite.getcapabilities.GetCapabilitiesLegendUrlTest"/>
  <testcase name="wmsCapabilitiesLayersLegendURLIsAccessible" time="0.251" classname="ets.wms13.core.dgiwg.testsuite.getcapabilities.GetCapabilitiesLegendUrlTest"/>
  <testcase name="wmsCapabilitiesLayersLegendURLIsAccessible" time="0.277" classname="ets.wms13.core.dgiwg.testsuite.getcapabilities.GetCapabilitiesLegendUrlTest"/>
  <testcase name="wmsCapabilitiesLayersLegendURLIsAccessible" time="0.251" classname="ets.wms13.core.dgiwg.testsuite.getcapabilities.GetCapabilitiesLegendUrlTest"/>
  <testcase name="wmsCapabilitiesLayersLegendURLIsAccessible" time="0.272" classname="ets.wms13.core.dgiwg.testsuite.getcapabilities.GetCapabilitiesLegendUrlTest"/>
  <testcase name="wmsCapabilitiesLayersLegendURLIsAccessible" time="3.245" classname="ets.wms13.core.dgiwg.testsuite.getcapabilities.GetCapabilitiesLegendUrlTest"/>
  <testcase name="wmsCapabilitiesLayersLegendURLIsAccessible" time="0.271" classname="ets.wms13.core.dgiwg.testsuite.getcapabilities.GetCapabilitiesLegendUrlTest"/>
  <testcase name="wmsCapabilitiesLayersLegendURLIsAccessible" time="0.257" classname="ets.wms13.core.dgiwg.testsuite.getcapabilities.GetCapabilitiesLegendUrlTest"/>
  <testcase name="wmsCapabilitiesLayersLegendURLIsAccessible" time="0.327" classname="ets.wms13.core.dgiwg.testsuite.getcapabilities.GetCapabilitiesLegendUrlTest"/>
  <testcase name="wmsCapabilitiesLayersLegendURLIsAccessible" time="0.258" classname="ets.wms13.core.dgiwg.testsuite.getcapabilities.GetCapabilitiesLegendUrlTest"/>
  <testcase name="wmsCapabilitiesLayersLegendURLIsAccessible" time="0.249" classname="ets.wms13.core.dgiwg.testsuite.getcapabilities.GetCapabilitiesLegendUrlTest"/>
  <testcase name="wmsCapabilitiesLayersLegendURLIsAccessible" time="0.258" classname="ets.wms13.core.dgiwg.testsuite.getcapabilities.GetCapabilitiesLegendUrlTest"/>
  <testcase name="wmsCapabilitiesLayersLegendURLIsAccessible" time="0.150" classname="ets.wms13.core.dgiwg.testsuite.getcapabilities.GetCapabilitiesLegendUrlTest"/>
  <testcase name="wmsCapabilitiesLayersLegendURLIsAccessible" time="0.255" classname="ets.wms13.core.dgiwg.testsuite.getcapabilities.GetCapabilitiesLegendUrlTest"/>
  <testcase name="wmsCapabilitiesLayersLegendURLIsAccessible" time="0.250" classname="ets.wms13.core.dgiwg.testsuite.getcapabilities.GetCapabilitiesLegendUrlTest"/>
  <testcase name="wmsCapabilitiesLayersLegendURLIsAccessible" time="0.252" classname="ets.wms13.core.dgiwg.testsuite.getcapabilities.GetCapabilitiesLegendUrlTest"/>
  <testcase name="wmsCapabilitiesLayersLegendURLIsAccessible" time="0.286" classname="ets.wms13.core.dgiwg.testsuite.getcapabilities.GetCapabilitiesLegendUrlTest"/>
  <testcase name="wmsCapabilitiesLayersLegendURLIsAccessible" time="0.258" classname="ets.wms13.core.dgiwg.testsuite.getcapabilities.GetCapabilitiesLegendUrlTest"/>
  <testcase name="wmsCapabilitiesLayersLegendURLIsAccessible" time="0.250" classname="ets.wms13.core.dgiwg.testsuite.getcapabilities.GetCapabilitiesLegendUrlTest"/>
  <testcase name="wmsCapabilitiesLayersLegendURLIsAccessible" time="0.248" classname="ets.wms13.core.dgiwg.testsuite.getcapabilities.GetCapabilitiesLegendUrlTest"/>
  <testcase name="wmsCapabilitiesLayersLegendURLIsAccessible" time="0.253" classname="ets.wms13.core.dgiwg.testsuite.getcapabilities.GetCapabilitiesLegendUrlTest"/>
  <testcase name="wmsCapabilitiesLayersLegendURLIsAccessible" time="0.251" classname="ets.wms13.core.dgiwg.testsuite.getcapabilities.GetCapabilitiesLegendUrlTest"/>
</testsuite> <!-- ets.wms13.core.dgiwg.testsuite.getcapabilities.GetCapabilitiesLegendUrlTest -->
