<?xml version="1.0" encoding="UTF-8"?>
<!-- Generated by org.testng.reporters.JUnitReportReporter -->
<testsuite hostname="0519-EngrSvr02" name="ets.wms13.core.dgiwg.testsuite.getmap.GetMapLayerNotDefinedTest" tests="1" failures="0" timestamp="26 Jun 2017 13:30:44 GMT" time="0.114" errors="0">
  <testcase name="wmsGetMapLayerNotDefined" time="0.114" classname="ets.wms13.core.dgiwg.testsuite.getmap.GetMapLayerNotDefinedTest"/>
</testsuite> <!-- ets.wms13.core.dgiwg.testsuite.getmap.GetMapLayerNotDefinedTest -->
