<?xml version="1.0" encoding="UTF-8"?>
<!-- Generated by org.testng.reporters.JUnitReportReporter -->
<testsuite hostname="0519-EngrSvr02" name="ets.wmts10.testsuite.Prerequisites" tests="2" failures="0" timestamp="14 Jul 2017 13:14:17 GMT" time="0.877" errors="0">
  <testcase name="serviceIsAvailable" time="0.846" classname="ets.wmts10.testsuite.Prerequisites"/>
  <testcase name="verifyServiceDescription" time="0.031" classname="ets.wmts10.testsuite.Prerequisites"/>
</testsuite> <!-- ets.wmts10.testsuite.Prerequisites -->
