<?xml version="1.0" encoding="UTF-8"?>
<!-- Generated by org.testng.reporters.JUnitReportReporter -->
<testsuite hostname="0519-EngrSvr02" name="ets.wms13.core.dgiwg.testsuite.getmap.GetMapInImageExceptionsTest" tests="1" failures="0" timestamp="26 Jun 2017 13:30:44 GMT" time="0.115" errors="0">
  <testcase name="wmsGetMapInImageExceptionsSupported" time="0.115" classname="ets.wms13.core.dgiwg.testsuite.getmap.GetMapInImageExceptionsTest"/>
</testsuite> <!-- ets.wms13.core.dgiwg.testsuite.getmap.GetMapInImageExceptionsTest -->
