<?xml version="1.0" encoding="UTF-8"?>
<!-- Generated by org.testng.reporters.JUnitReportReporter -->
<testsuite hostname="0519-EngrSvr02" name="ets.wms13.core.dgiwg.testsuite.getfeatureinfo.GetFeatureInfoFeatureCountTest" tests="2" failures="0" timestamp="26 Jun 2017 13:30:44 GMT" time="0.743" errors="0">
  <testcase name="wmsGetFeatureInfoFeatureCountWithValueOfTen" time="0.385" classname="ets.wms13.core.dgiwg.testsuite.getfeatureinfo.GetFeatureInfoFeatureCountTest"/>
  <testcase name="wmsGetFeatureInfoFeatureCountWithValueOfOne" time="0.358" classname="ets.wms13.core.dgiwg.testsuite.getfeatureinfo.GetFeatureInfoFeatureCountTest"/>
</testsuite> <!-- ets.wms13.core.dgiwg.testsuite.getfeatureinfo.GetFeatureInfoFeatureCountTest -->
