<?xml version="1.0" encoding="UTF-8"?>
<!-- Generated by org.testng.reporters.JUnitReportReporter -->
<testsuite hostname="0519-EngrSvr02" name="ets.wms13.core.dgiwg.testsuite.Prerequisites" tests="2" failures="0" timestamp="26 Jun 2017 13:30:44 GMT" time="0.829" errors="0">
  <testcase name="verifyServiceDescription" time="0.028" classname="ets.wms13.core.dgiwg.testsuite.Prerequisites"/>
  <testcase name="serviceIsAvailable" time="0.801" classname="ets.wms13.core.dgiwg.testsuite.Prerequisites"/>
</testsuite> <!-- ets.wms13.core.dgiwg.testsuite.Prerequisites -->
