<?xml version="1.0" encoding="UTF-8"?>
<!-- Generated by org.testng.reporters.JUnitReportReporter -->
<testsuite hostname="0519-EngrSvr02" name="nsg.wmts10.testsuite.getcapabilities.GetCapabilitiesSoap" tests="3" failures="0" timestamp="14 Jul 2017 13:14:17 GMT" time="0.734" errors="0">
  <testcase name="wmtsCapabilitiesSOAPCapable" time="0.016" classname="nsg.wmts10.testsuite.getcapabilities.GetCapabilitiesSoap"/>
  <testcase name="wmtsCapabilitiesSOAPReponseTest" time="0.718" classname="nsg.wmts10.testsuite.getcapabilities.GetCapabilitiesSoap"/>
  <testcase name="verifyGetCapabilitiesSupported" time="0.000" classname="nsg.wmts10.testsuite.getcapabilities.GetCapabilitiesSoap"/>
</testsuite> <!-- nsg.wmts10.testsuite.getcapabilities.GetCapabilitiesSoap -->
