<?xml version="1.0" encoding="UTF-8"?>
<!-- Generated by org.testng.reporters.JUnitReportReporter -->
<testsuite hostname="0519-EngrSvr02" name="ets.wms13.core.dgiwg.testsuite.QueryableWMS" tests="2" failures="0" timestamp="26 Jun 2017 13:30:44 GMT" time="1.358" errors="0">
  <testcase name="testQueryableWMS" time="0.631" classname="ets.wms13.core.dgiwg.testsuite.QueryableWMS"/>
  <testcase name="testQueryableWMSBindings" time="0.727" classname="ets.wms13.core.dgiwg.testsuite.QueryableWMS"/>
</testsuite> <!-- ets.wms13.core.dgiwg.testsuite.QueryableWMS -->
