<?xml version="1.0" encoding="UTF-8"?>
<!-- Generated by org.testng.reporters.JUnitReportReporter -->
<testsuite hostname="0519-EngrSvr02" name="nsg.wmts10.testsuite.getfeatureinfo.GetFeatureInfoKvp" tests="3" failures="0" timestamp="14 Jul 2017 13:14:17 GMT" time="0.407" errors="0">
  <testcase name="wmtsGetFeatureInfoExists" time="0.000" classname="nsg.wmts10.testsuite.getfeatureinfo.GetFeatureInfoKvp"/>
  <testcase name="verifyGetFeatureInfoSupported" time="0.016" classname="nsg.wmts10.testsuite.getfeatureinfo.GetFeatureInfoKvp"/>
  <testcase name="wmtsGetFeatureInfoRequestParameters" time="0.391" classname="nsg.wmts10.testsuite.getfeatureinfo.GetFeatureInfoKvp"/>
</testsuite> <!-- nsg.wmts10.testsuite.getfeatureinfo.GetFeatureInfoKvp -->
