<?xml version="1.0" encoding="UTF-8"?>
<!-- Generated by org.testng.reporters.JUnitReportReporter -->
<testsuite hostname="0519-EngrSvr02" name="nsg.wmts10.testsuite.getcapabilities.GetCapabilitiesCrsTest" tests="3" failures="0" timestamp="14 Jul 2017 13:14:17 GMT" time="0.016" errors="0">
  <testcase name="wmtsCapabilitiesExists" time="0.000" classname="nsg.wmts10.testsuite.getcapabilities.GetCapabilitiesCrsTest"/>
  <testcase name="wmtsCapabilitiesCrsTest" time="0.016" classname="nsg.wmts10.testsuite.getcapabilities.GetCapabilitiesCrsTest"/>
  <testcase name="verifyGetCapabilitiesSupported" time="0.000" classname="nsg.wmts10.testsuite.getcapabilities.GetCapabilitiesCrsTest"/>
</testsuite> <!-- nsg.wmts10.testsuite.getcapabilities.GetCapabilitiesCrsTest -->
