<?xml version="1.0" encoding="UTF-8"?>
<!-- Generated by org.testng.reporters.JUnitReportReporter -->
<testsuite hostname="0519-EngrSvr02" name="ets.wms13.core.dgiwg.testsuite.getfeatureinfo.GetFeatureInfoInfoFormatTest" tests="7" failures="0" timestamp="26 Jun 2017 13:30:44 GMT" time="12.536" errors="0">
  <testcase name="wmsGetFeatureInfoInfoFormatWithAllValuesOfCapabilities" time="1.785" classname="ets.wms13.core.dgiwg.testsuite.getfeatureinfo.GetFeatureInfoInfoFormatTest"/>
  <testcase name="wmsGetFeatureInfoInfoFormatWithAllValuesOfCapabilities" time="1.872" classname="ets.wms13.core.dgiwg.testsuite.getfeatureinfo.GetFeatureInfoInfoFormatTest"/>
  <testcase name="wmsGetFeatureInfoInfoFormatWithAllValuesOfCapabilities" time="1.806" classname="ets.wms13.core.dgiwg.testsuite.getfeatureinfo.GetFeatureInfoInfoFormatTest"/>
  <testcase name="wmsGetFeatureInfoInfoFormatWithAllValuesOfCapabilities" time="1.763" classname="ets.wms13.core.dgiwg.testsuite.getfeatureinfo.GetFeatureInfoInfoFormatTest"/>
  <testcase name="wmsGetFeatureInfoInfoFormatWithAllValuesOfCapabilities" time="1.859" classname="ets.wms13.core.dgiwg.testsuite.getfeatureinfo.GetFeatureInfoInfoFormatTest"/>
  <testcase name="wmsGetFeatureInfoInfoFormatWithAllValuesOfCapabilities" time="1.744" classname="ets.wms13.core.dgiwg.testsuite.getfeatureinfo.GetFeatureInfoInfoFormatTest"/>
  <testcase name="wmsGetFeatureInfoInfoFormatWithAllValuesOfCapabilities" time="1.707" classname="ets.wms13.core.dgiwg.testsuite.getfeatureinfo.GetFeatureInfoInfoFormatTest"/>
</testsuite> <!-- ets.wms13.core.dgiwg.testsuite.getfeatureinfo.GetFeatureInfoInfoFormatTest -->
