<?xml version="1.0" encoding="UTF-8"?>
<!-- Generated by org.testng.reporters.JUnitReportReporter -->
<testsuite hostname="0519-EngrSvr02" name="ets.wms13.core.dgiwg.testsuite.getmap.GetMapTransparencyTest" tests="2" failures="0" timestamp="26 Jun 2017 13:30:44 GMT" time="0.234" errors="0">
  <testcase name="wmsGetMapTransparencySupported_False" time="0.118" classname="ets.wms13.core.dgiwg.testsuite.getmap.GetMapTransparencyTest"/>
  <testcase name="wmsGetMapTransparencySupported_True" time="0.116" classname="ets.wms13.core.dgiwg.testsuite.getmap.GetMapTransparencyTest"/>
</testsuite> <!-- ets.wms13.core.dgiwg.testsuite.getmap.GetMapTransparencyTest -->
