<?xml version="1.0" encoding="UTF-8"?>
<!-- Generated by org.testng.reporters.JUnitReportReporter -->
<testsuite hostname="0519-EngrSvr02" name="nsg.wmts10.testsuite.gettile.GetTileParametersRest" tests="3" failures="0" timestamp="14 Jul 2017 13:14:17 GMT" time="0.563" errors="0">
  <testcase name="verifyGetTileSupported" time="0.001" classname="nsg.wmts10.testsuite.gettile.GetTileParametersRest"/>
  <testcase name="wmtsGetTileRESTCapable" time="0.015" classname="nsg.wmts10.testsuite.gettile.GetTileParametersRest"/>
  <testcase name="wmtsGetTileRequestParametersSupported" time="0.547" classname="nsg.wmts10.testsuite.gettile.GetTileParametersRest"/>
</testsuite> <!-- nsg.wmts10.testsuite.gettile.GetTileParametersRest -->
