<?xml version="1.0" encoding="UTF-8"?>
<!-- Generated by org.testng.reporters.JUnitReportReporter -->
<testsuite hostname="0519-EngrSvr02" name="ets.wms13.core.dgiwg.testsuite.getmap.GetMapRequestParametersTest" tests="1" failures="0" timestamp="26 Jun 2017 13:30:44 GMT" time="0.211" errors="0">
  <testcase name="wmsGetMapRequestParametersSupported" time="0.211" classname="ets.wms13.core.dgiwg.testsuite.getmap.GetMapRequestParametersTest"/>
</testsuite> <!-- ets.wms13.core.dgiwg.testsuite.getmap.GetMapRequestParametersTest -->
