<?xml version="1.0" encoding="UTF-8"?>
<!-- Generated by org.testng.reporters.JUnitReportReporter -->
<testsuite hostname="0519-EngrSvr02" name="ets.wms13.core.dgiwg.testsuite.getcapabilities.GetCapabilitiesLayerCrsTest" tests="66" failures="0" timestamp="26 Jun 2017 13:30:44 GMT" time="97.454" errors="0">
  <testcase name="wmsCapabilitiesLayerCrs_Mandatory_EPSG_4326_Supported" time="0.003" classname="ets.wms13.core.dgiwg.testsuite.getcapabilities.GetCapabilitiesLayerCrsTest"/>
  <testcase name="wmsCapabilitiesLayerCrs_Mandatory_EPSG_4326_Supported" time="0.004" classname="ets.wms13.core.dgiwg.testsuite.getcapabilities.GetCapabilitiesLayerCrsTest"/>
  <testcase name="wmsCapabilitiesLayerCrs_AsAdvertised" time="1.286" classname="ets.wms13.core.dgiwg.testsuite.getcapabilities.GetCapabilitiesLayerCrsTest"/>
  <testcase name="wmsCapabilitiesLayerCrs_Mandatory_EPSG_4326_Supported" time="0.003" classname="ets.wms13.core.dgiwg.testsuite.getcapabilities.GetCapabilitiesLayerCrsTest"/>
  <testcase name="wmsCapabilitiesLayerCrs_Mandatory_EPSG_4326_Supported" time="0.005" classname="ets.wms13.core.dgiwg.testsuite.getcapabilities.GetCapabilitiesLayerCrsTest"/>
  <testcase name="wmsCapabilitiesLayerCrs_AsAdvertised" time="1.345" classname="ets.wms13.core.dgiwg.testsuite.getcapabilities.GetCapabilitiesLayerCrsTest"/>
  <testcase name="wmsCapabilitiesLayerCrs_AsAdvertised" time="13.298" classname="ets.wms13.core.dgiwg.testsuite.getcapabilities.GetCapabilitiesLayerCrsTest"/>
  <testcase name="wmsCapabilitiesLayerCrs_Mandatory_EPSG_4326_Supported" time="0.004" classname="ets.wms13.core.dgiwg.testsuite.getcapabilities.GetCapabilitiesLayerCrsTest"/>
  <testcase name="wmsCapabilitiesLayerCrs_AsAdvertised" time="1.328" classname="ets.wms13.core.dgiwg.testsuite.getcapabilities.GetCapabilitiesLayerCrsTest"/>
  <testcase name="wmsCapabilitiesLayerCrs_Mandatory_EPSG_4326_Supported" time="0.005" classname="ets.wms13.core.dgiwg.testsuite.getcapabilities.GetCapabilitiesLayerCrsTest"/>
  <testcase name="wmsCapabilitiesLayerCrs_Mandatory_EPSG_4326_Supported" time="0.004" classname="ets.wms13.core.dgiwg.testsuite.getcapabilities.GetCapabilitiesLayerCrsTest"/>
  <testcase name="wmsCapabilitiesLayerCrs_Mandatory_EPSG_4326_Supported" time="0.003" classname="ets.wms13.core.dgiwg.testsuite.getcapabilities.GetCapabilitiesLayerCrsTest"/>
  <testcase name="wmsCapabilitiesLayerCrs_AsAdvertised" time="1.295" classname="ets.wms13.core.dgiwg.testsuite.getcapabilities.GetCapabilitiesLayerCrsTest"/>
  <testcase name="wmsCapabilitiesLayerCrs_AsAdvertised" time="1.311" classname="ets.wms13.core.dgiwg.testsuite.getcapabilities.GetCapabilitiesLayerCrsTest"/>
  <testcase name="wmsCapabilitiesLayerCrs_AsAdvertised" time="13.318" classname="ets.wms13.core.dgiwg.testsuite.getcapabilities.GetCapabilitiesLayerCrsTest"/>
  <testcase name="wmsCapabilitiesLayerCrs_AsAdvertised" time="1.309" classname="ets.wms13.core.dgiwg.testsuite.getcapabilities.GetCapabilitiesLayerCrsTest"/>
  <testcase name="wmsCapabilitiesLayerCrs_Mandatory_EPSG_4326_Supported" time="0.003" classname="ets.wms13.core.dgiwg.testsuite.getcapabilities.GetCapabilitiesLayerCrsTest"/>
  <testcase name="wmsCapabilitiesLayerCrs_AsAdvertised" time="1.310" classname="ets.wms13.core.dgiwg.testsuite.getcapabilities.GetCapabilitiesLayerCrsTest"/>
  <testcase name="wmsCapabilitiesLayerCrs_AsAdvertised" time="1.300" classname="ets.wms13.core.dgiwg.testsuite.getcapabilities.GetCapabilitiesLayerCrsTest"/>
  <testcase name="wmsCapabilitiesLayerCrs_Mandatory_EPSG_4326_Supported" time="0.003" classname="ets.wms13.core.dgiwg.testsuite.getcapabilities.GetCapabilitiesLayerCrsTest"/>
  <testcase name="wmsCapabilitiesLayerCrs_AsAdvertised" time="4.318" classname="ets.wms13.core.dgiwg.testsuite.getcapabilities.GetCapabilitiesLayerCrsTest"/>
  <testcase name="wmsCapabilitiesLayerCrs_Mandatory_EPSG_4326_Supported" time="0.002" classname="ets.wms13.core.dgiwg.testsuite.getcapabilities.GetCapabilitiesLayerCrsTest"/>
  <testcase name="wmsCapabilitiesLayerCrs_AsAdvertised" time="1.280" classname="ets.wms13.core.dgiwg.testsuite.getcapabilities.GetCapabilitiesLayerCrsTest"/>
  <testcase name="wmsCapabilitiesLayerCrs_AsAdvertised" time="1.291" classname="ets.wms13.core.dgiwg.testsuite.getcapabilities.GetCapabilitiesLayerCrsTest"/>
  <testcase name="wmsCapabilitiesLayerCrs_AsAdvertised" time="1.308" classname="ets.wms13.core.dgiwg.testsuite.getcapabilities.GetCapabilitiesLayerCrsTest"/>
  <testcase name="wmsCapabilitiesLayerCrs_AsAdvertised" time="1.398" classname="ets.wms13.core.dgiwg.testsuite.getcapabilities.GetCapabilitiesLayerCrsTest"/>
  <testcase name="wmsCapabilitiesLayerCrs_AsAdvertised" time="1.323" classname="ets.wms13.core.dgiwg.testsuite.getcapabilities.GetCapabilitiesLayerCrsTest"/>
  <testcase name="wmsCapabilitiesLayerCrs_Mandatory_EPSG_4326_Supported" time="0.003" classname="ets.wms13.core.dgiwg.testsuite.getcapabilities.GetCapabilitiesLayerCrsTest"/>
  <testcase name="wmsCapabilitiesLayerCrs_AsAdvertised" time="1.314" classname="ets.wms13.core.dgiwg.testsuite.getcapabilities.GetCapabilitiesLayerCrsTest"/>
  <testcase name="wmsCapabilitiesLayerCrs_AsAdvertised" time="1.299" classname="ets.wms13.core.dgiwg.testsuite.getcapabilities.GetCapabilitiesLayerCrsTest"/>
  <testcase name="wmsCapabilitiesLayerCrs_Mandatory_EPSG_4326_Supported" time="0.004" classname="ets.wms13.core.dgiwg.testsuite.getcapabilities.GetCapabilitiesLayerCrsTest"/>
  <testcase name="wmsCapabilitiesLayerCrs_Mandatory_EPSG_4326_Supported" time="0.004" classname="ets.wms13.core.dgiwg.testsuite.getcapabilities.GetCapabilitiesLayerCrsTest"/>
  <testcase name="wmsCapabilitiesLayerCrs_AsAdvertised" time="1.298" classname="ets.wms13.core.dgiwg.testsuite.getcapabilities.GetCapabilitiesLayerCrsTest"/>
  <testcase name="wmsCapabilitiesLayerCrs_Mandatory_EPSG_4326_Supported" time="0.004" classname="ets.wms13.core.dgiwg.testsuite.getcapabilities.GetCapabilitiesLayerCrsTest"/>
  <testcase name="wmsCapabilitiesLayerCrs_Mandatory_EPSG_4326_Supported" time="0.002" classname="ets.wms13.core.dgiwg.testsuite.getcapabilities.GetCapabilitiesLayerCrsTest"/>
  <testcase name="wmsCapabilitiesLayerCrs_Mandatory_EPSG_4326_Supported" time="0.003" classname="ets.wms13.core.dgiwg.testsuite.getcapabilities.GetCapabilitiesLayerCrsTest"/>
  <testcase name="wmsCapabilitiesLayerCrs_Mandatory_EPSG_4326_Supported" time="0.003" classname="ets.wms13.core.dgiwg.testsuite.getcapabilities.GetCapabilitiesLayerCrsTest"/>
  <testcase name="wmsCapabilitiesLayerCrs_AsAdvertised" time="1.327" classname="ets.wms13.core.dgiwg.testsuite.getcapabilities.GetCapabilitiesLayerCrsTest"/>
  <testcase name="wmsCapabilitiesLayerCrs_Mandatory_EPSG_4326_Supported" time="0.006" classname="ets.wms13.core.dgiwg.testsuite.getcapabilities.GetCapabilitiesLayerCrsTest"/>
  <testcase name="wmsCapabilitiesLayerCrs_Mandatory_EPSG_4326_Supported" time="0.005" classname="ets.wms13.core.dgiwg.testsuite.getcapabilities.GetCapabilitiesLayerCrsTest"/>
  <testcase name="wmsCapabilitiesLayerCrs_Mandatory_EPSG_4326_Supported" time="0.003" classname="ets.wms13.core.dgiwg.testsuite.getcapabilities.GetCapabilitiesLayerCrsTest"/>
  <testcase name="wmsCapabilitiesLayerCrs_Mandatory_EPSG_4326_Supported" time="0.004" classname="ets.wms13.core.dgiwg.testsuite.getcapabilities.GetCapabilitiesLayerCrsTest"/>
  <testcase name="wmsCapabilitiesLayerCrs_AsAdvertised" time="4.299" classname="ets.wms13.core.dgiwg.testsuite.getcapabilities.GetCapabilitiesLayerCrsTest"/>
  <testcase name="wmsCapabilitiesLayerCrs_AsAdvertised" time="1.331" classname="ets.wms13.core.dgiwg.testsuite.getcapabilities.GetCapabilitiesLayerCrsTest"/>
  <testcase name="wmsCapabilitiesLayerCrs_Mandatory_EPSG_4326_Supported" time="0.003" classname="ets.wms13.core.dgiwg.testsuite.getcapabilities.GetCapabilitiesLayerCrsTest"/>
  <testcase name="wmsCapabilitiesLayerCrs_AsAdvertised" time="4.291" classname="ets.wms13.core.dgiwg.testsuite.getcapabilities.GetCapabilitiesLayerCrsTest"/>
  <testcase name="wmsCapabilitiesLayerCrs_AsAdvertised" time="1.305" classname="ets.wms13.core.dgiwg.testsuite.getcapabilities.GetCapabilitiesLayerCrsTest"/>
  <testcase name="wmsCapabilitiesLayerCrs_Mandatory_EPSG_4326_Supported" time="0.003" classname="ets.wms13.core.dgiwg.testsuite.getcapabilities.GetCapabilitiesLayerCrsTest"/>
  <testcase name="wmsCapabilitiesLayerCrs_Mandatory_EPSG_4326_Supported" time="0.003" classname="ets.wms13.core.dgiwg.testsuite.getcapabilities.GetCapabilitiesLayerCrsTest"/>
  <testcase name="wmsCapabilitiesLayerCrs_AsAdvertised" time="1.311" classname="ets.wms13.core.dgiwg.testsuite.getcapabilities.GetCapabilitiesLayerCrsTest"/>
  <testcase name="wmsCapabilitiesLayerCrs_Mandatory_EPSG_4326_Supported" time="0.004" classname="ets.wms13.core.dgiwg.testsuite.getcapabilities.GetCapabilitiesLayerCrsTest"/>
  <testcase name="wmsCapabilitiesLayerCrs_AsAdvertised" time="1.300" classname="ets.wms13.core.dgiwg.testsuite.getcapabilities.GetCapabilitiesLayerCrsTest"/>
  <testcase name="wmsCapabilitiesLayerCrs_Mandatory_EPSG_4326_Supported" time="0.003" classname="ets.wms13.core.dgiwg.testsuite.getcapabilities.GetCapabilitiesLayerCrsTest"/>
  <testcase name="wmsCapabilitiesLayerCrs_AsAdvertised" time="4.314" classname="ets.wms13.core.dgiwg.testsuite.getcapabilities.GetCapabilitiesLayerCrsTest"/>
  <testcase name="wmsCapabilitiesLayerCrs_Mandatory_EPSG_4326_Supported" time="0.005" classname="ets.wms13.core.dgiwg.testsuite.getcapabilities.GetCapabilitiesLayerCrsTest"/>
  <testcase name="wmsCapabilitiesLayerCrs_Mandatory_EPSG_4326_Supported" time="0.003" classname="ets.wms13.core.dgiwg.testsuite.getcapabilities.GetCapabilitiesLayerCrsTest"/>
  <testcase name="wmsCapabilitiesLayerCrs_Mandatory_EPSG_4326_Supported" time="0.002" classname="ets.wms13.core.dgiwg.testsuite.getcapabilities.GetCapabilitiesLayerCrsTest"/>
  <testcase name="wmsCapabilitiesLayerCrs_AsAdvertised" time="4.304" classname="ets.wms13.core.dgiwg.testsuite.getcapabilities.GetCapabilitiesLayerCrsTest"/>
  <testcase name="wmsCapabilitiesLayerCrs_AsAdvertised" time="1.337" classname="ets.wms13.core.dgiwg.testsuite.getcapabilities.GetCapabilitiesLayerCrsTest"/>
  <testcase name="wmsCapabilitiesLayerCrs_AsAdvertised" time="1.305" classname="ets.wms13.core.dgiwg.testsuite.getcapabilities.GetCapabilitiesLayerCrsTest"/>
  <testcase name="wmsCapabilitiesLayerCrs_AsAdvertised" time="13.297" classname="ets.wms13.core.dgiwg.testsuite.getcapabilities.GetCapabilitiesLayerCrsTest"/>
  <testcase name="wmsCapabilitiesLayerCrs_AsAdvertised" time="1.347" classname="ets.wms13.core.dgiwg.testsuite.getcapabilities.GetCapabilitiesLayerCrsTest"/>
  <testcase name="wmsCapabilitiesLayerCrs_AsAdvertised" time="4.338" classname="ets.wms13.core.dgiwg.testsuite.getcapabilities.GetCapabilitiesLayerCrsTest"/>
  <testcase name="wmsCapabilitiesLayerCrs_Mandatory_EPSG_4326_Supported" time="0.005" classname="ets.wms13.core.dgiwg.testsuite.getcapabilities.GetCapabilitiesLayerCrsTest"/>
  <testcase name="wmsCapabilitiesLayerCrs_Mandatory_EPSG_4326_Supported" time="0.004" classname="ets.wms13.core.dgiwg.testsuite.getcapabilities.GetCapabilitiesLayerCrsTest"/>
  <testcase name="wmsCapabilitiesLayerCrs_Mandatory_EPSG_4326_Supported" time="0.004" classname="ets.wms13.core.dgiwg.testsuite.getcapabilities.GetCapabilitiesLayerCrsTest"/>
</testsuite> <!-- ets.wms13.core.dgiwg.testsuite.getcapabilities.GetCapabilitiesLayerCrsTest -->
