<?xml version="1.0" encoding="UTF-8"?>
<!-- Generated by org.testng.reporters.JUnitReportReporter -->
<testsuite hostname="0519-EngrSvr02" name="nsg.wmts10.testsuite.getcapabilities.GetCapabilitiesOperations" tests="6" failures="0" timestamp="14 Jul 2017 13:14:17 GMT" time="0.406" errors="0">
  <testcase name="wmtsCapabilitiesOperationsMetadataExists" time="0.297" classname="nsg.wmts10.testsuite.getcapabilities.GetCapabilitiesOperations"/>
  <testcase name="wmtsCapabilitiesExists" time="0.000" classname="nsg.wmts10.testsuite.getcapabilities.GetCapabilitiesOperations"/>
  <testcase name="wmtsCapabilitiesValidated" time="0.015" classname="nsg.wmts10.testsuite.getcapabilities.GetCapabilitiesOperations"/>
  <testcase name="verifyGetCapabilitiesSupported" time="0.016" classname="nsg.wmts10.testsuite.getcapabilities.GetCapabilitiesOperations"/>
  <testcase name="wmtsCapabilitiesOperationsMetadataOperationExists" time="0.078" classname="nsg.wmts10.testsuite.getcapabilities.GetCapabilitiesOperations"/>
  <testcase name="wmtsCapabilitiesKVPRequestsExists" time="0.000" classname="nsg.wmts10.testsuite.getcapabilities.GetCapabilitiesOperations"/>
</testsuite> <!-- nsg.wmts10.testsuite.getcapabilities.GetCapabilitiesOperations -->
