<?xml version="1.0" encoding="UTF-8"?>
<!-- Generated by org.testng.reporters.JUnitReportReporter -->
<testsuite hostname="0519-EngrSvr02" name="ets.wms13.core.dgiwg.testsuite.getcapabilities.GetCapabilitiesRequestParameterTest" tests="1" failures="0" timestamp="26 Jun 2017 13:30:44 GMT" time="0.343" errors="0">
  <testcase name="wmsCapabilitiesOutputFormatParameterSupported" time="0.343" classname="ets.wms13.core.dgiwg.testsuite.getcapabilities.GetCapabilitiesRequestParameterTest"/>
</testsuite> <!-- ets.wms13.core.dgiwg.testsuite.getcapabilities.GetCapabilitiesRequestParameterTest -->
