<?xml version="1.0" encoding="UTF-8"?>
<!-- Generated by org.testng.reporters.JUnitReportReporter -->
<testsuite hostname="0519-EngrSvr02" name="nsg.wmts10.testsuite.getcapabilities.GetCapabilitiesKvpVersionTest" tests="3" failures="0" timestamp="14 Jul 2017 13:14:17 GMT" time="0.522" errors="0">
  <testcase name="verifyGetCapabilitiesSupported" time="0.000" classname="nsg.wmts10.testsuite.getcapabilities.GetCapabilitiesKvpVersionTest"/>
  <testcase name="wmtsGetCapabilitiesURLExists" time="0.000" classname="nsg.wmts10.testsuite.getcapabilities.GetCapabilitiesKvpVersionTest"/>
  <testcase name="wmtsCapabilitiesVersionTest" time="0.522" classname="nsg.wmts10.testsuite.getcapabilities.GetCapabilitiesKvpVersionTest"/>
</testsuite> <!-- nsg.wmts10.testsuite.getcapabilities.GetCapabilitiesKvpVersionTest -->
