<?xml version="1.0" encoding="UTF-8"?>
<!-- Generated by org.testng.reporters.JUnitReportReporter -->
<testsuite hostname="0519-EngrSvr02" name="ets.wms13.core.dgiwg.testsuite.getmap.GetMapLayerCrsTest" tests="132" failures="0" timestamp="26 Jun 2017 13:30:44 GMT" time="15.211" errors="66">
  <testcase name="wmsGetMapLayerCrs_Mandatory_EPSG_4326_Supported" time="0.139" classname="ets.wms13.core.dgiwg.testsuite.getmap.GetMapLayerCrsTest"/>
  <testcase name="wmsGetMapLayerCrs_Conditional_Supported" time="0.001" classname="ets.wms13.core.dgiwg.testsuite.getmap.GetMapLayerCrsTest">
    <error type="java.lang.AssertionError" message="Layer 9 does not support CRS EPSG:32661 expected [true] but found [false]">
      <![CDATA[java.lang.AssertionError: Layer 9 does not support CRS EPSG:32661 expected [true] but found [false]
	at org.testng.Assert.fail(Assert.java:94)
	at org.testng.Assert.failNotEquals(Assert.java:494)
	at org.testng.Assert.assertTrue(Assert.java:42)
	at ets.wms13.core.dgiwg.testsuite.getmap.GetMapLayerCrsTest.findBboxOrSkipTestIfCrsIsNotSupported(GetMapLayerCrsTest.java:118)
	at ets.wms13.core.dgiwg.testsuite.getmap.GetMapLayerCrsTest.sendGetMapCrsRequest(GetMapLayerCrsTest.java:126)
	at ets.wms13.core.dgiwg.testsuite.getmap.GetMapLayerCrsTest.wmsGetMapLayerCrs_Conditional_Supported(GetMapLayerCrsTest.java:97)
	at sun.reflect.NativeMethodAccessorImpl.invoke0(Native Method)
	at sun.reflect.NativeMethodAccessorImpl.invoke(NativeMethodAccessorImpl.java:62)
	at sun.reflect.DelegatingMethodAccessorImpl.invoke(DelegatingMethodAccessorImpl.java:43)
	at java.lang.reflect.Method.invoke(Method.java:498)
	at org.testng.internal.MethodInvocationHelper.invokeMethod(MethodInvocationHelper.java:84)
	at org.testng.internal.Invoker.invokeMethod(Invoker.java:714)
	at org.testng.internal.Invoker.invokeTestMethod(Invoker.java:901)
	at org.testng.internal.Invoker.invokeTestMethods(Invoker.java:1231)
	at org.testng.internal.TestMethodWorker.invokeTestMethods(TestMethodWorker.java:127)
	at org.testng.internal.TestMethodWorker.run(TestMethodWorker.java:111)
	at org.testng.TestRunner.privateRun(TestRunner.java:767)
	at org.testng.TestRunner.run(TestRunner.java:617)
	at org.testng.SuiteRunner.runTest(SuiteRunner.java:348)
	at org.testng.SuiteRunner.runSequentially(SuiteRunner.java:343)
	at org.testng.SuiteRunner.privateRun(SuiteRunner.java:305)
	at org.testng.SuiteRunner.run(SuiteRunner.java:254)
	at org.testng.SuiteRunnerWorker.runSuite(SuiteRunnerWorker.java:52)
	at org.testng.SuiteRunnerWorker.run(SuiteRunnerWorker.java:86)
	at org.testng.TestNG.runSuitesSequentially(TestNG.java:1224)
	at org.testng.TestNG.runSuitesLocally(TestNG.java:1149)
	at org.testng.TestNG.run(TestNG.java:1057)
	at org.testng.remote.AbstractRemoteTestNG.run(AbstractRemoteTestNG.java:132)
	at org.testng.remote.RemoteTestNG.initAndRun(RemoteTestNG.java:230)
	at org.testng.remote.RemoteTestNG.main(RemoteTestNG.java:76)
]]>
    </error>
  </testcase> <!-- wmsGetMapLayerCrs_Conditional_Supported -->
  <testcase name="wmsGetMapLayerCrs_Conditional_Supported" time="0.001" classname="ets.wms13.core.dgiwg.testsuite.getmap.GetMapLayerCrsTest">
    <error type="java.lang.AssertionError" message="Layer 12 does not support CRS EPSG:32661 expected [true] but found [false]">
      <![CDATA[java.lang.AssertionError: Layer 12 does not support CRS EPSG:32661 expected [true] but found [false]
	at org.testng.Assert.fail(Assert.java:94)
	at org.testng.Assert.failNotEquals(Assert.java:494)
	at org.testng.Assert.assertTrue(Assert.java:42)
	at ets.wms13.core.dgiwg.testsuite.getmap.GetMapLayerCrsTest.findBboxOrSkipTestIfCrsIsNotSupported(GetMapLayerCrsTest.java:118)
	at ets.wms13.core.dgiwg.testsuite.getmap.GetMapLayerCrsTest.sendGetMapCrsRequest(GetMapLayerCrsTest.java:126)
	at ets.wms13.core.dgiwg.testsuite.getmap.GetMapLayerCrsTest.wmsGetMapLayerCrs_Conditional_Supported(GetMapLayerCrsTest.java:97)
	at sun.reflect.NativeMethodAccessorImpl.invoke0(Native Method)
	at sun.reflect.NativeMethodAccessorImpl.invoke(NativeMethodAccessorImpl.java:62)
	at sun.reflect.DelegatingMethodAccessorImpl.invoke(DelegatingMethodAccessorImpl.java:43)
	at java.lang.reflect.Method.invoke(Method.java:498)
	at org.testng.internal.MethodInvocationHelper.invokeMethod(MethodInvocationHelper.java:84)
	at org.testng.internal.Invoker.invokeMethod(Invoker.java:714)
	at org.testng.internal.Invoker.invokeTestMethod(Invoker.java:901)
	at org.testng.internal.Invoker.invokeTestMethods(Invoker.java:1231)
	at org.testng.internal.TestMethodWorker.invokeTestMethods(TestMethodWorker.java:127)
	at org.testng.internal.TestMethodWorker.run(TestMethodWorker.java:111)
	at org.testng.TestRunner.privateRun(TestRunner.java:767)
	at org.testng.TestRunner.run(TestRunner.java:617)
	at org.testng.SuiteRunner.runTest(SuiteRunner.java:348)
	at org.testng.SuiteRunner.runSequentially(SuiteRunner.java:343)
	at org.testng.SuiteRunner.privateRun(SuiteRunner.java:305)
	at org.testng.SuiteRunner.run(SuiteRunner.java:254)
	at org.testng.SuiteRunnerWorker.runSuite(SuiteRunnerWorker.java:52)
	at org.testng.SuiteRunnerWorker.run(SuiteRunnerWorker.java:86)
	at org.testng.TestNG.runSuitesSequentially(TestNG.java:1224)
	at org.testng.TestNG.runSuitesLocally(TestNG.java:1149)
	at org.testng.TestNG.run(TestNG.java:1057)
	at org.testng.remote.AbstractRemoteTestNG.run(AbstractRemoteTestNG.java:132)
	at org.testng.remote.RemoteTestNG.initAndRun(RemoteTestNG.java:230)
	at org.testng.remote.RemoteTestNG.main(RemoteTestNG.java:76)
]]>
    </error>
  </testcase> <!-- wmsGetMapLayerCrs_Conditional_Supported -->
  <testcase name="wmsGetMapLayerCrs_Mandatory_EPSG_4326_Supported" time="0.121" classname="ets.wms13.core.dgiwg.testsuite.getmap.GetMapLayerCrsTest"/>
  <testcase name="wmsGetMapLayerCrs_Mandatory_EPSG_3395_Supported" time="0.000" classname="ets.wms13.core.dgiwg.testsuite.getmap.GetMapLayerCrsTest">
    <error type="java.lang.AssertionError" message="Layer 22 does not support CRS EPSG:3395 expected [true] but found [false]">
      <![CDATA[java.lang.AssertionError: Layer 22 does not support CRS EPSG:3395 expected [true] but found [false]
	at org.testng.Assert.fail(Assert.java:94)
	at org.testng.Assert.failNotEquals(Assert.java:494)
	at org.testng.Assert.assertTrue(Assert.java:42)
	at ets.wms13.core.dgiwg.testsuite.getmap.GetMapLayerCrsTest.findBboxOrSkipTestIfCrsIsNotSupported(GetMapLayerCrsTest.java:118)
	at ets.wms13.core.dgiwg.testsuite.getmap.GetMapLayerCrsTest.sendGetMapCrsRequest(GetMapLayerCrsTest.java:126)
	at ets.wms13.core.dgiwg.testsuite.getmap.GetMapLayerCrsTest.wmsGetMapLayerCrs_Mandatory_EPSG_3395_Supported(GetMapLayerCrsTest.java:85)
	at sun.reflect.GeneratedMethodAccessor8.invoke(Unknown Source)
	at sun.reflect.DelegatingMethodAccessorImpl.invoke(DelegatingMethodAccessorImpl.java:43)
	at java.lang.reflect.Method.invoke(Method.java:498)
	at org.testng.internal.MethodInvocationHelper.invokeMethod(MethodInvocationHelper.java:84)
	at org.testng.internal.Invoker.invokeMethod(Invoker.java:714)
	at org.testng.internal.Invoker.invokeTestMethod(Invoker.java:901)
	at org.testng.internal.Invoker.invokeTestMethods(Invoker.java:1231)
	at org.testng.internal.TestMethodWorker.invokeTestMethods(TestMethodWorker.java:127)
	at org.testng.internal.TestMethodWorker.run(TestMethodWorker.java:111)
	at org.testng.TestRunner.privateRun(TestRunner.java:767)
	at org.testng.TestRunner.run(TestRunner.java:617)
	at org.testng.SuiteRunner.runTest(SuiteRunner.java:348)
	at org.testng.SuiteRunner.runSequentially(SuiteRunner.java:343)
	at org.testng.SuiteRunner.privateRun(SuiteRunner.java:305)
	at org.testng.SuiteRunner.run(SuiteRunner.java:254)
	at org.testng.SuiteRunnerWorker.runSuite(SuiteRunnerWorker.java:52)
	at org.testng.SuiteRunnerWorker.run(SuiteRunnerWorker.java:86)
	at org.testng.TestNG.runSuitesSequentially(TestNG.java:1224)
	at org.testng.TestNG.runSuitesLocally(TestNG.java:1149)
	at org.testng.TestNG.run(TestNG.java:1057)
	at org.testng.remote.AbstractRemoteTestNG.run(AbstractRemoteTestNG.java:132)
	at org.testng.remote.RemoteTestNG.initAndRun(RemoteTestNG.java:230)
	at org.testng.remote.RemoteTestNG.main(RemoteTestNG.java:76)
]]>
    </error>
  </testcase> <!-- wmsGetMapLayerCrs_Mandatory_EPSG_3395_Supported -->
  <testcase name="wmsGetMapLayerCrs_Mandatory_CRS_84_Supported" time="0.204" classname="ets.wms13.core.dgiwg.testsuite.getmap.GetMapLayerCrsTest"/>
  <testcase name="wmsGetMapLayerCrs_Conditional_Supported" time="0.002" classname="ets.wms13.core.dgiwg.testsuite.getmap.GetMapLayerCrsTest">
    <error type="java.lang.AssertionError" message="Layer 10 does not support CRS EPSG:32661 expected [true] but found [false]">
      <![CDATA[java.lang.AssertionError: Layer 10 does not support CRS EPSG:32661 expected [true] but found [false]
	at org.testng.Assert.fail(Assert.java:94)
	at org.testng.Assert.failNotEquals(Assert.java:494)
	at org.testng.Assert.assertTrue(Assert.java:42)
	at ets.wms13.core.dgiwg.testsuite.getmap.GetMapLayerCrsTest.findBboxOrSkipTestIfCrsIsNotSupported(GetMapLayerCrsTest.java:118)
	at ets.wms13.core.dgiwg.testsuite.getmap.GetMapLayerCrsTest.sendGetMapCrsRequest(GetMapLayerCrsTest.java:126)
	at ets.wms13.core.dgiwg.testsuite.getmap.GetMapLayerCrsTest.wmsGetMapLayerCrs_Conditional_Supported(GetMapLayerCrsTest.java:97)
	at sun.reflect.NativeMethodAccessorImpl.invoke0(Native Method)
	at sun.reflect.NativeMethodAccessorImpl.invoke(NativeMethodAccessorImpl.java:62)
	at sun.reflect.DelegatingMethodAccessorImpl.invoke(DelegatingMethodAccessorImpl.java:43)
	at java.lang.reflect.Method.invoke(Method.java:498)
	at org.testng.internal.MethodInvocationHelper.invokeMethod(MethodInvocationHelper.java:84)
	at org.testng.internal.Invoker.invokeMethod(Invoker.java:714)
	at org.testng.internal.Invoker.invokeTestMethod(Invoker.java:901)
	at org.testng.internal.Invoker.invokeTestMethods(Invoker.java:1231)
	at org.testng.internal.TestMethodWorker.invokeTestMethods(TestMethodWorker.java:127)
	at org.testng.internal.TestMethodWorker.run(TestMethodWorker.java:111)
	at org.testng.TestRunner.privateRun(TestRunner.java:767)
	at org.testng.TestRunner.run(TestRunner.java:617)
	at org.testng.SuiteRunner.runTest(SuiteRunner.java:348)
	at org.testng.SuiteRunner.runSequentially(SuiteRunner.java:343)
	at org.testng.SuiteRunner.privateRun(SuiteRunner.java:305)
	at org.testng.SuiteRunner.run(SuiteRunner.java:254)
	at org.testng.SuiteRunnerWorker.runSuite(SuiteRunnerWorker.java:52)
	at org.testng.SuiteRunnerWorker.run(SuiteRunnerWorker.java:86)
	at org.testng.TestNG.runSuitesSequentially(TestNG.java:1224)
	at org.testng.TestNG.runSuitesLocally(TestNG.java:1149)
	at org.testng.TestNG.run(TestNG.java:1057)
	at org.testng.remote.AbstractRemoteTestNG.run(AbstractRemoteTestNG.java:132)
	at org.testng.remote.RemoteTestNG.initAndRun(RemoteTestNG.java:230)
	at org.testng.remote.RemoteTestNG.main(RemoteTestNG.java:76)
]]>
    </error>
  </testcase> <!-- wmsGetMapLayerCrs_Conditional_Supported -->
  <testcase name="wmsGetMapLayerCrs_Mandatory_EPSG_4326_Supported" time="0.122" classname="ets.wms13.core.dgiwg.testsuite.getmap.GetMapLayerCrsTest"/>
  <testcase name="wmsGetMapLayerCrs_Conditional_Supported" time="0.005" classname="ets.wms13.core.dgiwg.testsuite.getmap.GetMapLayerCrsTest">
    <error type="java.lang.AssertionError" message="Layer 0 does not support CRS EPSG:32661 expected [true] but found [false]">
      <![CDATA[java.lang.AssertionError: Layer 0 does not support CRS EPSG:32661 expected [true] but found [false]
	at org.testng.Assert.fail(Assert.java:94)
	at org.testng.Assert.failNotEquals(Assert.java:494)
	at org.testng.Assert.assertTrue(Assert.java:42)
	at ets.wms13.core.dgiwg.testsuite.getmap.GetMapLayerCrsTest.findBboxOrSkipTestIfCrsIsNotSupported(GetMapLayerCrsTest.java:118)
	at ets.wms13.core.dgiwg.testsuite.getmap.GetMapLayerCrsTest.sendGetMapCrsRequest(GetMapLayerCrsTest.java:126)
	at ets.wms13.core.dgiwg.testsuite.getmap.GetMapLayerCrsTest.wmsGetMapLayerCrs_Conditional_Supported(GetMapLayerCrsTest.java:97)
	at sun.reflect.NativeMethodAccessorImpl.invoke0(Native Method)
	at sun.reflect.NativeMethodAccessorImpl.invoke(NativeMethodAccessorImpl.java:62)
	at sun.reflect.DelegatingMethodAccessorImpl.invoke(DelegatingMethodAccessorImpl.java:43)
	at java.lang.reflect.Method.invoke(Method.java:498)
	at org.testng.internal.MethodInvocationHelper.invokeMethod(MethodInvocationHelper.java:84)
	at org.testng.internal.Invoker.invokeMethod(Invoker.java:714)
	at org.testng.internal.Invoker.invokeTestMethod(Invoker.java:901)
	at org.testng.internal.Invoker.invokeTestMethods(Invoker.java:1231)
	at org.testng.internal.TestMethodWorker.invokeTestMethods(TestMethodWorker.java:127)
	at org.testng.internal.TestMethodWorker.run(TestMethodWorker.java:111)
	at org.testng.TestRunner.privateRun(TestRunner.java:767)
	at org.testng.TestRunner.run(TestRunner.java:617)
	at org.testng.SuiteRunner.runTest(SuiteRunner.java:348)
	at org.testng.SuiteRunner.runSequentially(SuiteRunner.java:343)
	at org.testng.SuiteRunner.privateRun(SuiteRunner.java:305)
	at org.testng.SuiteRunner.run(SuiteRunner.java:254)
	at org.testng.SuiteRunnerWorker.runSuite(SuiteRunnerWorker.java:52)
	at org.testng.SuiteRunnerWorker.run(SuiteRunnerWorker.java:86)
	at org.testng.TestNG.runSuitesSequentially(TestNG.java:1224)
	at org.testng.TestNG.runSuitesLocally(TestNG.java:1149)
	at org.testng.TestNG.run(TestNG.java:1057)
	at org.testng.remote.AbstractRemoteTestNG.run(AbstractRemoteTestNG.java:132)
	at org.testng.remote.RemoteTestNG.initAndRun(RemoteTestNG.java:230)
	at org.testng.remote.RemoteTestNG.main(RemoteTestNG.java:76)
]]>
    </error>
  </testcase> <!-- wmsGetMapLayerCrs_Conditional_Supported -->
  <testcase name="wmsGetMapLayerCrs_Mandatory_EPSG_3395_Supported" time="0.001" classname="ets.wms13.core.dgiwg.testsuite.getmap.GetMapLayerCrsTest">
    <error type="java.lang.AssertionError" message="Layer 10 does not support CRS EPSG:3395 expected [true] but found [false]">
      <![CDATA[java.lang.AssertionError: Layer 10 does not support CRS EPSG:3395 expected [true] but found [false]
	at org.testng.Assert.fail(Assert.java:94)
	at org.testng.Assert.failNotEquals(Assert.java:494)
	at org.testng.Assert.assertTrue(Assert.java:42)
	at ets.wms13.core.dgiwg.testsuite.getmap.GetMapLayerCrsTest.findBboxOrSkipTestIfCrsIsNotSupported(GetMapLayerCrsTest.java:118)
	at ets.wms13.core.dgiwg.testsuite.getmap.GetMapLayerCrsTest.sendGetMapCrsRequest(GetMapLayerCrsTest.java:126)
	at ets.wms13.core.dgiwg.testsuite.getmap.GetMapLayerCrsTest.wmsGetMapLayerCrs_Mandatory_EPSG_3395_Supported(GetMapLayerCrsTest.java:85)
	at sun.reflect.NativeMethodAccessorImpl.invoke0(Native Method)
	at sun.reflect.NativeMethodAccessorImpl.invoke(NativeMethodAccessorImpl.java:62)
	at sun.reflect.DelegatingMethodAccessorImpl.invoke(DelegatingMethodAccessorImpl.java:43)
	at java.lang.reflect.Method.invoke(Method.java:498)
	at org.testng.internal.MethodInvocationHelper.invokeMethod(MethodInvocationHelper.java:84)
	at org.testng.internal.Invoker.invokeMethod(Invoker.java:714)
	at org.testng.internal.Invoker.invokeTestMethod(Invoker.java:901)
	at org.testng.internal.Invoker.invokeTestMethods(Invoker.java:1231)
	at org.testng.internal.TestMethodWorker.invokeTestMethods(TestMethodWorker.java:127)
	at org.testng.internal.TestMethodWorker.run(TestMethodWorker.java:111)
	at org.testng.TestRunner.privateRun(TestRunner.java:767)
	at org.testng.TestRunner.run(TestRunner.java:617)
	at org.testng.SuiteRunner.runTest(SuiteRunner.java:348)
	at org.testng.SuiteRunner.runSequentially(SuiteRunner.java:343)
	at org.testng.SuiteRunner.privateRun(SuiteRunner.java:305)
	at org.testng.SuiteRunner.run(SuiteRunner.java:254)
	at org.testng.SuiteRunnerWorker.runSuite(SuiteRunnerWorker.java:52)
	at org.testng.SuiteRunnerWorker.run(SuiteRunnerWorker.java:86)
	at org.testng.TestNG.runSuitesSequentially(TestNG.java:1224)
	at org.testng.TestNG.runSuitesLocally(TestNG.java:1149)
	at org.testng.TestNG.run(TestNG.java:1057)
	at org.testng.remote.AbstractRemoteTestNG.run(AbstractRemoteTestNG.java:132)
	at org.testng.remote.RemoteTestNG.initAndRun(RemoteTestNG.java:230)
	at org.testng.remote.RemoteTestNG.main(RemoteTestNG.java:76)
]]>
    </error>
  </testcase> <!-- wmsGetMapLayerCrs_Mandatory_EPSG_3395_Supported -->
  <testcase name="wmsGetMapLayerCrs_Mandatory_EPSG_3395_Supported" time="0.001" classname="ets.wms13.core.dgiwg.testsuite.getmap.GetMapLayerCrsTest">
    <error type="java.lang.AssertionError" message="Layer 16 does not support CRS EPSG:3395 expected [true] but found [false]">
      <![CDATA[java.lang.AssertionError: Layer 16 does not support CRS EPSG:3395 expected [true] but found [false]
	at org.testng.Assert.fail(Assert.java:94)
	at org.testng.Assert.failNotEquals(Assert.java:494)
	at org.testng.Assert.assertTrue(Assert.java:42)
	at ets.wms13.core.dgiwg.testsuite.getmap.GetMapLayerCrsTest.findBboxOrSkipTestIfCrsIsNotSupported(GetMapLayerCrsTest.java:118)
	at ets.wms13.core.dgiwg.testsuite.getmap.GetMapLayerCrsTest.sendGetMapCrsRequest(GetMapLayerCrsTest.java:126)
	at ets.wms13.core.dgiwg.testsuite.getmap.GetMapLayerCrsTest.wmsGetMapLayerCrs_Mandatory_EPSG_3395_Supported(GetMapLayerCrsTest.java:85)
	at sun.reflect.GeneratedMethodAccessor8.invoke(Unknown Source)
	at sun.reflect.DelegatingMethodAccessorImpl.invoke(DelegatingMethodAccessorImpl.java:43)
	at java.lang.reflect.Method.invoke(Method.java:498)
	at org.testng.internal.MethodInvocationHelper.invokeMethod(MethodInvocationHelper.java:84)
	at org.testng.internal.Invoker.invokeMethod(Invoker.java:714)
	at org.testng.internal.Invoker.invokeTestMethod(Invoker.java:901)
	at org.testng.internal.Invoker.invokeTestMethods(Invoker.java:1231)
	at org.testng.internal.TestMethodWorker.invokeTestMethods(TestMethodWorker.java:127)
	at org.testng.internal.TestMethodWorker.run(TestMethodWorker.java:111)
	at org.testng.TestRunner.privateRun(TestRunner.java:767)
	at org.testng.TestRunner.run(TestRunner.java:617)
	at org.testng.SuiteRunner.runTest(SuiteRunner.java:348)
	at org.testng.SuiteRunner.runSequentially(SuiteRunner.java:343)
	at org.testng.SuiteRunner.privateRun(SuiteRunner.java:305)
	at org.testng.SuiteRunner.run(SuiteRunner.java:254)
	at org.testng.SuiteRunnerWorker.runSuite(SuiteRunnerWorker.java:52)
	at org.testng.SuiteRunnerWorker.run(SuiteRunnerWorker.java:86)
	at org.testng.TestNG.runSuitesSequentially(TestNG.java:1224)
	at org.testng.TestNG.runSuitesLocally(TestNG.java:1149)
	at org.testng.TestNG.run(TestNG.java:1057)
	at org.testng.remote.AbstractRemoteTestNG.run(AbstractRemoteTestNG.java:132)
	at org.testng.remote.RemoteTestNG.initAndRun(RemoteTestNG.java:230)
	at org.testng.remote.RemoteTestNG.main(RemoteTestNG.java:76)
]]>
    </error>
  </testcase> <!-- wmsGetMapLayerCrs_Mandatory_EPSG_3395_Supported -->
  <testcase name="wmsGetMapLayerCrs_Conditional_Supported" time="0.001" classname="ets.wms13.core.dgiwg.testsuite.getmap.GetMapLayerCrsTest">
    <error type="java.lang.AssertionError" message="Layer 23 does not support CRS EPSG:32661 expected [true] but found [false]">
      <![CDATA[java.lang.AssertionError: Layer 23 does not support CRS EPSG:32661 expected [true] but found [false]
	at org.testng.Assert.fail(Assert.java:94)
	at org.testng.Assert.failNotEquals(Assert.java:494)
	at org.testng.Assert.assertTrue(Assert.java:42)
	at ets.wms13.core.dgiwg.testsuite.getmap.GetMapLayerCrsTest.findBboxOrSkipTestIfCrsIsNotSupported(GetMapLayerCrsTest.java:118)
	at ets.wms13.core.dgiwg.testsuite.getmap.GetMapLayerCrsTest.sendGetMapCrsRequest(GetMapLayerCrsTest.java:126)
	at ets.wms13.core.dgiwg.testsuite.getmap.GetMapLayerCrsTest.wmsGetMapLayerCrs_Conditional_Supported(GetMapLayerCrsTest.java:97)
	at sun.reflect.GeneratedMethodAccessor6.invoke(Unknown Source)
	at sun.reflect.DelegatingMethodAccessorImpl.invoke(DelegatingMethodAccessorImpl.java:43)
	at java.lang.reflect.Method.invoke(Method.java:498)
	at org.testng.internal.MethodInvocationHelper.invokeMethod(MethodInvocationHelper.java:84)
	at org.testng.internal.Invoker.invokeMethod(Invoker.java:714)
	at org.testng.internal.Invoker.invokeTestMethod(Invoker.java:901)
	at org.testng.internal.Invoker.invokeTestMethods(Invoker.java:1231)
	at org.testng.internal.TestMethodWorker.invokeTestMethods(TestMethodWorker.java:127)
	at org.testng.internal.TestMethodWorker.run(TestMethodWorker.java:111)
	at org.testng.TestRunner.privateRun(TestRunner.java:767)
	at org.testng.TestRunner.run(TestRunner.java:617)
	at org.testng.SuiteRunner.runTest(SuiteRunner.java:348)
	at org.testng.SuiteRunner.runSequentially(SuiteRunner.java:343)
	at org.testng.SuiteRunner.privateRun(SuiteRunner.java:305)
	at org.testng.SuiteRunner.run(SuiteRunner.java:254)
	at org.testng.SuiteRunnerWorker.runSuite(SuiteRunnerWorker.java:52)
	at org.testng.SuiteRunnerWorker.run(SuiteRunnerWorker.java:86)
	at org.testng.TestNG.runSuitesSequentially(TestNG.java:1224)
	at org.testng.TestNG.runSuitesLocally(TestNG.java:1149)
	at org.testng.TestNG.run(TestNG.java:1057)
	at org.testng.remote.AbstractRemoteTestNG.run(AbstractRemoteTestNG.java:132)
	at org.testng.remote.RemoteTestNG.initAndRun(RemoteTestNG.java:230)
	at org.testng.remote.RemoteTestNG.main(RemoteTestNG.java:76)
]]>
    </error>
  </testcase> <!-- wmsGetMapLayerCrs_Conditional_Supported -->
  <testcase name="wmsGetMapLayerCrs_Mandatory_CRS_84_Supported" time="0.118" classname="ets.wms13.core.dgiwg.testsuite.getmap.GetMapLayerCrsTest"/>
  <testcase name="wmsGetMapLayerCrs_Mandatory_CRS_84_Supported" time="0.123" classname="ets.wms13.core.dgiwg.testsuite.getmap.GetMapLayerCrsTest"/>
  <testcase name="wmsGetMapLayerCrs_Mandatory_EPSG_4326_Supported" time="0.115" classname="ets.wms13.core.dgiwg.testsuite.getmap.GetMapLayerCrsTest"/>
  <testcase name="wmsGetMapLayerCrs_Mandatory_EPSG_3395_Supported" time="0.001" classname="ets.wms13.core.dgiwg.testsuite.getmap.GetMapLayerCrsTest">
    <error type="java.lang.AssertionError" message="Layer 18 does not support CRS EPSG:3395 expected [true] but found [false]">
      <![CDATA[java.lang.AssertionError: Layer 18 does not support CRS EPSG:3395 expected [true] but found [false]
	at org.testng.Assert.fail(Assert.java:94)
	at org.testng.Assert.failNotEquals(Assert.java:494)
	at org.testng.Assert.assertTrue(Assert.java:42)
	at ets.wms13.core.dgiwg.testsuite.getmap.GetMapLayerCrsTest.findBboxOrSkipTestIfCrsIsNotSupported(GetMapLayerCrsTest.java:118)
	at ets.wms13.core.dgiwg.testsuite.getmap.GetMapLayerCrsTest.sendGetMapCrsRequest(GetMapLayerCrsTest.java:126)
	at ets.wms13.core.dgiwg.testsuite.getmap.GetMapLayerCrsTest.wmsGetMapLayerCrs_Mandatory_EPSG_3395_Supported(GetMapLayerCrsTest.java:85)
	at sun.reflect.GeneratedMethodAccessor8.invoke(Unknown Source)
	at sun.reflect.DelegatingMethodAccessorImpl.invoke(DelegatingMethodAccessorImpl.java:43)
	at java.lang.reflect.Method.invoke(Method.java:498)
	at org.testng.internal.MethodInvocationHelper.invokeMethod(MethodInvocationHelper.java:84)
	at org.testng.internal.Invoker.invokeMethod(Invoker.java:714)
	at org.testng.internal.Invoker.invokeTestMethod(Invoker.java:901)
	at org.testng.internal.Invoker.invokeTestMethods(Invoker.java:1231)
	at org.testng.internal.TestMethodWorker.invokeTestMethods(TestMethodWorker.java:127)
	at org.testng.internal.TestMethodWorker.run(TestMethodWorker.java:111)
	at org.testng.TestRunner.privateRun(TestRunner.java:767)
	at org.testng.TestRunner.run(TestRunner.java:617)
	at org.testng.SuiteRunner.runTest(SuiteRunner.java:348)
	at org.testng.SuiteRunner.runSequentially(SuiteRunner.java:343)
	at org.testng.SuiteRunner.privateRun(SuiteRunner.java:305)
	at org.testng.SuiteRunner.run(SuiteRunner.java:254)
	at org.testng.SuiteRunnerWorker.runSuite(SuiteRunnerWorker.java:52)
	at org.testng.SuiteRunnerWorker.run(SuiteRunnerWorker.java:86)
	at org.testng.TestNG.runSuitesSequentially(TestNG.java:1224)
	at org.testng.TestNG.runSuitesLocally(TestNG.java:1149)
	at org.testng.TestNG.run(TestNG.java:1057)
	at org.testng.remote.AbstractRemoteTestNG.run(AbstractRemoteTestNG.java:132)
	at org.testng.remote.RemoteTestNG.initAndRun(RemoteTestNG.java:230)
	at org.testng.remote.RemoteTestNG.main(RemoteTestNG.java:76)
]]>
    </error>
  </testcase> <!-- wmsGetMapLayerCrs_Mandatory_EPSG_3395_Supported -->
  <testcase name="wmsGetMapLayerCrs_Mandatory_EPSG_3395_Supported" time="0.002" classname="ets.wms13.core.dgiwg.testsuite.getmap.GetMapLayerCrsTest">
    <error type="java.lang.AssertionError" message="Layer 13 does not support CRS EPSG:3395 expected [true] but found [false]">
      <![CDATA[java.lang.AssertionError: Layer 13 does not support CRS EPSG:3395 expected [true] but found [false]
	at org.testng.Assert.fail(Assert.java:94)
	at org.testng.Assert.failNotEquals(Assert.java:494)
	at org.testng.Assert.assertTrue(Assert.java:42)
	at ets.wms13.core.dgiwg.testsuite.getmap.GetMapLayerCrsTest.findBboxOrSkipTestIfCrsIsNotSupported(GetMapLayerCrsTest.java:118)
	at ets.wms13.core.dgiwg.testsuite.getmap.GetMapLayerCrsTest.sendGetMapCrsRequest(GetMapLayerCrsTest.java:126)
	at ets.wms13.core.dgiwg.testsuite.getmap.GetMapLayerCrsTest.wmsGetMapLayerCrs_Mandatory_EPSG_3395_Supported(GetMapLayerCrsTest.java:85)
	at sun.reflect.NativeMethodAccessorImpl.invoke0(Native Method)
	at sun.reflect.NativeMethodAccessorImpl.invoke(NativeMethodAccessorImpl.java:62)
	at sun.reflect.DelegatingMethodAccessorImpl.invoke(DelegatingMethodAccessorImpl.java:43)
	at java.lang.reflect.Method.invoke(Method.java:498)
	at org.testng.internal.MethodInvocationHelper.invokeMethod(MethodInvocationHelper.java:84)
	at org.testng.internal.Invoker.invokeMethod(Invoker.java:714)
	at org.testng.internal.Invoker.invokeTestMethod(Invoker.java:901)
	at org.testng.internal.Invoker.invokeTestMethods(Invoker.java:1231)
	at org.testng.internal.TestMethodWorker.invokeTestMethods(TestMethodWorker.java:127)
	at org.testng.internal.TestMethodWorker.run(TestMethodWorker.java:111)
	at org.testng.TestRunner.privateRun(TestRunner.java:767)
	at org.testng.TestRunner.run(TestRunner.java:617)
	at org.testng.SuiteRunner.runTest(SuiteRunner.java:348)
	at org.testng.SuiteRunner.runSequentially(SuiteRunner.java:343)
	at org.testng.SuiteRunner.privateRun(SuiteRunner.java:305)
	at org.testng.SuiteRunner.run(SuiteRunner.java:254)
	at org.testng.SuiteRunnerWorker.runSuite(SuiteRunnerWorker.java:52)
	at org.testng.SuiteRunnerWorker.run(SuiteRunnerWorker.java:86)
	at org.testng.TestNG.runSuitesSequentially(TestNG.java:1224)
	at org.testng.TestNG.runSuitesLocally(TestNG.java:1149)
	at org.testng.TestNG.run(TestNG.java:1057)
	at org.testng.remote.AbstractRemoteTestNG.run(AbstractRemoteTestNG.java:132)
	at org.testng.remote.RemoteTestNG.initAndRun(RemoteTestNG.java:230)
	at org.testng.remote.RemoteTestNG.main(RemoteTestNG.java:76)
]]>
    </error>
  </testcase> <!-- wmsGetMapLayerCrs_Mandatory_EPSG_3395_Supported -->
  <testcase name="wmsGetMapLayerCrs_Mandatory_EPSG_4326_Supported" time="0.117" classname="ets.wms13.core.dgiwg.testsuite.getmap.GetMapLayerCrsTest"/>
  <testcase name="wmsGetMapLayerCrs_Mandatory_CRS_84_Supported" time="0.120" classname="ets.wms13.core.dgiwg.testsuite.getmap.GetMapLayerCrsTest"/>
  <testcase name="wmsGetMapLayerCrs_Mandatory_CRS_84_Supported" time="0.120" classname="ets.wms13.core.dgiwg.testsuite.getmap.GetMapLayerCrsTest"/>
  <testcase name="wmsGetMapLayerCrs_Mandatory_EPSG_4326_Supported" time="0.118" classname="ets.wms13.core.dgiwg.testsuite.getmap.GetMapLayerCrsTest"/>
  <testcase name="wmsGetMapLayerCrs_Conditional_Supported" time="0.001" classname="ets.wms13.core.dgiwg.testsuite.getmap.GetMapLayerCrsTest">
    <error type="java.lang.AssertionError" message="Layer 20 does not support CRS EPSG:32615 expected [true] but found [false]">
      <![CDATA[java.lang.AssertionError: Layer 20 does not support CRS EPSG:32615 expected [true] but found [false]
	at org.testng.Assert.fail(Assert.java:94)
	at org.testng.Assert.failNotEquals(Assert.java:494)
	at org.testng.Assert.assertTrue(Assert.java:42)
	at ets.wms13.core.dgiwg.testsuite.getmap.GetMapLayerCrsTest.findBboxOrSkipTestIfCrsIsNotSupported(GetMapLayerCrsTest.java:118)
	at ets.wms13.core.dgiwg.testsuite.getmap.GetMapLayerCrsTest.sendGetMapCrsRequest(GetMapLayerCrsTest.java:126)
	at ets.wms13.core.dgiwg.testsuite.getmap.GetMapLayerCrsTest.wmsGetMapLayerCrs_Conditional_Supported(GetMapLayerCrsTest.java:97)
	at sun.reflect.GeneratedMethodAccessor6.invoke(Unknown Source)
	at sun.reflect.DelegatingMethodAccessorImpl.invoke(DelegatingMethodAccessorImpl.java:43)
	at java.lang.reflect.Method.invoke(Method.java:498)
	at org.testng.internal.MethodInvocationHelper.invokeMethod(MethodInvocationHelper.java:84)
	at org.testng.internal.Invoker.invokeMethod(Invoker.java:714)
	at org.testng.internal.Invoker.invokeTestMethod(Invoker.java:901)
	at org.testng.internal.Invoker.invokeTestMethods(Invoker.java:1231)
	at org.testng.internal.TestMethodWorker.invokeTestMethods(TestMethodWorker.java:127)
	at org.testng.internal.TestMethodWorker.run(TestMethodWorker.java:111)
	at org.testng.TestRunner.privateRun(TestRunner.java:767)
	at org.testng.TestRunner.run(TestRunner.java:617)
	at org.testng.SuiteRunner.runTest(SuiteRunner.java:348)
	at org.testng.SuiteRunner.runSequentially(SuiteRunner.java:343)
	at org.testng.SuiteRunner.privateRun(SuiteRunner.java:305)
	at org.testng.SuiteRunner.run(SuiteRunner.java:254)
	at org.testng.SuiteRunnerWorker.runSuite(SuiteRunnerWorker.java:52)
	at org.testng.SuiteRunnerWorker.run(SuiteRunnerWorker.java:86)
	at org.testng.TestNG.runSuitesSequentially(TestNG.java:1224)
	at org.testng.TestNG.runSuitesLocally(TestNG.java:1149)
	at org.testng.TestNG.run(TestNG.java:1057)
	at org.testng.remote.AbstractRemoteTestNG.run(AbstractRemoteTestNG.java:132)
	at org.testng.remote.RemoteTestNG.initAndRun(RemoteTestNG.java:230)
	at org.testng.remote.RemoteTestNG.main(RemoteTestNG.java:76)
]]>
    </error>
  </testcase> <!-- wmsGetMapLayerCrs_Conditional_Supported -->
  <testcase name="wmsGetMapLayerCrs_Mandatory_CRS_84_Supported" time="0.122" classname="ets.wms13.core.dgiwg.testsuite.getmap.GetMapLayerCrsTest"/>
  <testcase name="wmsGetMapLayerCrs_Conditional_Supported" time="0.002" classname="ets.wms13.core.dgiwg.testsuite.getmap.GetMapLayerCrsTest">
    <error type="java.lang.AssertionError" message="Layer 27 does not support CRS EPSG:32661 expected [true] but found [false]">
      <![CDATA[java.lang.AssertionError: Layer 27 does not support CRS EPSG:32661 expected [true] but found [false]
	at org.testng.Assert.fail(Assert.java:94)
	at org.testng.Assert.failNotEquals(Assert.java:494)
	at org.testng.Assert.assertTrue(Assert.java:42)
	at ets.wms13.core.dgiwg.testsuite.getmap.GetMapLayerCrsTest.findBboxOrSkipTestIfCrsIsNotSupported(GetMapLayerCrsTest.java:118)
	at ets.wms13.core.dgiwg.testsuite.getmap.GetMapLayerCrsTest.sendGetMapCrsRequest(GetMapLayerCrsTest.java:126)
	at ets.wms13.core.dgiwg.testsuite.getmap.GetMapLayerCrsTest.wmsGetMapLayerCrs_Conditional_Supported(GetMapLayerCrsTest.java:97)
	at sun.reflect.GeneratedMethodAccessor6.invoke(Unknown Source)
	at sun.reflect.DelegatingMethodAccessorImpl.invoke(DelegatingMethodAccessorImpl.java:43)
	at java.lang.reflect.Method.invoke(Method.java:498)
	at org.testng.internal.MethodInvocationHelper.invokeMethod(MethodInvocationHelper.java:84)
	at org.testng.internal.Invoker.invokeMethod(Invoker.java:714)
	at org.testng.internal.Invoker.invokeTestMethod(Invoker.java:901)
	at org.testng.internal.Invoker.invokeTestMethods(Invoker.java:1231)
	at org.testng.internal.TestMethodWorker.invokeTestMethods(TestMethodWorker.java:127)
	at org.testng.internal.TestMethodWorker.run(TestMethodWorker.java:111)
	at org.testng.TestRunner.privateRun(TestRunner.java:767)
	at org.testng.TestRunner.run(TestRunner.java:617)
	at org.testng.SuiteRunner.runTest(SuiteRunner.java:348)
	at org.testng.SuiteRunner.runSequentially(SuiteRunner.java:343)
	at org.testng.SuiteRunner.privateRun(SuiteRunner.java:305)
	at org.testng.SuiteRunner.run(SuiteRunner.java:254)
	at org.testng.SuiteRunnerWorker.runSuite(SuiteRunnerWorker.java:52)
	at org.testng.SuiteRunnerWorker.run(SuiteRunnerWorker.java:86)
	at org.testng.TestNG.runSuitesSequentially(TestNG.java:1224)
	at org.testng.TestNG.runSuitesLocally(TestNG.java:1149)
	at org.testng.TestNG.run(TestNG.java:1057)
	at org.testng.remote.AbstractRemoteTestNG.run(AbstractRemoteTestNG.java:132)
	at org.testng.remote.RemoteTestNG.initAndRun(RemoteTestNG.java:230)
	at org.testng.remote.RemoteTestNG.main(RemoteTestNG.java:76)
]]>
    </error>
  </testcase> <!-- wmsGetMapLayerCrs_Conditional_Supported -->
  <testcase name="wmsGetMapLayerCrs_Conditional_Supported" time="0.000" classname="ets.wms13.core.dgiwg.testsuite.getmap.GetMapLayerCrsTest">
    <error type="java.lang.AssertionError" message="Layer 28 does not support CRS EPSG:32661 expected [true] but found [false]">
      <![CDATA[java.lang.AssertionError: Layer 28 does not support CRS EPSG:32661 expected [true] but found [false]
	at org.testng.Assert.fail(Assert.java:94)
	at org.testng.Assert.failNotEquals(Assert.java:494)
	at org.testng.Assert.assertTrue(Assert.java:42)
	at ets.wms13.core.dgiwg.testsuite.getmap.GetMapLayerCrsTest.findBboxOrSkipTestIfCrsIsNotSupported(GetMapLayerCrsTest.java:118)
	at ets.wms13.core.dgiwg.testsuite.getmap.GetMapLayerCrsTest.sendGetMapCrsRequest(GetMapLayerCrsTest.java:126)
	at ets.wms13.core.dgiwg.testsuite.getmap.GetMapLayerCrsTest.wmsGetMapLayerCrs_Conditional_Supported(GetMapLayerCrsTest.java:97)
	at sun.reflect.GeneratedMethodAccessor6.invoke(Unknown Source)
	at sun.reflect.DelegatingMethodAccessorImpl.invoke(DelegatingMethodAccessorImpl.java:43)
	at java.lang.reflect.Method.invoke(Method.java:498)
	at org.testng.internal.MethodInvocationHelper.invokeMethod(MethodInvocationHelper.java:84)
	at org.testng.internal.Invoker.invokeMethod(Invoker.java:714)
	at org.testng.internal.Invoker.invokeTestMethod(Invoker.java:901)
	at org.testng.internal.Invoker.invokeTestMethods(Invoker.java:1231)
	at org.testng.internal.TestMethodWorker.invokeTestMethods(TestMethodWorker.java:127)
	at org.testng.internal.TestMethodWorker.run(TestMethodWorker.java:111)
	at org.testng.TestRunner.privateRun(TestRunner.java:767)
	at org.testng.TestRunner.run(TestRunner.java:617)
	at org.testng.SuiteRunner.runTest(SuiteRunner.java:348)
	at org.testng.SuiteRunner.runSequentially(SuiteRunner.java:343)
	at org.testng.SuiteRunner.privateRun(SuiteRunner.java:305)
	at org.testng.SuiteRunner.run(SuiteRunner.java:254)
	at org.testng.SuiteRunnerWorker.runSuite(SuiteRunnerWorker.java:52)
	at org.testng.SuiteRunnerWorker.run(SuiteRunnerWorker.java:86)
	at org.testng.TestNG.runSuitesSequentially(TestNG.java:1224)
	at org.testng.TestNG.runSuitesLocally(TestNG.java:1149)
	at org.testng.TestNG.run(TestNG.java:1057)
	at org.testng.remote.AbstractRemoteTestNG.run(AbstractRemoteTestNG.java:132)
	at org.testng.remote.RemoteTestNG.initAndRun(RemoteTestNG.java:230)
	at org.testng.remote.RemoteTestNG.main(RemoteTestNG.java:76)
]]>
    </error>
  </testcase> <!-- wmsGetMapLayerCrs_Conditional_Supported -->
  <testcase name="wmsGetMapLayerCrs_Mandatory_EPSG_3395_Supported" time="0.002" classname="ets.wms13.core.dgiwg.testsuite.getmap.GetMapLayerCrsTest">
    <error type="java.lang.AssertionError" message="Layer 4 does not support CRS EPSG:3395 expected [true] but found [false]">
      <![CDATA[java.lang.AssertionError: Layer 4 does not support CRS EPSG:3395 expected [true] but found [false]
	at org.testng.Assert.fail(Assert.java:94)
	at org.testng.Assert.failNotEquals(Assert.java:494)
	at org.testng.Assert.assertTrue(Assert.java:42)
	at ets.wms13.core.dgiwg.testsuite.getmap.GetMapLayerCrsTest.findBboxOrSkipTestIfCrsIsNotSupported(GetMapLayerCrsTest.java:118)
	at ets.wms13.core.dgiwg.testsuite.getmap.GetMapLayerCrsTest.sendGetMapCrsRequest(GetMapLayerCrsTest.java:126)
	at ets.wms13.core.dgiwg.testsuite.getmap.GetMapLayerCrsTest.wmsGetMapLayerCrs_Mandatory_EPSG_3395_Supported(GetMapLayerCrsTest.java:85)
	at sun.reflect.NativeMethodAccessorImpl.invoke0(Native Method)
	at sun.reflect.NativeMethodAccessorImpl.invoke(NativeMethodAccessorImpl.java:62)
	at sun.reflect.DelegatingMethodAccessorImpl.invoke(DelegatingMethodAccessorImpl.java:43)
	at java.lang.reflect.Method.invoke(Method.java:498)
	at org.testng.internal.MethodInvocationHelper.invokeMethod(MethodInvocationHelper.java:84)
	at org.testng.internal.Invoker.invokeMethod(Invoker.java:714)
	at org.testng.internal.Invoker.invokeTestMethod(Invoker.java:901)
	at org.testng.internal.Invoker.invokeTestMethods(Invoker.java:1231)
	at org.testng.internal.TestMethodWorker.invokeTestMethods(TestMethodWorker.java:127)
	at org.testng.internal.TestMethodWorker.run(TestMethodWorker.java:111)
	at org.testng.TestRunner.privateRun(TestRunner.java:767)
	at org.testng.TestRunner.run(TestRunner.java:617)
	at org.testng.SuiteRunner.runTest(SuiteRunner.java:348)
	at org.testng.SuiteRunner.runSequentially(SuiteRunner.java:343)
	at org.testng.SuiteRunner.privateRun(SuiteRunner.java:305)
	at org.testng.SuiteRunner.run(SuiteRunner.java:254)
	at org.testng.SuiteRunnerWorker.runSuite(SuiteRunnerWorker.java:52)
	at org.testng.SuiteRunnerWorker.run(SuiteRunnerWorker.java:86)
	at org.testng.TestNG.runSuitesSequentially(TestNG.java:1224)
	at org.testng.TestNG.runSuitesLocally(TestNG.java:1149)
	at org.testng.TestNG.run(TestNG.java:1057)
	at org.testng.remote.AbstractRemoteTestNG.run(AbstractRemoteTestNG.java:132)
	at org.testng.remote.RemoteTestNG.initAndRun(RemoteTestNG.java:230)
	at org.testng.remote.RemoteTestNG.main(RemoteTestNG.java:76)
]]>
    </error>
  </testcase> <!-- wmsGetMapLayerCrs_Mandatory_EPSG_3395_Supported -->
  <testcase name="wmsGetMapLayerCrs_Conditional_Supported" time="0.001" classname="ets.wms13.core.dgiwg.testsuite.getmap.GetMapLayerCrsTest">
    <error type="java.lang.AssertionError" message="Layer 18 does not support CRS EPSG:32661 expected [true] but found [false]">
      <![CDATA[java.lang.AssertionError: Layer 18 does not support CRS EPSG:32661 expected [true] but found [false]
	at org.testng.Assert.fail(Assert.java:94)
	at org.testng.Assert.failNotEquals(Assert.java:494)
	at org.testng.Assert.assertTrue(Assert.java:42)
	at ets.wms13.core.dgiwg.testsuite.getmap.GetMapLayerCrsTest.findBboxOrSkipTestIfCrsIsNotSupported(GetMapLayerCrsTest.java:118)
	at ets.wms13.core.dgiwg.testsuite.getmap.GetMapLayerCrsTest.sendGetMapCrsRequest(GetMapLayerCrsTest.java:126)
	at ets.wms13.core.dgiwg.testsuite.getmap.GetMapLayerCrsTest.wmsGetMapLayerCrs_Conditional_Supported(GetMapLayerCrsTest.java:97)
	at sun.reflect.GeneratedMethodAccessor6.invoke(Unknown Source)
	at sun.reflect.DelegatingMethodAccessorImpl.invoke(DelegatingMethodAccessorImpl.java:43)
	at java.lang.reflect.Method.invoke(Method.java:498)
	at org.testng.internal.MethodInvocationHelper.invokeMethod(MethodInvocationHelper.java:84)
	at org.testng.internal.Invoker.invokeMethod(Invoker.java:714)
	at org.testng.internal.Invoker.invokeTestMethod(Invoker.java:901)
	at org.testng.internal.Invoker.invokeTestMethods(Invoker.java:1231)
	at org.testng.internal.TestMethodWorker.invokeTestMethods(TestMethodWorker.java:127)
	at org.testng.internal.TestMethodWorker.run(TestMethodWorker.java:111)
	at org.testng.TestRunner.privateRun(TestRunner.java:767)
	at org.testng.TestRunner.run(TestRunner.java:617)
	at org.testng.SuiteRunner.runTest(SuiteRunner.java:348)
	at org.testng.SuiteRunner.runSequentially(SuiteRunner.java:343)
	at org.testng.SuiteRunner.privateRun(SuiteRunner.java:305)
	at org.testng.SuiteRunner.run(SuiteRunner.java:254)
	at org.testng.SuiteRunnerWorker.runSuite(SuiteRunnerWorker.java:52)
	at org.testng.SuiteRunnerWorker.run(SuiteRunnerWorker.java:86)
	at org.testng.TestNG.runSuitesSequentially(TestNG.java:1224)
	at org.testng.TestNG.runSuitesLocally(TestNG.java:1149)
	at org.testng.TestNG.run(TestNG.java:1057)
	at org.testng.remote.AbstractRemoteTestNG.run(AbstractRemoteTestNG.java:132)
	at org.testng.remote.RemoteTestNG.initAndRun(RemoteTestNG.java:230)
	at org.testng.remote.RemoteTestNG.main(RemoteTestNG.java:76)
]]>
    </error>
  </testcase> <!-- wmsGetMapLayerCrs_Conditional_Supported -->
  <testcase name="wmsGetMapLayerCrs_Conditional_Supported" time="0.001" classname="ets.wms13.core.dgiwg.testsuite.getmap.GetMapLayerCrsTest">
    <error type="java.lang.AssertionError" message="Layer 25 does not support CRS EPSG:32661 expected [true] but found [false]">
      <![CDATA[java.lang.AssertionError: Layer 25 does not support CRS EPSG:32661 expected [true] but found [false]
	at org.testng.Assert.fail(Assert.java:94)
	at org.testng.Assert.failNotEquals(Assert.java:494)
	at org.testng.Assert.assertTrue(Assert.java:42)
	at ets.wms13.core.dgiwg.testsuite.getmap.GetMapLayerCrsTest.findBboxOrSkipTestIfCrsIsNotSupported(GetMapLayerCrsTest.java:118)
	at ets.wms13.core.dgiwg.testsuite.getmap.GetMapLayerCrsTest.sendGetMapCrsRequest(GetMapLayerCrsTest.java:126)
	at ets.wms13.core.dgiwg.testsuite.getmap.GetMapLayerCrsTest.wmsGetMapLayerCrs_Conditional_Supported(GetMapLayerCrsTest.java:97)
	at sun.reflect.GeneratedMethodAccessor6.invoke(Unknown Source)
	at sun.reflect.DelegatingMethodAccessorImpl.invoke(DelegatingMethodAccessorImpl.java:43)
	at java.lang.reflect.Method.invoke(Method.java:498)
	at org.testng.internal.MethodInvocationHelper.invokeMethod(MethodInvocationHelper.java:84)
	at org.testng.internal.Invoker.invokeMethod(Invoker.java:714)
	at org.testng.internal.Invoker.invokeTestMethod(Invoker.java:901)
	at org.testng.internal.Invoker.invokeTestMethods(Invoker.java:1231)
	at org.testng.internal.TestMethodWorker.invokeTestMethods(TestMethodWorker.java:127)
	at org.testng.internal.TestMethodWorker.run(TestMethodWorker.java:111)
	at org.testng.TestRunner.privateRun(TestRunner.java:767)
	at org.testng.TestRunner.run(TestRunner.java:617)
	at org.testng.SuiteRunner.runTest(SuiteRunner.java:348)
	at org.testng.SuiteRunner.runSequentially(SuiteRunner.java:343)
	at org.testng.SuiteRunner.privateRun(SuiteRunner.java:305)
	at org.testng.SuiteRunner.run(SuiteRunner.java:254)
	at org.testng.SuiteRunnerWorker.runSuite(SuiteRunnerWorker.java:52)
	at org.testng.SuiteRunnerWorker.run(SuiteRunnerWorker.java:86)
	at org.testng.TestNG.runSuitesSequentially(TestNG.java:1224)
	at org.testng.TestNG.runSuitesLocally(TestNG.java:1149)
	at org.testng.TestNG.run(TestNG.java:1057)
	at org.testng.remote.AbstractRemoteTestNG.run(AbstractRemoteTestNG.java:132)
	at org.testng.remote.RemoteTestNG.initAndRun(RemoteTestNG.java:230)
	at org.testng.remote.RemoteTestNG.main(RemoteTestNG.java:76)
]]>
    </error>
  </testcase> <!-- wmsGetMapLayerCrs_Conditional_Supported -->
  <testcase name="wmsGetMapLayerCrs_Conditional_Supported" time="0.002" classname="ets.wms13.core.dgiwg.testsuite.getmap.GetMapLayerCrsTest">
    <error type="java.lang.AssertionError" message="Layer 2 does not support CRS EPSG:32661 expected [true] but found [false]">
      <![CDATA[java.lang.AssertionError: Layer 2 does not support CRS EPSG:32661 expected [true] but found [false]
	at org.testng.Assert.fail(Assert.java:94)
	at org.testng.Assert.failNotEquals(Assert.java:494)
	at org.testng.Assert.assertTrue(Assert.java:42)
	at ets.wms13.core.dgiwg.testsuite.getmap.GetMapLayerCrsTest.findBboxOrSkipTestIfCrsIsNotSupported(GetMapLayerCrsTest.java:118)
	at ets.wms13.core.dgiwg.testsuite.getmap.GetMapLayerCrsTest.sendGetMapCrsRequest(GetMapLayerCrsTest.java:126)
	at ets.wms13.core.dgiwg.testsuite.getmap.GetMapLayerCrsTest.wmsGetMapLayerCrs_Conditional_Supported(GetMapLayerCrsTest.java:97)
	at sun.reflect.NativeMethodAccessorImpl.invoke0(Native Method)
	at sun.reflect.NativeMethodAccessorImpl.invoke(NativeMethodAccessorImpl.java:62)
	at sun.reflect.DelegatingMethodAccessorImpl.invoke(DelegatingMethodAccessorImpl.java:43)
	at java.lang.reflect.Method.invoke(Method.java:498)
	at org.testng.internal.MethodInvocationHelper.invokeMethod(MethodInvocationHelper.java:84)
	at org.testng.internal.Invoker.invokeMethod(Invoker.java:714)
	at org.testng.internal.Invoker.invokeTestMethod(Invoker.java:901)
	at org.testng.internal.Invoker.invokeTestMethods(Invoker.java:1231)
	at org.testng.internal.TestMethodWorker.invokeTestMethods(TestMethodWorker.java:127)
	at org.testng.internal.TestMethodWorker.run(TestMethodWorker.java:111)
	at org.testng.TestRunner.privateRun(TestRunner.java:767)
	at org.testng.TestRunner.run(TestRunner.java:617)
	at org.testng.SuiteRunner.runTest(SuiteRunner.java:348)
	at org.testng.SuiteRunner.runSequentially(SuiteRunner.java:343)
	at org.testng.SuiteRunner.privateRun(SuiteRunner.java:305)
	at org.testng.SuiteRunner.run(SuiteRunner.java:254)
	at org.testng.SuiteRunnerWorker.runSuite(SuiteRunnerWorker.java:52)
	at org.testng.SuiteRunnerWorker.run(SuiteRunnerWorker.java:86)
	at org.testng.TestNG.runSuitesSequentially(TestNG.java:1224)
	at org.testng.TestNG.runSuitesLocally(TestNG.java:1149)
	at org.testng.TestNG.run(TestNG.java:1057)
	at org.testng.remote.AbstractRemoteTestNG.run(AbstractRemoteTestNG.java:132)
	at org.testng.remote.RemoteTestNG.initAndRun(RemoteTestNG.java:230)
	at org.testng.remote.RemoteTestNG.main(RemoteTestNG.java:76)
]]>
    </error>
  </testcase> <!-- wmsGetMapLayerCrs_Conditional_Supported -->
  <testcase name="wmsGetMapLayerCrs_Mandatory_CRS_84_Supported" time="0.119" classname="ets.wms13.core.dgiwg.testsuite.getmap.GetMapLayerCrsTest"/>
  <testcase name="wmsGetMapLayerCrs_Mandatory_CRS_84_Supported" time="0.120" classname="ets.wms13.core.dgiwg.testsuite.getmap.GetMapLayerCrsTest"/>
  <testcase name="wmsGetMapLayerCrs_Mandatory_CRS_84_Supported" time="0.118" classname="ets.wms13.core.dgiwg.testsuite.getmap.GetMapLayerCrsTest"/>
  <testcase name="wmsGetMapLayerCrs_Mandatory_EPSG_4326_Supported" time="0.120" classname="ets.wms13.core.dgiwg.testsuite.getmap.GetMapLayerCrsTest"/>
  <testcase name="wmsGetMapLayerCrs_Mandatory_EPSG_4326_Supported" time="0.120" classname="ets.wms13.core.dgiwg.testsuite.getmap.GetMapLayerCrsTest"/>
  <testcase name="wmsGetMapLayerCrs_Conditional_Supported" time="0.001" classname="ets.wms13.core.dgiwg.testsuite.getmap.GetMapLayerCrsTest">
    <error type="java.lang.AssertionError" message="Layer 21 does not support CRS EPSG:32661 expected [true] but found [false]">
      <![CDATA[java.lang.AssertionError: Layer 21 does not support CRS EPSG:32661 expected [true] but found [false]
	at org.testng.Assert.fail(Assert.java:94)
	at org.testng.Assert.failNotEquals(Assert.java:494)
	at org.testng.Assert.assertTrue(Assert.java:42)
	at ets.wms13.core.dgiwg.testsuite.getmap.GetMapLayerCrsTest.findBboxOrSkipTestIfCrsIsNotSupported(GetMapLayerCrsTest.java:118)
	at ets.wms13.core.dgiwg.testsuite.getmap.GetMapLayerCrsTest.sendGetMapCrsRequest(GetMapLayerCrsTest.java:126)
	at ets.wms13.core.dgiwg.testsuite.getmap.GetMapLayerCrsTest.wmsGetMapLayerCrs_Conditional_Supported(GetMapLayerCrsTest.java:97)
	at sun.reflect.GeneratedMethodAccessor6.invoke(Unknown Source)
	at sun.reflect.DelegatingMethodAccessorImpl.invoke(DelegatingMethodAccessorImpl.java:43)
	at java.lang.reflect.Method.invoke(Method.java:498)
	at org.testng.internal.MethodInvocationHelper.invokeMethod(MethodInvocationHelper.java:84)
	at org.testng.internal.Invoker.invokeMethod(Invoker.java:714)
	at org.testng.internal.Invoker.invokeTestMethod(Invoker.java:901)
	at org.testng.internal.Invoker.invokeTestMethods(Invoker.java:1231)
	at org.testng.internal.TestMethodWorker.invokeTestMethods(TestMethodWorker.java:127)
	at org.testng.internal.TestMethodWorker.run(TestMethodWorker.java:111)
	at org.testng.TestRunner.privateRun(TestRunner.java:767)
	at org.testng.TestRunner.run(TestRunner.java:617)
	at org.testng.SuiteRunner.runTest(SuiteRunner.java:348)
	at org.testng.SuiteRunner.runSequentially(SuiteRunner.java:343)
	at org.testng.SuiteRunner.privateRun(SuiteRunner.java:305)
	at org.testng.SuiteRunner.run(SuiteRunner.java:254)
	at org.testng.SuiteRunnerWorker.runSuite(SuiteRunnerWorker.java:52)
	at org.testng.SuiteRunnerWorker.run(SuiteRunnerWorker.java:86)
	at org.testng.TestNG.runSuitesSequentially(TestNG.java:1224)
	at org.testng.TestNG.runSuitesLocally(TestNG.java:1149)
	at org.testng.TestNG.run(TestNG.java:1057)
	at org.testng.remote.AbstractRemoteTestNG.run(AbstractRemoteTestNG.java:132)
	at org.testng.remote.RemoteTestNG.initAndRun(RemoteTestNG.java:230)
	at org.testng.remote.RemoteTestNG.main(RemoteTestNG.java:76)
]]>
    </error>
  </testcase> <!-- wmsGetMapLayerCrs_Conditional_Supported -->
  <testcase name="wmsGetMapLayerCrs_Mandatory_EPSG_3395_Supported" time="0.002" classname="ets.wms13.core.dgiwg.testsuite.getmap.GetMapLayerCrsTest">
    <error type="java.lang.AssertionError" message="Layer 23 does not support CRS EPSG:3395 expected [true] but found [false]">
      <![CDATA[java.lang.AssertionError: Layer 23 does not support CRS EPSG:3395 expected [true] but found [false]
	at org.testng.Assert.fail(Assert.java:94)
	at org.testng.Assert.failNotEquals(Assert.java:494)
	at org.testng.Assert.assertTrue(Assert.java:42)
	at ets.wms13.core.dgiwg.testsuite.getmap.GetMapLayerCrsTest.findBboxOrSkipTestIfCrsIsNotSupported(GetMapLayerCrsTest.java:118)
	at ets.wms13.core.dgiwg.testsuite.getmap.GetMapLayerCrsTest.sendGetMapCrsRequest(GetMapLayerCrsTest.java:126)
	at ets.wms13.core.dgiwg.testsuite.getmap.GetMapLayerCrsTest.wmsGetMapLayerCrs_Mandatory_EPSG_3395_Supported(GetMapLayerCrsTest.java:85)
	at sun.reflect.GeneratedMethodAccessor8.invoke(Unknown Source)
	at sun.reflect.DelegatingMethodAccessorImpl.invoke(DelegatingMethodAccessorImpl.java:43)
	at java.lang.reflect.Method.invoke(Method.java:498)
	at org.testng.internal.MethodInvocationHelper.invokeMethod(MethodInvocationHelper.java:84)
	at org.testng.internal.Invoker.invokeMethod(Invoker.java:714)
	at org.testng.internal.Invoker.invokeTestMethod(Invoker.java:901)
	at org.testng.internal.Invoker.invokeTestMethods(Invoker.java:1231)
	at org.testng.internal.TestMethodWorker.invokeTestMethods(TestMethodWorker.java:127)
	at org.testng.internal.TestMethodWorker.run(TestMethodWorker.java:111)
	at org.testng.TestRunner.privateRun(TestRunner.java:767)
	at org.testng.TestRunner.run(TestRunner.java:617)
	at org.testng.SuiteRunner.runTest(SuiteRunner.java:348)
	at org.testng.SuiteRunner.runSequentially(SuiteRunner.java:343)
	at org.testng.SuiteRunner.privateRun(SuiteRunner.java:305)
	at org.testng.SuiteRunner.run(SuiteRunner.java:254)
	at org.testng.SuiteRunnerWorker.runSuite(SuiteRunnerWorker.java:52)
	at org.testng.SuiteRunnerWorker.run(SuiteRunnerWorker.java:86)
	at org.testng.TestNG.runSuitesSequentially(TestNG.java:1224)
	at org.testng.TestNG.runSuitesLocally(TestNG.java:1149)
	at org.testng.TestNG.run(TestNG.java:1057)
	at org.testng.remote.AbstractRemoteTestNG.run(AbstractRemoteTestNG.java:132)
	at org.testng.remote.RemoteTestNG.initAndRun(RemoteTestNG.java:230)
	at org.testng.remote.RemoteTestNG.main(RemoteTestNG.java:76)
]]>
    </error>
  </testcase> <!-- wmsGetMapLayerCrs_Mandatory_EPSG_3395_Supported -->
  <testcase name="wmsGetMapLayerCrs_Mandatory_CRS_84_Supported" time="0.122" classname="ets.wms13.core.dgiwg.testsuite.getmap.GetMapLayerCrsTest"/>
  <testcase name="wmsGetMapLayerCrs_Mandatory_CRS_84_Supported" time="0.121" classname="ets.wms13.core.dgiwg.testsuite.getmap.GetMapLayerCrsTest"/>
  <testcase name="wmsGetMapLayerCrs_Mandatory_CRS_84_Supported" time="0.121" classname="ets.wms13.core.dgiwg.testsuite.getmap.GetMapLayerCrsTest"/>
  <testcase name="wmsGetMapLayerCrs_Mandatory_CRS_84_Supported" time="0.120" classname="ets.wms13.core.dgiwg.testsuite.getmap.GetMapLayerCrsTest"/>
  <testcase name="wmsGetMapLayerCrs_Mandatory_CRS_84_Supported" time="0.126" classname="ets.wms13.core.dgiwg.testsuite.getmap.GetMapLayerCrsTest"/>
  <testcase name="wmsGetMapLayerCrs_Mandatory_CRS_84_Supported" time="0.122" classname="ets.wms13.core.dgiwg.testsuite.getmap.GetMapLayerCrsTest"/>
  <testcase name="wmsGetMapLayerCrs_Mandatory_EPSG_3395_Supported" time="0.000" classname="ets.wms13.core.dgiwg.testsuite.getmap.GetMapLayerCrsTest">
    <error type="java.lang.AssertionError" message="Layer 6 does not support CRS EPSG:3395 expected [true] but found [false]">
      <![CDATA[java.lang.AssertionError: Layer 6 does not support CRS EPSG:3395 expected [true] but found [false]
	at org.testng.Assert.fail(Assert.java:94)
	at org.testng.Assert.failNotEquals(Assert.java:494)
	at org.testng.Assert.assertTrue(Assert.java:42)
	at ets.wms13.core.dgiwg.testsuite.getmap.GetMapLayerCrsTest.findBboxOrSkipTestIfCrsIsNotSupported(GetMapLayerCrsTest.java:118)
	at ets.wms13.core.dgiwg.testsuite.getmap.GetMapLayerCrsTest.sendGetMapCrsRequest(GetMapLayerCrsTest.java:126)
	at ets.wms13.core.dgiwg.testsuite.getmap.GetMapLayerCrsTest.wmsGetMapLayerCrs_Mandatory_EPSG_3395_Supported(GetMapLayerCrsTest.java:85)
	at sun.reflect.NativeMethodAccessorImpl.invoke0(Native Method)
	at sun.reflect.NativeMethodAccessorImpl.invoke(NativeMethodAccessorImpl.java:62)
	at sun.reflect.DelegatingMethodAccessorImpl.invoke(DelegatingMethodAccessorImpl.java:43)
	at java.lang.reflect.Method.invoke(Method.java:498)
	at org.testng.internal.MethodInvocationHelper.invokeMethod(MethodInvocationHelper.java:84)
	at org.testng.internal.Invoker.invokeMethod(Invoker.java:714)
	at org.testng.internal.Invoker.invokeTestMethod(Invoker.java:901)
	at org.testng.internal.Invoker.invokeTestMethods(Invoker.java:1231)
	at org.testng.internal.TestMethodWorker.invokeTestMethods(TestMethodWorker.java:127)
	at org.testng.internal.TestMethodWorker.run(TestMethodWorker.java:111)
	at org.testng.TestRunner.privateRun(TestRunner.java:767)
	at org.testng.TestRunner.run(TestRunner.java:617)
	at org.testng.SuiteRunner.runTest(SuiteRunner.java:348)
	at org.testng.SuiteRunner.runSequentially(SuiteRunner.java:343)
	at org.testng.SuiteRunner.privateRun(SuiteRunner.java:305)
	at org.testng.SuiteRunner.run(SuiteRunner.java:254)
	at org.testng.SuiteRunnerWorker.runSuite(SuiteRunnerWorker.java:52)
	at org.testng.SuiteRunnerWorker.run(SuiteRunnerWorker.java:86)
	at org.testng.TestNG.runSuitesSequentially(TestNG.java:1224)
	at org.testng.TestNG.runSuitesLocally(TestNG.java:1149)
	at org.testng.TestNG.run(TestNG.java:1057)
	at org.testng.remote.AbstractRemoteTestNG.run(AbstractRemoteTestNG.java:132)
	at org.testng.remote.RemoteTestNG.initAndRun(RemoteTestNG.java:230)
	at org.testng.remote.RemoteTestNG.main(RemoteTestNG.java:76)
]]>
    </error>
  </testcase> <!-- wmsGetMapLayerCrs_Mandatory_EPSG_3395_Supported -->
  <testcase name="wmsGetMapLayerCrs_Conditional_Supported" time="0.002" classname="ets.wms13.core.dgiwg.testsuite.getmap.GetMapLayerCrsTest">
    <error type="java.lang.AssertionError" message="Layer 11 does not support CRS EPSG:32614 expected [true] but found [false]">
      <![CDATA[java.lang.AssertionError: Layer 11 does not support CRS EPSG:32614 expected [true] but found [false]
	at org.testng.Assert.fail(Assert.java:94)
	at org.testng.Assert.failNotEquals(Assert.java:494)
	at org.testng.Assert.assertTrue(Assert.java:42)
	at ets.wms13.core.dgiwg.testsuite.getmap.GetMapLayerCrsTest.findBboxOrSkipTestIfCrsIsNotSupported(GetMapLayerCrsTest.java:118)
	at ets.wms13.core.dgiwg.testsuite.getmap.GetMapLayerCrsTest.sendGetMapCrsRequest(GetMapLayerCrsTest.java:126)
	at ets.wms13.core.dgiwg.testsuite.getmap.GetMapLayerCrsTest.wmsGetMapLayerCrs_Conditional_Supported(GetMapLayerCrsTest.java:97)
	at sun.reflect.NativeMethodAccessorImpl.invoke0(Native Method)
	at sun.reflect.NativeMethodAccessorImpl.invoke(NativeMethodAccessorImpl.java:62)
	at sun.reflect.DelegatingMethodAccessorImpl.invoke(DelegatingMethodAccessorImpl.java:43)
	at java.lang.reflect.Method.invoke(Method.java:498)
	at org.testng.internal.MethodInvocationHelper.invokeMethod(MethodInvocationHelper.java:84)
	at org.testng.internal.Invoker.invokeMethod(Invoker.java:714)
	at org.testng.internal.Invoker.invokeTestMethod(Invoker.java:901)
	at org.testng.internal.Invoker.invokeTestMethods(Invoker.java:1231)
	at org.testng.internal.TestMethodWorker.invokeTestMethods(TestMethodWorker.java:127)
	at org.testng.internal.TestMethodWorker.run(TestMethodWorker.java:111)
	at org.testng.TestRunner.privateRun(TestRunner.java:767)
	at org.testng.TestRunner.run(TestRunner.java:617)
	at org.testng.SuiteRunner.runTest(SuiteRunner.java:348)
	at org.testng.SuiteRunner.runSequentially(SuiteRunner.java:343)
	at org.testng.SuiteRunner.privateRun(SuiteRunner.java:305)
	at org.testng.SuiteRunner.run(SuiteRunner.java:254)
	at org.testng.SuiteRunnerWorker.runSuite(SuiteRunnerWorker.java:52)
	at org.testng.SuiteRunnerWorker.run(SuiteRunnerWorker.java:86)
	at org.testng.TestNG.runSuitesSequentially(TestNG.java:1224)
	at org.testng.TestNG.runSuitesLocally(TestNG.java:1149)
	at org.testng.TestNG.run(TestNG.java:1057)
	at org.testng.remote.AbstractRemoteTestNG.run(AbstractRemoteTestNG.java:132)
	at org.testng.remote.RemoteTestNG.initAndRun(RemoteTestNG.java:230)
	at org.testng.remote.RemoteTestNG.main(RemoteTestNG.java:76)
]]>
    </error>
  </testcase> <!-- wmsGetMapLayerCrs_Conditional_Supported -->
  <testcase name="wmsGetMapLayerCrs_Conditional_Supported" time="0.001" classname="ets.wms13.core.dgiwg.testsuite.getmap.GetMapLayerCrsTest">
    <error type="java.lang.AssertionError" message="Layer 3 does not support CRS EPSG:32661 expected [true] but found [false]">
      <![CDATA[java.lang.AssertionError: Layer 3 does not support CRS EPSG:32661 expected [true] but found [false]
	at org.testng.Assert.fail(Assert.java:94)
	at org.testng.Assert.failNotEquals(Assert.java:494)
	at org.testng.Assert.assertTrue(Assert.java:42)
	at ets.wms13.core.dgiwg.testsuite.getmap.GetMapLayerCrsTest.findBboxOrSkipTestIfCrsIsNotSupported(GetMapLayerCrsTest.java:118)
	at ets.wms13.core.dgiwg.testsuite.getmap.GetMapLayerCrsTest.sendGetMapCrsRequest(GetMapLayerCrsTest.java:126)
	at ets.wms13.core.dgiwg.testsuite.getmap.GetMapLayerCrsTest.wmsGetMapLayerCrs_Conditional_Supported(GetMapLayerCrsTest.java:97)
	at sun.reflect.NativeMethodAccessorImpl.invoke0(Native Method)
	at sun.reflect.NativeMethodAccessorImpl.invoke(NativeMethodAccessorImpl.java:62)
	at sun.reflect.DelegatingMethodAccessorImpl.invoke(DelegatingMethodAccessorImpl.java:43)
	at java.lang.reflect.Method.invoke(Method.java:498)
	at org.testng.internal.MethodInvocationHelper.invokeMethod(MethodInvocationHelper.java:84)
	at org.testng.internal.Invoker.invokeMethod(Invoker.java:714)
	at org.testng.internal.Invoker.invokeTestMethod(Invoker.java:901)
	at org.testng.internal.Invoker.invokeTestMethods(Invoker.java:1231)
	at org.testng.internal.TestMethodWorker.invokeTestMethods(TestMethodWorker.java:127)
	at org.testng.internal.TestMethodWorker.run(TestMethodWorker.java:111)
	at org.testng.TestRunner.privateRun(TestRunner.java:767)
	at org.testng.TestRunner.run(TestRunner.java:617)
	at org.testng.SuiteRunner.runTest(SuiteRunner.java:348)
	at org.testng.SuiteRunner.runSequentially(SuiteRunner.java:343)
	at org.testng.SuiteRunner.privateRun(SuiteRunner.java:305)
	at org.testng.SuiteRunner.run(SuiteRunner.java:254)
	at org.testng.SuiteRunnerWorker.runSuite(SuiteRunnerWorker.java:52)
	at org.testng.SuiteRunnerWorker.run(SuiteRunnerWorker.java:86)
	at org.testng.TestNG.runSuitesSequentially(TestNG.java:1224)
	at org.testng.TestNG.runSuitesLocally(TestNG.java:1149)
	at org.testng.TestNG.run(TestNG.java:1057)
	at org.testng.remote.AbstractRemoteTestNG.run(AbstractRemoteTestNG.java:132)
	at org.testng.remote.RemoteTestNG.initAndRun(RemoteTestNG.java:230)
	at org.testng.remote.RemoteTestNG.main(RemoteTestNG.java:76)
]]>
    </error>
  </testcase> <!-- wmsGetMapLayerCrs_Conditional_Supported -->
  <testcase name="wmsGetMapLayerCrs_Mandatory_CRS_84_Supported" time="3.661" classname="ets.wms13.core.dgiwg.testsuite.getmap.GetMapLayerCrsTest"/>
  <testcase name="wmsGetMapLayerCrs_Mandatory_EPSG_3395_Supported" time="0.000" classname="ets.wms13.core.dgiwg.testsuite.getmap.GetMapLayerCrsTest">
    <error type="java.lang.AssertionError" message="Layer 31 does not support CRS EPSG:3395 expected [true] but found [false]">
      <![CDATA[java.lang.AssertionError: Layer 31 does not support CRS EPSG:3395 expected [true] but found [false]
	at org.testng.Assert.fail(Assert.java:94)
	at org.testng.Assert.failNotEquals(Assert.java:494)
	at org.testng.Assert.assertTrue(Assert.java:42)
	at ets.wms13.core.dgiwg.testsuite.getmap.GetMapLayerCrsTest.findBboxOrSkipTestIfCrsIsNotSupported(GetMapLayerCrsTest.java:118)
	at ets.wms13.core.dgiwg.testsuite.getmap.GetMapLayerCrsTest.sendGetMapCrsRequest(GetMapLayerCrsTest.java:126)
	at ets.wms13.core.dgiwg.testsuite.getmap.GetMapLayerCrsTest.wmsGetMapLayerCrs_Mandatory_EPSG_3395_Supported(GetMapLayerCrsTest.java:85)
	at sun.reflect.GeneratedMethodAccessor8.invoke(Unknown Source)
	at sun.reflect.DelegatingMethodAccessorImpl.invoke(DelegatingMethodAccessorImpl.java:43)
	at java.lang.reflect.Method.invoke(Method.java:498)
	at org.testng.internal.MethodInvocationHelper.invokeMethod(MethodInvocationHelper.java:84)
	at org.testng.internal.Invoker.invokeMethod(Invoker.java:714)
	at org.testng.internal.Invoker.invokeTestMethod(Invoker.java:901)
	at org.testng.internal.Invoker.invokeTestMethods(Invoker.java:1231)
	at org.testng.internal.TestMethodWorker.invokeTestMethods(TestMethodWorker.java:127)
	at org.testng.internal.TestMethodWorker.run(TestMethodWorker.java:111)
	at org.testng.TestRunner.privateRun(TestRunner.java:767)
	at org.testng.TestRunner.run(TestRunner.java:617)
	at org.testng.SuiteRunner.runTest(SuiteRunner.java:348)
	at org.testng.SuiteRunner.runSequentially(SuiteRunner.java:343)
	at org.testng.SuiteRunner.privateRun(SuiteRunner.java:305)
	at org.testng.SuiteRunner.run(SuiteRunner.java:254)
	at org.testng.SuiteRunnerWorker.runSuite(SuiteRunnerWorker.java:52)
	at org.testng.SuiteRunnerWorker.run(SuiteRunnerWorker.java:86)
	at org.testng.TestNG.runSuitesSequentially(TestNG.java:1224)
	at org.testng.TestNG.runSuitesLocally(TestNG.java:1149)
	at org.testng.TestNG.run(TestNG.java:1057)
	at org.testng.remote.AbstractRemoteTestNG.run(AbstractRemoteTestNG.java:132)
	at org.testng.remote.RemoteTestNG.initAndRun(RemoteTestNG.java:230)
	at org.testng.remote.RemoteTestNG.main(RemoteTestNG.java:76)
]]>
    </error>
  </testcase> <!-- wmsGetMapLayerCrs_Mandatory_EPSG_3395_Supported -->
  <testcase name="wmsGetMapLayerCrs_Mandatory_EPSG_4326_Supported" time="0.118" classname="ets.wms13.core.dgiwg.testsuite.getmap.GetMapLayerCrsTest"/>
  <testcase name="wmsGetMapLayerCrs_Mandatory_CRS_84_Supported" time="0.122" classname="ets.wms13.core.dgiwg.testsuite.getmap.GetMapLayerCrsTest"/>
  <testcase name="wmsGetMapLayerCrs_Mandatory_EPSG_4326_Supported" time="0.120" classname="ets.wms13.core.dgiwg.testsuite.getmap.GetMapLayerCrsTest"/>
  <testcase name="wmsGetMapLayerCrs_Mandatory_CRS_84_Supported" time="0.115" classname="ets.wms13.core.dgiwg.testsuite.getmap.GetMapLayerCrsTest"/>
  <testcase name="wmsGetMapLayerCrs_Mandatory_CRS_84_Supported" time="0.129" classname="ets.wms13.core.dgiwg.testsuite.getmap.GetMapLayerCrsTest"/>
  <testcase name="wmsGetMapLayerCrs_Mandatory_EPSG_4326_Supported" time="0.138" classname="ets.wms13.core.dgiwg.testsuite.getmap.GetMapLayerCrsTest"/>
  <testcase name="wmsGetMapLayerCrs_Mandatory_EPSG_3395_Supported" time="0.002" classname="ets.wms13.core.dgiwg.testsuite.getmap.GetMapLayerCrsTest">
    <error type="java.lang.AssertionError" message="Layer 11 does not support CRS EPSG:3395 expected [true] but found [false]">
      <![CDATA[java.lang.AssertionError: Layer 11 does not support CRS EPSG:3395 expected [true] but found [false]
	at org.testng.Assert.fail(Assert.java:94)
	at org.testng.Assert.failNotEquals(Assert.java:494)
	at org.testng.Assert.assertTrue(Assert.java:42)
	at ets.wms13.core.dgiwg.testsuite.getmap.GetMapLayerCrsTest.findBboxOrSkipTestIfCrsIsNotSupported(GetMapLayerCrsTest.java:118)
	at ets.wms13.core.dgiwg.testsuite.getmap.GetMapLayerCrsTest.sendGetMapCrsRequest(GetMapLayerCrsTest.java:126)
	at ets.wms13.core.dgiwg.testsuite.getmap.GetMapLayerCrsTest.wmsGetMapLayerCrs_Mandatory_EPSG_3395_Supported(GetMapLayerCrsTest.java:85)
	at sun.reflect.NativeMethodAccessorImpl.invoke0(Native Method)
	at sun.reflect.NativeMethodAccessorImpl.invoke(NativeMethodAccessorImpl.java:62)
	at sun.reflect.DelegatingMethodAccessorImpl.invoke(DelegatingMethodAccessorImpl.java:43)
	at java.lang.reflect.Method.invoke(Method.java:498)
	at org.testng.internal.MethodInvocationHelper.invokeMethod(MethodInvocationHelper.java:84)
	at org.testng.internal.Invoker.invokeMethod(Invoker.java:714)
	at org.testng.internal.Invoker.invokeTestMethod(Invoker.java:901)
	at org.testng.internal.Invoker.invokeTestMethods(Invoker.java:1231)
	at org.testng.internal.TestMethodWorker.invokeTestMethods(TestMethodWorker.java:127)
	at org.testng.internal.TestMethodWorker.run(TestMethodWorker.java:111)
	at org.testng.TestRunner.privateRun(TestRunner.java:767)
	at org.testng.TestRunner.run(TestRunner.java:617)
	at org.testng.SuiteRunner.runTest(SuiteRunner.java:348)
	at org.testng.SuiteRunner.runSequentially(SuiteRunner.java:343)
	at org.testng.SuiteRunner.privateRun(SuiteRunner.java:305)
	at org.testng.SuiteRunner.run(SuiteRunner.java:254)
	at org.testng.SuiteRunnerWorker.runSuite(SuiteRunnerWorker.java:52)
	at org.testng.SuiteRunnerWorker.run(SuiteRunnerWorker.java:86)
	at org.testng.TestNG.runSuitesSequentially(TestNG.java:1224)
	at org.testng.TestNG.runSuitesLocally(TestNG.java:1149)
	at org.testng.TestNG.run(TestNG.java:1057)
	at org.testng.remote.AbstractRemoteTestNG.run(AbstractRemoteTestNG.java:132)
	at org.testng.remote.RemoteTestNG.initAndRun(RemoteTestNG.java:230)
	at org.testng.remote.RemoteTestNG.main(RemoteTestNG.java:76)
]]>
    </error>
  </testcase> <!-- wmsGetMapLayerCrs_Mandatory_EPSG_3395_Supported -->
  <testcase name="wmsGetMapLayerCrs_Conditional_Supported" time="0.001" classname="ets.wms13.core.dgiwg.testsuite.getmap.GetMapLayerCrsTest">
    <error type="java.lang.AssertionError" message="Layer 29 does not support CRS EPSG:32661 expected [true] but found [false]">
      <![CDATA[java.lang.AssertionError: Layer 29 does not support CRS EPSG:32661 expected [true] but found [false]
	at org.testng.Assert.fail(Assert.java:94)
	at org.testng.Assert.failNotEquals(Assert.java:494)
	at org.testng.Assert.assertTrue(Assert.java:42)
	at ets.wms13.core.dgiwg.testsuite.getmap.GetMapLayerCrsTest.findBboxOrSkipTestIfCrsIsNotSupported(GetMapLayerCrsTest.java:118)
	at ets.wms13.core.dgiwg.testsuite.getmap.GetMapLayerCrsTest.sendGetMapCrsRequest(GetMapLayerCrsTest.java:126)
	at ets.wms13.core.dgiwg.testsuite.getmap.GetMapLayerCrsTest.wmsGetMapLayerCrs_Conditional_Supported(GetMapLayerCrsTest.java:97)
	at sun.reflect.GeneratedMethodAccessor6.invoke(Unknown Source)
	at sun.reflect.DelegatingMethodAccessorImpl.invoke(DelegatingMethodAccessorImpl.java:43)
	at java.lang.reflect.Method.invoke(Method.java:498)
	at org.testng.internal.MethodInvocationHelper.invokeMethod(MethodInvocationHelper.java:84)
	at org.testng.internal.Invoker.invokeMethod(Invoker.java:714)
	at org.testng.internal.Invoker.invokeTestMethod(Invoker.java:901)
	at org.testng.internal.Invoker.invokeTestMethods(Invoker.java:1231)
	at org.testng.internal.TestMethodWorker.invokeTestMethods(TestMethodWorker.java:127)
	at org.testng.internal.TestMethodWorker.run(TestMethodWorker.java:111)
	at org.testng.TestRunner.privateRun(TestRunner.java:767)
	at org.testng.TestRunner.run(TestRunner.java:617)
	at org.testng.SuiteRunner.runTest(SuiteRunner.java:348)
	at org.testng.SuiteRunner.runSequentially(SuiteRunner.java:343)
	at org.testng.SuiteRunner.privateRun(SuiteRunner.java:305)
	at org.testng.SuiteRunner.run(SuiteRunner.java:254)
	at org.testng.SuiteRunnerWorker.runSuite(SuiteRunnerWorker.java:52)
	at org.testng.SuiteRunnerWorker.run(SuiteRunnerWorker.java:86)
	at org.testng.TestNG.runSuitesSequentially(TestNG.java:1224)
	at org.testng.TestNG.runSuitesLocally(TestNG.java:1149)
	at org.testng.TestNG.run(TestNG.java:1057)
	at org.testng.remote.AbstractRemoteTestNG.run(AbstractRemoteTestNG.java:132)
	at org.testng.remote.RemoteTestNG.initAndRun(RemoteTestNG.java:230)
	at org.testng.remote.RemoteTestNG.main(RemoteTestNG.java:76)
]]>
    </error>
  </testcase> <!-- wmsGetMapLayerCrs_Conditional_Supported -->
  <testcase name="wmsGetMapLayerCrs_Mandatory_CRS_84_Supported" time="0.123" classname="ets.wms13.core.dgiwg.testsuite.getmap.GetMapLayerCrsTest"/>
  <testcase name="wmsGetMapLayerCrs_Mandatory_EPSG_3395_Supported" time="0.001" classname="ets.wms13.core.dgiwg.testsuite.getmap.GetMapLayerCrsTest">
    <error type="java.lang.AssertionError" message="Layer 8 does not support CRS EPSG:3395 expected [true] but found [false]">
      <![CDATA[java.lang.AssertionError: Layer 8 does not support CRS EPSG:3395 expected [true] but found [false]
	at org.testng.Assert.fail(Assert.java:94)
	at org.testng.Assert.failNotEquals(Assert.java:494)
	at org.testng.Assert.assertTrue(Assert.java:42)
	at ets.wms13.core.dgiwg.testsuite.getmap.GetMapLayerCrsTest.findBboxOrSkipTestIfCrsIsNotSupported(GetMapLayerCrsTest.java:118)
	at ets.wms13.core.dgiwg.testsuite.getmap.GetMapLayerCrsTest.sendGetMapCrsRequest(GetMapLayerCrsTest.java:126)
	at ets.wms13.core.dgiwg.testsuite.getmap.GetMapLayerCrsTest.wmsGetMapLayerCrs_Mandatory_EPSG_3395_Supported(GetMapLayerCrsTest.java:85)
	at sun.reflect.NativeMethodAccessorImpl.invoke0(Native Method)
	at sun.reflect.NativeMethodAccessorImpl.invoke(NativeMethodAccessorImpl.java:62)
	at sun.reflect.DelegatingMethodAccessorImpl.invoke(DelegatingMethodAccessorImpl.java:43)
	at java.lang.reflect.Method.invoke(Method.java:498)
	at org.testng.internal.MethodInvocationHelper.invokeMethod(MethodInvocationHelper.java:84)
	at org.testng.internal.Invoker.invokeMethod(Invoker.java:714)
	at org.testng.internal.Invoker.invokeTestMethod(Invoker.java:901)
	at org.testng.internal.Invoker.invokeTestMethods(Invoker.java:1231)
	at org.testng.internal.TestMethodWorker.invokeTestMethods(TestMethodWorker.java:127)
	at org.testng.internal.TestMethodWorker.run(TestMethodWorker.java:111)
	at org.testng.TestRunner.privateRun(TestRunner.java:767)
	at org.testng.TestRunner.run(TestRunner.java:617)
	at org.testng.SuiteRunner.runTest(SuiteRunner.java:348)
	at org.testng.SuiteRunner.runSequentially(SuiteRunner.java:343)
	at org.testng.SuiteRunner.privateRun(SuiteRunner.java:305)
	at org.testng.SuiteRunner.run(SuiteRunner.java:254)
	at org.testng.SuiteRunnerWorker.runSuite(SuiteRunnerWorker.java:52)
	at org.testng.SuiteRunnerWorker.run(SuiteRunnerWorker.java:86)
	at org.testng.TestNG.runSuitesSequentially(TestNG.java:1224)
	at org.testng.TestNG.runSuitesLocally(TestNG.java:1149)
	at org.testng.TestNG.run(TestNG.java:1057)
	at org.testng.remote.AbstractRemoteTestNG.run(AbstractRemoteTestNG.java:132)
	at org.testng.remote.RemoteTestNG.initAndRun(RemoteTestNG.java:230)
	at org.testng.remote.RemoteTestNG.main(RemoteTestNG.java:76)
]]>
    </error>
  </testcase> <!-- wmsGetMapLayerCrs_Mandatory_EPSG_3395_Supported -->
  <testcase name="wmsGetMapLayerCrs_Mandatory_EPSG_4326_Supported" time="0.120" classname="ets.wms13.core.dgiwg.testsuite.getmap.GetMapLayerCrsTest"/>
  <testcase name="wmsGetMapLayerCrs_Mandatory_EPSG_4326_Supported" time="0.154" classname="ets.wms13.core.dgiwg.testsuite.getmap.GetMapLayerCrsTest"/>
  <testcase name="wmsGetMapLayerCrs_Conditional_Supported" time="0.002" classname="ets.wms13.core.dgiwg.testsuite.getmap.GetMapLayerCrsTest">
    <error type="java.lang.AssertionError" message="Layer 17 does not support CRS EPSG:32661 expected [true] but found [false]">
      <![CDATA[java.lang.AssertionError: Layer 17 does not support CRS EPSG:32661 expected [true] but found [false]
	at org.testng.Assert.fail(Assert.java:94)
	at org.testng.Assert.failNotEquals(Assert.java:494)
	at org.testng.Assert.assertTrue(Assert.java:42)
	at ets.wms13.core.dgiwg.testsuite.getmap.GetMapLayerCrsTest.findBboxOrSkipTestIfCrsIsNotSupported(GetMapLayerCrsTest.java:118)
	at ets.wms13.core.dgiwg.testsuite.getmap.GetMapLayerCrsTest.sendGetMapCrsRequest(GetMapLayerCrsTest.java:126)
	at ets.wms13.core.dgiwg.testsuite.getmap.GetMapLayerCrsTest.wmsGetMapLayerCrs_Conditional_Supported(GetMapLayerCrsTest.java:97)
	at sun.reflect.GeneratedMethodAccessor6.invoke(Unknown Source)
	at sun.reflect.DelegatingMethodAccessorImpl.invoke(DelegatingMethodAccessorImpl.java:43)
	at java.lang.reflect.Method.invoke(Method.java:498)
	at org.testng.internal.MethodInvocationHelper.invokeMethod(MethodInvocationHelper.java:84)
	at org.testng.internal.Invoker.invokeMethod(Invoker.java:714)
	at org.testng.internal.Invoker.invokeTestMethod(Invoker.java:901)
	at org.testng.internal.Invoker.invokeTestMethods(Invoker.java:1231)
	at org.testng.internal.TestMethodWorker.invokeTestMethods(TestMethodWorker.java:127)
	at org.testng.internal.TestMethodWorker.run(TestMethodWorker.java:111)
	at org.testng.TestRunner.privateRun(TestRunner.java:767)
	at org.testng.TestRunner.run(TestRunner.java:617)
	at org.testng.SuiteRunner.runTest(SuiteRunner.java:348)
	at org.testng.SuiteRunner.runSequentially(SuiteRunner.java:343)
	at org.testng.SuiteRunner.privateRun(SuiteRunner.java:305)
	at org.testng.SuiteRunner.run(SuiteRunner.java:254)
	at org.testng.SuiteRunnerWorker.runSuite(SuiteRunnerWorker.java:52)
	at org.testng.SuiteRunnerWorker.run(SuiteRunnerWorker.java:86)
	at org.testng.TestNG.runSuitesSequentially(TestNG.java:1224)
	at org.testng.TestNG.runSuitesLocally(TestNG.java:1149)
	at org.testng.TestNG.run(TestNG.java:1057)
	at org.testng.remote.AbstractRemoteTestNG.run(AbstractRemoteTestNG.java:132)
	at org.testng.remote.RemoteTestNG.initAndRun(RemoteTestNG.java:230)
	at org.testng.remote.RemoteTestNG.main(RemoteTestNG.java:76)
]]>
    </error>
  </testcase> <!-- wmsGetMapLayerCrs_Conditional_Supported -->
  <testcase name="wmsGetMapLayerCrs_Mandatory_EPSG_3395_Supported" time="0.001" classname="ets.wms13.core.dgiwg.testsuite.getmap.GetMapLayerCrsTest">
    <error type="java.lang.AssertionError" message="Layer 26 does not support CRS EPSG:3395 expected [true] but found [false]">
      <![CDATA[java.lang.AssertionError: Layer 26 does not support CRS EPSG:3395 expected [true] but found [false]
	at org.testng.Assert.fail(Assert.java:94)
	at org.testng.Assert.failNotEquals(Assert.java:494)
	at org.testng.Assert.assertTrue(Assert.java:42)
	at ets.wms13.core.dgiwg.testsuite.getmap.GetMapLayerCrsTest.findBboxOrSkipTestIfCrsIsNotSupported(GetMapLayerCrsTest.java:118)
	at ets.wms13.core.dgiwg.testsuite.getmap.GetMapLayerCrsTest.sendGetMapCrsRequest(GetMapLayerCrsTest.java:126)
	at ets.wms13.core.dgiwg.testsuite.getmap.GetMapLayerCrsTest.wmsGetMapLayerCrs_Mandatory_EPSG_3395_Supported(GetMapLayerCrsTest.java:85)
	at sun.reflect.GeneratedMethodAccessor8.invoke(Unknown Source)
	at sun.reflect.DelegatingMethodAccessorImpl.invoke(DelegatingMethodAccessorImpl.java:43)
	at java.lang.reflect.Method.invoke(Method.java:498)
	at org.testng.internal.MethodInvocationHelper.invokeMethod(MethodInvocationHelper.java:84)
	at org.testng.internal.Invoker.invokeMethod(Invoker.java:714)
	at org.testng.internal.Invoker.invokeTestMethod(Invoker.java:901)
	at org.testng.internal.Invoker.invokeTestMethods(Invoker.java:1231)
	at org.testng.internal.TestMethodWorker.invokeTestMethods(TestMethodWorker.java:127)
	at org.testng.internal.TestMethodWorker.run(TestMethodWorker.java:111)
	at org.testng.TestRunner.privateRun(TestRunner.java:767)
	at org.testng.TestRunner.run(TestRunner.java:617)
	at org.testng.SuiteRunner.runTest(SuiteRunner.java:348)
	at org.testng.SuiteRunner.runSequentially(SuiteRunner.java:343)
	at org.testng.SuiteRunner.privateRun(SuiteRunner.java:305)
	at org.testng.SuiteRunner.run(SuiteRunner.java:254)
	at org.testng.SuiteRunnerWorker.runSuite(SuiteRunnerWorker.java:52)
	at org.testng.SuiteRunnerWorker.run(SuiteRunnerWorker.java:86)
	at org.testng.TestNG.runSuitesSequentially(TestNG.java:1224)
	at org.testng.TestNG.runSuitesLocally(TestNG.java:1149)
	at org.testng.TestNG.run(TestNG.java:1057)
	at org.testng.remote.AbstractRemoteTestNG.run(AbstractRemoteTestNG.java:132)
	at org.testng.remote.RemoteTestNG.initAndRun(RemoteTestNG.java:230)
	at org.testng.remote.RemoteTestNG.main(RemoteTestNG.java:76)
]]>
    </error>
  </testcase> <!-- wmsGetMapLayerCrs_Mandatory_EPSG_3395_Supported -->
  <testcase name="wmsGetMapLayerCrs_Mandatory_CRS_84_Supported" time="0.120" classname="ets.wms13.core.dgiwg.testsuite.getmap.GetMapLayerCrsTest"/>
  <testcase name="wmsGetMapLayerCrs_Mandatory_CRS_84_Supported" time="0.122" classname="ets.wms13.core.dgiwg.testsuite.getmap.GetMapLayerCrsTest"/>
  <testcase name="wmsGetMapLayerCrs_Mandatory_EPSG_3395_Supported" time="0.001" classname="ets.wms13.core.dgiwg.testsuite.getmap.GetMapLayerCrsTest">
    <error type="java.lang.AssertionError" message="Layer 9 does not support CRS EPSG:3395 expected [true] but found [false]">
      <![CDATA[java.lang.AssertionError: Layer 9 does not support CRS EPSG:3395 expected [true] but found [false]
	at org.testng.Assert.fail(Assert.java:94)
	at org.testng.Assert.failNotEquals(Assert.java:494)
	at org.testng.Assert.assertTrue(Assert.java:42)
	at ets.wms13.core.dgiwg.testsuite.getmap.GetMapLayerCrsTest.findBboxOrSkipTestIfCrsIsNotSupported(GetMapLayerCrsTest.java:118)
	at ets.wms13.core.dgiwg.testsuite.getmap.GetMapLayerCrsTest.sendGetMapCrsRequest(GetMapLayerCrsTest.java:126)
	at ets.wms13.core.dgiwg.testsuite.getmap.GetMapLayerCrsTest.wmsGetMapLayerCrs_Mandatory_EPSG_3395_Supported(GetMapLayerCrsTest.java:85)
	at sun.reflect.NativeMethodAccessorImpl.invoke0(Native Method)
	at sun.reflect.NativeMethodAccessorImpl.invoke(NativeMethodAccessorImpl.java:62)
	at sun.reflect.DelegatingMethodAccessorImpl.invoke(DelegatingMethodAccessorImpl.java:43)
	at java.lang.reflect.Method.invoke(Method.java:498)
	at org.testng.internal.MethodInvocationHelper.invokeMethod(MethodInvocationHelper.java:84)
	at org.testng.internal.Invoker.invokeMethod(Invoker.java:714)
	at org.testng.internal.Invoker.invokeTestMethod(Invoker.java:901)
	at org.testng.internal.Invoker.invokeTestMethods(Invoker.java:1231)
	at org.testng.internal.TestMethodWorker.invokeTestMethods(TestMethodWorker.java:127)
	at org.testng.internal.TestMethodWorker.run(TestMethodWorker.java:111)
	at org.testng.TestRunner.privateRun(TestRunner.java:767)
	at org.testng.TestRunner.run(TestRunner.java:617)
	at org.testng.SuiteRunner.runTest(SuiteRunner.java:348)
	at org.testng.SuiteRunner.runSequentially(SuiteRunner.java:343)
	at org.testng.SuiteRunner.privateRun(SuiteRunner.java:305)
	at org.testng.SuiteRunner.run(SuiteRunner.java:254)
	at org.testng.SuiteRunnerWorker.runSuite(SuiteRunnerWorker.java:52)
	at org.testng.SuiteRunnerWorker.run(SuiteRunnerWorker.java:86)
	at org.testng.TestNG.runSuitesSequentially(TestNG.java:1224)
	at org.testng.TestNG.runSuitesLocally(TestNG.java:1149)
	at org.testng.TestNG.run(TestNG.java:1057)
	at org.testng.remote.AbstractRemoteTestNG.run(AbstractRemoteTestNG.java:132)
	at org.testng.remote.RemoteTestNG.initAndRun(RemoteTestNG.java:230)
	at org.testng.remote.RemoteTestNG.main(RemoteTestNG.java:76)
]]>
    </error>
  </testcase> <!-- wmsGetMapLayerCrs_Mandatory_EPSG_3395_Supported -->
  <testcase name="wmsGetMapLayerCrs_Mandatory_EPSG_3395_Supported" time="0.000" classname="ets.wms13.core.dgiwg.testsuite.getmap.GetMapLayerCrsTest">
    <error type="java.lang.AssertionError" message="Layer 3 does not support CRS EPSG:3395 expected [true] but found [false]">
      <![CDATA[java.lang.AssertionError: Layer 3 does not support CRS EPSG:3395 expected [true] but found [false]
	at org.testng.Assert.fail(Assert.java:94)
	at org.testng.Assert.failNotEquals(Assert.java:494)
	at org.testng.Assert.assertTrue(Assert.java:42)
	at ets.wms13.core.dgiwg.testsuite.getmap.GetMapLayerCrsTest.findBboxOrSkipTestIfCrsIsNotSupported(GetMapLayerCrsTest.java:118)
	at ets.wms13.core.dgiwg.testsuite.getmap.GetMapLayerCrsTest.sendGetMapCrsRequest(GetMapLayerCrsTest.java:126)
	at ets.wms13.core.dgiwg.testsuite.getmap.GetMapLayerCrsTest.wmsGetMapLayerCrs_Mandatory_EPSG_3395_Supported(GetMapLayerCrsTest.java:85)
	at sun.reflect.NativeMethodAccessorImpl.invoke0(Native Method)
	at sun.reflect.NativeMethodAccessorImpl.invoke(NativeMethodAccessorImpl.java:62)
	at sun.reflect.DelegatingMethodAccessorImpl.invoke(DelegatingMethodAccessorImpl.java:43)
	at java.lang.reflect.Method.invoke(Method.java:498)
	at org.testng.internal.MethodInvocationHelper.invokeMethod(MethodInvocationHelper.java:84)
	at org.testng.internal.Invoker.invokeMethod(Invoker.java:714)
	at org.testng.internal.Invoker.invokeTestMethod(Invoker.java:901)
	at org.testng.internal.Invoker.invokeTestMethods(Invoker.java:1231)
	at org.testng.internal.TestMethodWorker.invokeTestMethods(TestMethodWorker.java:127)
	at org.testng.internal.TestMethodWorker.run(TestMethodWorker.java:111)
	at org.testng.TestRunner.privateRun(TestRunner.java:767)
	at org.testng.TestRunner.run(TestRunner.java:617)
	at org.testng.SuiteRunner.runTest(SuiteRunner.java:348)
	at org.testng.SuiteRunner.runSequentially(SuiteRunner.java:343)
	at org.testng.SuiteRunner.privateRun(SuiteRunner.java:305)
	at org.testng.SuiteRunner.run(SuiteRunner.java:254)
	at org.testng.SuiteRunnerWorker.runSuite(SuiteRunnerWorker.java:52)
	at org.testng.SuiteRunnerWorker.run(SuiteRunnerWorker.java:86)
	at org.testng.TestNG.runSuitesSequentially(TestNG.java:1224)
	at org.testng.TestNG.runSuitesLocally(TestNG.java:1149)
	at org.testng.TestNG.run(TestNG.java:1057)
	at org.testng.remote.AbstractRemoteTestNG.run(AbstractRemoteTestNG.java:132)
	at org.testng.remote.RemoteTestNG.initAndRun(RemoteTestNG.java:230)
	at org.testng.remote.RemoteTestNG.main(RemoteTestNG.java:76)
]]>
    </error>
  </testcase> <!-- wmsGetMapLayerCrs_Mandatory_EPSG_3395_Supported -->
  <testcase name="wmsGetMapLayerCrs_Conditional_Supported" time="0.001" classname="ets.wms13.core.dgiwg.testsuite.getmap.GetMapLayerCrsTest">
    <error type="java.lang.AssertionError" message="Layer 32 does not support CRS EPSG:32661 expected [true] but found [false]">
      <![CDATA[java.lang.AssertionError: Layer 32 does not support CRS EPSG:32661 expected [true] but found [false]
	at org.testng.Assert.fail(Assert.java:94)
	at org.testng.Assert.failNotEquals(Assert.java:494)
	at org.testng.Assert.assertTrue(Assert.java:42)
	at ets.wms13.core.dgiwg.testsuite.getmap.GetMapLayerCrsTest.findBboxOrSkipTestIfCrsIsNotSupported(GetMapLayerCrsTest.java:118)
	at ets.wms13.core.dgiwg.testsuite.getmap.GetMapLayerCrsTest.sendGetMapCrsRequest(GetMapLayerCrsTest.java:126)
	at ets.wms13.core.dgiwg.testsuite.getmap.GetMapLayerCrsTest.wmsGetMapLayerCrs_Conditional_Supported(GetMapLayerCrsTest.java:97)
	at sun.reflect.GeneratedMethodAccessor6.invoke(Unknown Source)
	at sun.reflect.DelegatingMethodAccessorImpl.invoke(DelegatingMethodAccessorImpl.java:43)
	at java.lang.reflect.Method.invoke(Method.java:498)
	at org.testng.internal.MethodInvocationHelper.invokeMethod(MethodInvocationHelper.java:84)
	at org.testng.internal.Invoker.invokeMethod(Invoker.java:714)
	at org.testng.internal.Invoker.invokeTestMethod(Invoker.java:901)
	at org.testng.internal.Invoker.invokeTestMethods(Invoker.java:1231)
	at org.testng.internal.TestMethodWorker.invokeTestMethods(TestMethodWorker.java:127)
	at org.testng.internal.TestMethodWorker.run(TestMethodWorker.java:111)
	at org.testng.TestRunner.privateRun(TestRunner.java:767)
	at org.testng.TestRunner.run(TestRunner.java:617)
	at org.testng.SuiteRunner.runTest(SuiteRunner.java:348)
	at org.testng.SuiteRunner.runSequentially(SuiteRunner.java:343)
	at org.testng.SuiteRunner.privateRun(SuiteRunner.java:305)
	at org.testng.SuiteRunner.run(SuiteRunner.java:254)
	at org.testng.SuiteRunnerWorker.runSuite(SuiteRunnerWorker.java:52)
	at org.testng.SuiteRunnerWorker.run(SuiteRunnerWorker.java:86)
	at org.testng.TestNG.runSuitesSequentially(TestNG.java:1224)
	at org.testng.TestNG.runSuitesLocally(TestNG.java:1149)
	at org.testng.TestNG.run(TestNG.java:1057)
	at org.testng.remote.AbstractRemoteTestNG.run(AbstractRemoteTestNG.java:132)
	at org.testng.remote.RemoteTestNG.initAndRun(RemoteTestNG.java:230)
	at org.testng.remote.RemoteTestNG.main(RemoteTestNG.java:76)
]]>
    </error>
  </testcase> <!-- wmsGetMapLayerCrs_Conditional_Supported -->
  <testcase name="wmsGetMapLayerCrs_Mandatory_EPSG_3395_Supported" time="0.001" classname="ets.wms13.core.dgiwg.testsuite.getmap.GetMapLayerCrsTest">
    <error type="java.lang.AssertionError" message="Layer 0 does not support CRS EPSG:3395 expected [true] but found [false]">
      <![CDATA[java.lang.AssertionError: Layer 0 does not support CRS EPSG:3395 expected [true] but found [false]
	at org.testng.Assert.fail(Assert.java:94)
	at org.testng.Assert.failNotEquals(Assert.java:494)
	at org.testng.Assert.assertTrue(Assert.java:42)
	at ets.wms13.core.dgiwg.testsuite.getmap.GetMapLayerCrsTest.findBboxOrSkipTestIfCrsIsNotSupported(GetMapLayerCrsTest.java:118)
	at ets.wms13.core.dgiwg.testsuite.getmap.GetMapLayerCrsTest.sendGetMapCrsRequest(GetMapLayerCrsTest.java:126)
	at ets.wms13.core.dgiwg.testsuite.getmap.GetMapLayerCrsTest.wmsGetMapLayerCrs_Mandatory_EPSG_3395_Supported(GetMapLayerCrsTest.java:85)
	at sun.reflect.NativeMethodAccessorImpl.invoke0(Native Method)
	at sun.reflect.NativeMethodAccessorImpl.invoke(NativeMethodAccessorImpl.java:62)
	at sun.reflect.DelegatingMethodAccessorImpl.invoke(DelegatingMethodAccessorImpl.java:43)
	at java.lang.reflect.Method.invoke(Method.java:498)
	at org.testng.internal.MethodInvocationHelper.invokeMethod(MethodInvocationHelper.java:84)
	at org.testng.internal.Invoker.invokeMethod(Invoker.java:714)
	at org.testng.internal.Invoker.invokeTestMethod(Invoker.java:901)
	at org.testng.internal.Invoker.invokeTestMethods(Invoker.java:1231)
	at org.testng.internal.TestMethodWorker.invokeTestMethods(TestMethodWorker.java:127)
	at org.testng.internal.TestMethodWorker.run(TestMethodWorker.java:111)
	at org.testng.TestRunner.privateRun(TestRunner.java:767)
	at org.testng.TestRunner.run(TestRunner.java:617)
	at org.testng.SuiteRunner.runTest(SuiteRunner.java:348)
	at org.testng.SuiteRunner.runSequentially(SuiteRunner.java:343)
	at org.testng.SuiteRunner.privateRun(SuiteRunner.java:305)
	at org.testng.SuiteRunner.run(SuiteRunner.java:254)
	at org.testng.SuiteRunnerWorker.runSuite(SuiteRunnerWorker.java:52)
	at org.testng.SuiteRunnerWorker.run(SuiteRunnerWorker.java:86)
	at org.testng.TestNG.runSuitesSequentially(TestNG.java:1224)
	at org.testng.TestNG.runSuitesLocally(TestNG.java:1149)
	at org.testng.TestNG.run(TestNG.java:1057)
	at org.testng.remote.AbstractRemoteTestNG.run(AbstractRemoteTestNG.java:132)
	at org.testng.remote.RemoteTestNG.initAndRun(RemoteTestNG.java:230)
	at org.testng.remote.RemoteTestNG.main(RemoteTestNG.java:76)
]]>
    </error>
  </testcase> <!-- wmsGetMapLayerCrs_Mandatory_EPSG_3395_Supported -->
  <testcase name="wmsGetMapLayerCrs_Mandatory_CRS_84_Supported" time="0.123" classname="ets.wms13.core.dgiwg.testsuite.getmap.GetMapLayerCrsTest"/>
  <testcase name="wmsGetMapLayerCrs_Mandatory_EPSG_3395_Supported" time="0.002" classname="ets.wms13.core.dgiwg.testsuite.getmap.GetMapLayerCrsTest">
    <error type="java.lang.AssertionError" message="Layer 7 does not support CRS EPSG:3395 expected [true] but found [false]">
      <![CDATA[java.lang.AssertionError: Layer 7 does not support CRS EPSG:3395 expected [true] but found [false]
	at org.testng.Assert.fail(Assert.java:94)
	at org.testng.Assert.failNotEquals(Assert.java:494)
	at org.testng.Assert.assertTrue(Assert.java:42)
	at ets.wms13.core.dgiwg.testsuite.getmap.GetMapLayerCrsTest.findBboxOrSkipTestIfCrsIsNotSupported(GetMapLayerCrsTest.java:118)
	at ets.wms13.core.dgiwg.testsuite.getmap.GetMapLayerCrsTest.sendGetMapCrsRequest(GetMapLayerCrsTest.java:126)
	at ets.wms13.core.dgiwg.testsuite.getmap.GetMapLayerCrsTest.wmsGetMapLayerCrs_Mandatory_EPSG_3395_Supported(GetMapLayerCrsTest.java:85)
	at sun.reflect.NativeMethodAccessorImpl.invoke0(Native Method)
	at sun.reflect.NativeMethodAccessorImpl.invoke(NativeMethodAccessorImpl.java:62)
	at sun.reflect.DelegatingMethodAccessorImpl.invoke(DelegatingMethodAccessorImpl.java:43)
	at java.lang.reflect.Method.invoke(Method.java:498)
	at org.testng.internal.MethodInvocationHelper.invokeMethod(MethodInvocationHelper.java:84)
	at org.testng.internal.Invoker.invokeMethod(Invoker.java:714)
	at org.testng.internal.Invoker.invokeTestMethod(Invoker.java:901)
	at org.testng.internal.Invoker.invokeTestMethods(Invoker.java:1231)
	at org.testng.internal.TestMethodWorker.invokeTestMethods(TestMethodWorker.java:127)
	at org.testng.internal.TestMethodWorker.run(TestMethodWorker.java:111)
	at org.testng.TestRunner.privateRun(TestRunner.java:767)
	at org.testng.TestRunner.run(TestRunner.java:617)
	at org.testng.SuiteRunner.runTest(SuiteRunner.java:348)
	at org.testng.SuiteRunner.runSequentially(SuiteRunner.java:343)
	at org.testng.SuiteRunner.privateRun(SuiteRunner.java:305)
	at org.testng.SuiteRunner.run(SuiteRunner.java:254)
	at org.testng.SuiteRunnerWorker.runSuite(SuiteRunnerWorker.java:52)
	at org.testng.SuiteRunnerWorker.run(SuiteRunnerWorker.java:86)
	at org.testng.TestNG.runSuitesSequentially(TestNG.java:1224)
	at org.testng.TestNG.runSuitesLocally(TestNG.java:1149)
	at org.testng.TestNG.run(TestNG.java:1057)
	at org.testng.remote.AbstractRemoteTestNG.run(AbstractRemoteTestNG.java:132)
	at org.testng.remote.RemoteTestNG.initAndRun(RemoteTestNG.java:230)
	at org.testng.remote.RemoteTestNG.main(RemoteTestNG.java:76)
]]>
    </error>
  </testcase> <!-- wmsGetMapLayerCrs_Mandatory_EPSG_3395_Supported -->
  <testcase name="wmsGetMapLayerCrs_Conditional_Supported" time="0.001" classname="ets.wms13.core.dgiwg.testsuite.getmap.GetMapLayerCrsTest">
    <error type="java.lang.AssertionError" message="Layer 6 does not support CRS EPSG:32661 expected [true] but found [false]">
      <![CDATA[java.lang.AssertionError: Layer 6 does not support CRS EPSG:32661 expected [true] but found [false]
	at org.testng.Assert.fail(Assert.java:94)
	at org.testng.Assert.failNotEquals(Assert.java:494)
	at org.testng.Assert.assertTrue(Assert.java:42)
	at ets.wms13.core.dgiwg.testsuite.getmap.GetMapLayerCrsTest.findBboxOrSkipTestIfCrsIsNotSupported(GetMapLayerCrsTest.java:118)
	at ets.wms13.core.dgiwg.testsuite.getmap.GetMapLayerCrsTest.sendGetMapCrsRequest(GetMapLayerCrsTest.java:126)
	at ets.wms13.core.dgiwg.testsuite.getmap.GetMapLayerCrsTest.wmsGetMapLayerCrs_Conditional_Supported(GetMapLayerCrsTest.java:97)
	at sun.reflect.NativeMethodAccessorImpl.invoke0(Native Method)
	at sun.reflect.NativeMethodAccessorImpl.invoke(NativeMethodAccessorImpl.java:62)
	at sun.reflect.DelegatingMethodAccessorImpl.invoke(DelegatingMethodAccessorImpl.java:43)
	at java.lang.reflect.Method.invoke(Method.java:498)
	at org.testng.internal.MethodInvocationHelper.invokeMethod(MethodInvocationHelper.java:84)
	at org.testng.internal.Invoker.invokeMethod(Invoker.java:714)
	at org.testng.internal.Invoker.invokeTestMethod(Invoker.java:901)
	at org.testng.internal.Invoker.invokeTestMethods(Invoker.java:1231)
	at org.testng.internal.TestMethodWorker.invokeTestMethods(TestMethodWorker.java:127)
	at org.testng.internal.TestMethodWorker.run(TestMethodWorker.java:111)
	at org.testng.TestRunner.privateRun(TestRunner.java:767)
	at org.testng.TestRunner.run(TestRunner.java:617)
	at org.testng.SuiteRunner.runTest(SuiteRunner.java:348)
	at org.testng.SuiteRunner.runSequentially(SuiteRunner.java:343)
	at org.testng.SuiteRunner.privateRun(SuiteRunner.java:305)
	at org.testng.SuiteRunner.run(SuiteRunner.java:254)
	at org.testng.SuiteRunnerWorker.runSuite(SuiteRunnerWorker.java:52)
	at org.testng.SuiteRunnerWorker.run(SuiteRunnerWorker.java:86)
	at org.testng.TestNG.runSuitesSequentially(TestNG.java:1224)
	at org.testng.TestNG.runSuitesLocally(TestNG.java:1149)
	at org.testng.TestNG.run(TestNG.java:1057)
	at org.testng.remote.AbstractRemoteTestNG.run(AbstractRemoteTestNG.java:132)
	at org.testng.remote.RemoteTestNG.initAndRun(RemoteTestNG.java:230)
	at org.testng.remote.RemoteTestNG.main(RemoteTestNG.java:76)
]]>
    </error>
  </testcase> <!-- wmsGetMapLayerCrs_Conditional_Supported -->
  <testcase name="wmsGetMapLayerCrs_Mandatory_EPSG_3395_Supported" time="0.000" classname="ets.wms13.core.dgiwg.testsuite.getmap.GetMapLayerCrsTest">
    <error type="java.lang.AssertionError" message="Layer 25 does not support CRS EPSG:3395 expected [true] but found [false]">
      <![CDATA[java.lang.AssertionError: Layer 25 does not support CRS EPSG:3395 expected [true] but found [false]
	at org.testng.Assert.fail(Assert.java:94)
	at org.testng.Assert.failNotEquals(Assert.java:494)
	at org.testng.Assert.assertTrue(Assert.java:42)
	at ets.wms13.core.dgiwg.testsuite.getmap.GetMapLayerCrsTest.findBboxOrSkipTestIfCrsIsNotSupported(GetMapLayerCrsTest.java:118)
	at ets.wms13.core.dgiwg.testsuite.getmap.GetMapLayerCrsTest.sendGetMapCrsRequest(GetMapLayerCrsTest.java:126)
	at ets.wms13.core.dgiwg.testsuite.getmap.GetMapLayerCrsTest.wmsGetMapLayerCrs_Mandatory_EPSG_3395_Supported(GetMapLayerCrsTest.java:85)
	at sun.reflect.GeneratedMethodAccessor8.invoke(Unknown Source)
	at sun.reflect.DelegatingMethodAccessorImpl.invoke(DelegatingMethodAccessorImpl.java:43)
	at java.lang.reflect.Method.invoke(Method.java:498)
	at org.testng.internal.MethodInvocationHelper.invokeMethod(MethodInvocationHelper.java:84)
	at org.testng.internal.Invoker.invokeMethod(Invoker.java:714)
	at org.testng.internal.Invoker.invokeTestMethod(Invoker.java:901)
	at org.testng.internal.Invoker.invokeTestMethods(Invoker.java:1231)
	at org.testng.internal.TestMethodWorker.invokeTestMethods(TestMethodWorker.java:127)
	at org.testng.internal.TestMethodWorker.run(TestMethodWorker.java:111)
	at org.testng.TestRunner.privateRun(TestRunner.java:767)
	at org.testng.TestRunner.run(TestRunner.java:617)
	at org.testng.SuiteRunner.runTest(SuiteRunner.java:348)
	at org.testng.SuiteRunner.runSequentially(SuiteRunner.java:343)
	at org.testng.SuiteRunner.privateRun(SuiteRunner.java:305)
	at org.testng.SuiteRunner.run(SuiteRunner.java:254)
	at org.testng.SuiteRunnerWorker.runSuite(SuiteRunnerWorker.java:52)
	at org.testng.SuiteRunnerWorker.run(SuiteRunnerWorker.java:86)
	at org.testng.TestNG.runSuitesSequentially(TestNG.java:1224)
	at org.testng.TestNG.runSuitesLocally(TestNG.java:1149)
	at org.testng.TestNG.run(TestNG.java:1057)
	at org.testng.remote.AbstractRemoteTestNG.run(AbstractRemoteTestNG.java:132)
	at org.testng.remote.RemoteTestNG.initAndRun(RemoteTestNG.java:230)
	at org.testng.remote.RemoteTestNG.main(RemoteTestNG.java:76)
]]>
    </error>
  </testcase> <!-- wmsGetMapLayerCrs_Mandatory_EPSG_3395_Supported -->
  <testcase name="wmsGetMapLayerCrs_Mandatory_CRS_84_Supported" time="0.118" classname="ets.wms13.core.dgiwg.testsuite.getmap.GetMapLayerCrsTest"/>
  <testcase name="wmsGetMapLayerCrs_Mandatory_CRS_84_Supported" time="0.121" classname="ets.wms13.core.dgiwg.testsuite.getmap.GetMapLayerCrsTest"/>
  <testcase name="wmsGetMapLayerCrs_Mandatory_EPSG_3395_Supported" time="0.001" classname="ets.wms13.core.dgiwg.testsuite.getmap.GetMapLayerCrsTest">
    <error type="java.lang.AssertionError" message="Layer 2 does not support CRS EPSG:3395 expected [true] but found [false]">
      <![CDATA[java.lang.AssertionError: Layer 2 does not support CRS EPSG:3395 expected [true] but found [false]
	at org.testng.Assert.fail(Assert.java:94)
	at org.testng.Assert.failNotEquals(Assert.java:494)
	at org.testng.Assert.assertTrue(Assert.java:42)
	at ets.wms13.core.dgiwg.testsuite.getmap.GetMapLayerCrsTest.findBboxOrSkipTestIfCrsIsNotSupported(GetMapLayerCrsTest.java:118)
	at ets.wms13.core.dgiwg.testsuite.getmap.GetMapLayerCrsTest.sendGetMapCrsRequest(GetMapLayerCrsTest.java:126)
	at ets.wms13.core.dgiwg.testsuite.getmap.GetMapLayerCrsTest.wmsGetMapLayerCrs_Mandatory_EPSG_3395_Supported(GetMapLayerCrsTest.java:85)
	at sun.reflect.NativeMethodAccessorImpl.invoke0(Native Method)
	at sun.reflect.NativeMethodAccessorImpl.invoke(NativeMethodAccessorImpl.java:62)
	at sun.reflect.DelegatingMethodAccessorImpl.invoke(DelegatingMethodAccessorImpl.java:43)
	at java.lang.reflect.Method.invoke(Method.java:498)
	at org.testng.internal.MethodInvocationHelper.invokeMethod(MethodInvocationHelper.java:84)
	at org.testng.internal.Invoker.invokeMethod(Invoker.java:714)
	at org.testng.internal.Invoker.invokeTestMethod(Invoker.java:901)
	at org.testng.internal.Invoker.invokeTestMethods(Invoker.java:1231)
	at org.testng.internal.TestMethodWorker.invokeTestMethods(TestMethodWorker.java:127)
	at org.testng.internal.TestMethodWorker.run(TestMethodWorker.java:111)
	at org.testng.TestRunner.privateRun(TestRunner.java:767)
	at org.testng.TestRunner.run(TestRunner.java:617)
	at org.testng.SuiteRunner.runTest(SuiteRunner.java:348)
	at org.testng.SuiteRunner.runSequentially(SuiteRunner.java:343)
	at org.testng.SuiteRunner.privateRun(SuiteRunner.java:305)
	at org.testng.SuiteRunner.run(SuiteRunner.java:254)
	at org.testng.SuiteRunnerWorker.runSuite(SuiteRunnerWorker.java:52)
	at org.testng.SuiteRunnerWorker.run(SuiteRunnerWorker.java:86)
	at org.testng.TestNG.runSuitesSequentially(TestNG.java:1224)
	at org.testng.TestNG.runSuitesLocally(TestNG.java:1149)
	at org.testng.TestNG.run(TestNG.java:1057)
	at org.testng.remote.AbstractRemoteTestNG.run(AbstractRemoteTestNG.java:132)
	at org.testng.remote.RemoteTestNG.initAndRun(RemoteTestNG.java:230)
	at org.testng.remote.RemoteTestNG.main(RemoteTestNG.java:76)
]]>
    </error>
  </testcase> <!-- wmsGetMapLayerCrs_Mandatory_EPSG_3395_Supported -->
  <testcase name="wmsGetMapLayerCrs_Mandatory_EPSG_3395_Supported" time="0.000" classname="ets.wms13.core.dgiwg.testsuite.getmap.GetMapLayerCrsTest">
    <error type="java.lang.AssertionError" message="Layer 17 does not support CRS EPSG:3395 expected [true] but found [false]">
      <![CDATA[java.lang.AssertionError: Layer 17 does not support CRS EPSG:3395 expected [true] but found [false]
	at org.testng.Assert.fail(Assert.java:94)
	at org.testng.Assert.failNotEquals(Assert.java:494)
	at org.testng.Assert.assertTrue(Assert.java:42)
	at ets.wms13.core.dgiwg.testsuite.getmap.GetMapLayerCrsTest.findBboxOrSkipTestIfCrsIsNotSupported(GetMapLayerCrsTest.java:118)
	at ets.wms13.core.dgiwg.testsuite.getmap.GetMapLayerCrsTest.sendGetMapCrsRequest(GetMapLayerCrsTest.java:126)
	at ets.wms13.core.dgiwg.testsuite.getmap.GetMapLayerCrsTest.wmsGetMapLayerCrs_Mandatory_EPSG_3395_Supported(GetMapLayerCrsTest.java:85)
	at sun.reflect.GeneratedMethodAccessor8.invoke(Unknown Source)
	at sun.reflect.DelegatingMethodAccessorImpl.invoke(DelegatingMethodAccessorImpl.java:43)
	at java.lang.reflect.Method.invoke(Method.java:498)
	at org.testng.internal.MethodInvocationHelper.invokeMethod(MethodInvocationHelper.java:84)
	at org.testng.internal.Invoker.invokeMethod(Invoker.java:714)
	at org.testng.internal.Invoker.invokeTestMethod(Invoker.java:901)
	at org.testng.internal.Invoker.invokeTestMethods(Invoker.java:1231)
	at org.testng.internal.TestMethodWorker.invokeTestMethods(TestMethodWorker.java:127)
	at org.testng.internal.TestMethodWorker.run(TestMethodWorker.java:111)
	at org.testng.TestRunner.privateRun(TestRunner.java:767)
	at org.testng.TestRunner.run(TestRunner.java:617)
	at org.testng.SuiteRunner.runTest(SuiteRunner.java:348)
	at org.testng.SuiteRunner.runSequentially(SuiteRunner.java:343)
	at org.testng.SuiteRunner.privateRun(SuiteRunner.java:305)
	at org.testng.SuiteRunner.run(SuiteRunner.java:254)
	at org.testng.SuiteRunnerWorker.runSuite(SuiteRunnerWorker.java:52)
	at org.testng.SuiteRunnerWorker.run(SuiteRunnerWorker.java:86)
	at org.testng.TestNG.runSuitesSequentially(TestNG.java:1224)
	at org.testng.TestNG.runSuitesLocally(TestNG.java:1149)
	at org.testng.TestNG.run(TestNG.java:1057)
	at org.testng.remote.AbstractRemoteTestNG.run(AbstractRemoteTestNG.java:132)
	at org.testng.remote.RemoteTestNG.initAndRun(RemoteTestNG.java:230)
	at org.testng.remote.RemoteTestNG.main(RemoteTestNG.java:76)
]]>
    </error>
  </testcase> <!-- wmsGetMapLayerCrs_Mandatory_EPSG_3395_Supported -->
  <testcase name="wmsGetMapLayerCrs_Conditional_Supported" time="0.003" classname="ets.wms13.core.dgiwg.testsuite.getmap.GetMapLayerCrsTest">
    <error type="java.lang.AssertionError" message="Layer 31 does not support CRS EPSG:32661 expected [true] but found [false]">
      <![CDATA[java.lang.AssertionError: Layer 31 does not support CRS EPSG:32661 expected [true] but found [false]
	at org.testng.Assert.fail(Assert.java:94)
	at org.testng.Assert.failNotEquals(Assert.java:494)
	at org.testng.Assert.assertTrue(Assert.java:42)
	at ets.wms13.core.dgiwg.testsuite.getmap.GetMapLayerCrsTest.findBboxOrSkipTestIfCrsIsNotSupported(GetMapLayerCrsTest.java:118)
	at ets.wms13.core.dgiwg.testsuite.getmap.GetMapLayerCrsTest.sendGetMapCrsRequest(GetMapLayerCrsTest.java:126)
	at ets.wms13.core.dgiwg.testsuite.getmap.GetMapLayerCrsTest.wmsGetMapLayerCrs_Conditional_Supported(GetMapLayerCrsTest.java:97)
	at sun.reflect.GeneratedMethodAccessor6.invoke(Unknown Source)
	at sun.reflect.DelegatingMethodAccessorImpl.invoke(DelegatingMethodAccessorImpl.java:43)
	at java.lang.reflect.Method.invoke(Method.java:498)
	at org.testng.internal.MethodInvocationHelper.invokeMethod(MethodInvocationHelper.java:84)
	at org.testng.internal.Invoker.invokeMethod(Invoker.java:714)
	at org.testng.internal.Invoker.invokeTestMethod(Invoker.java:901)
	at org.testng.internal.Invoker.invokeTestMethods(Invoker.java:1231)
	at org.testng.internal.TestMethodWorker.invokeTestMethods(TestMethodWorker.java:127)
	at org.testng.internal.TestMethodWorker.run(TestMethodWorker.java:111)
	at org.testng.TestRunner.privateRun(TestRunner.java:767)
	at org.testng.TestRunner.run(TestRunner.java:617)
	at org.testng.SuiteRunner.runTest(SuiteRunner.java:348)
	at org.testng.SuiteRunner.runSequentially(SuiteRunner.java:343)
	at org.testng.SuiteRunner.privateRun(SuiteRunner.java:305)
	at org.testng.SuiteRunner.run(SuiteRunner.java:254)
	at org.testng.SuiteRunnerWorker.runSuite(SuiteRunnerWorker.java:52)
	at org.testng.SuiteRunnerWorker.run(SuiteRunnerWorker.java:86)
	at org.testng.TestNG.runSuitesSequentially(TestNG.java:1224)
	at org.testng.TestNG.runSuitesLocally(TestNG.java:1149)
	at org.testng.TestNG.run(TestNG.java:1057)
	at org.testng.remote.AbstractRemoteTestNG.run(AbstractRemoteTestNG.java:132)
	at org.testng.remote.RemoteTestNG.initAndRun(RemoteTestNG.java:230)
	at org.testng.remote.RemoteTestNG.main(RemoteTestNG.java:76)
]]>
    </error>
  </testcase> <!-- wmsGetMapLayerCrs_Conditional_Supported -->
  <testcase name="wmsGetMapLayerCrs_Mandatory_EPSG_3395_Supported" time="0.001" classname="ets.wms13.core.dgiwg.testsuite.getmap.GetMapLayerCrsTest">
    <error type="java.lang.AssertionError" message="Layer 12 does not support CRS EPSG:3395 expected [true] but found [false]">
      <![CDATA[java.lang.AssertionError: Layer 12 does not support CRS EPSG:3395 expected [true] but found [false]
	at org.testng.Assert.fail(Assert.java:94)
	at org.testng.Assert.failNotEquals(Assert.java:494)
	at org.testng.Assert.assertTrue(Assert.java:42)
	at ets.wms13.core.dgiwg.testsuite.getmap.GetMapLayerCrsTest.findBboxOrSkipTestIfCrsIsNotSupported(GetMapLayerCrsTest.java:118)
	at ets.wms13.core.dgiwg.testsuite.getmap.GetMapLayerCrsTest.sendGetMapCrsRequest(GetMapLayerCrsTest.java:126)
	at ets.wms13.core.dgiwg.testsuite.getmap.GetMapLayerCrsTest.wmsGetMapLayerCrs_Mandatory_EPSG_3395_Supported(GetMapLayerCrsTest.java:85)
	at sun.reflect.NativeMethodAccessorImpl.invoke0(Native Method)
	at sun.reflect.NativeMethodAccessorImpl.invoke(NativeMethodAccessorImpl.java:62)
	at sun.reflect.DelegatingMethodAccessorImpl.invoke(DelegatingMethodAccessorImpl.java:43)
	at java.lang.reflect.Method.invoke(Method.java:498)
	at org.testng.internal.MethodInvocationHelper.invokeMethod(MethodInvocationHelper.java:84)
	at org.testng.internal.Invoker.invokeMethod(Invoker.java:714)
	at org.testng.internal.Invoker.invokeTestMethod(Invoker.java:901)
	at org.testng.internal.Invoker.invokeTestMethods(Invoker.java:1231)
	at org.testng.internal.TestMethodWorker.invokeTestMethods(TestMethodWorker.java:127)
	at org.testng.internal.TestMethodWorker.run(TestMethodWorker.java:111)
	at org.testng.TestRunner.privateRun(TestRunner.java:767)
	at org.testng.TestRunner.run(TestRunner.java:617)
	at org.testng.SuiteRunner.runTest(SuiteRunner.java:348)
	at org.testng.SuiteRunner.runSequentially(SuiteRunner.java:343)
	at org.testng.SuiteRunner.privateRun(SuiteRunner.java:305)
	at org.testng.SuiteRunner.run(SuiteRunner.java:254)
	at org.testng.SuiteRunnerWorker.runSuite(SuiteRunnerWorker.java:52)
	at org.testng.SuiteRunnerWorker.run(SuiteRunnerWorker.java:86)
	at org.testng.TestNG.runSuitesSequentially(TestNG.java:1224)
	at org.testng.TestNG.runSuitesLocally(TestNG.java:1149)
	at org.testng.TestNG.run(TestNG.java:1057)
	at org.testng.remote.AbstractRemoteTestNG.run(AbstractRemoteTestNG.java:132)
	at org.testng.remote.RemoteTestNG.initAndRun(RemoteTestNG.java:230)
	at org.testng.remote.RemoteTestNG.main(RemoteTestNG.java:76)
]]>
    </error>
  </testcase> <!-- wmsGetMapLayerCrs_Mandatory_EPSG_3395_Supported -->
  <testcase name="wmsGetMapLayerCrs_Mandatory_EPSG_3395_Supported" time="0.001" classname="ets.wms13.core.dgiwg.testsuite.getmap.GetMapLayerCrsTest">
    <error type="java.lang.AssertionError" message="Layer 30 does not support CRS EPSG:3395 expected [true] but found [false]">
      <![CDATA[java.lang.AssertionError: Layer 30 does not support CRS EPSG:3395 expected [true] but found [false]
	at org.testng.Assert.fail(Assert.java:94)
	at org.testng.Assert.failNotEquals(Assert.java:494)
	at org.testng.Assert.assertTrue(Assert.java:42)
	at ets.wms13.core.dgiwg.testsuite.getmap.GetMapLayerCrsTest.findBboxOrSkipTestIfCrsIsNotSupported(GetMapLayerCrsTest.java:118)
	at ets.wms13.core.dgiwg.testsuite.getmap.GetMapLayerCrsTest.sendGetMapCrsRequest(GetMapLayerCrsTest.java:126)
	at ets.wms13.core.dgiwg.testsuite.getmap.GetMapLayerCrsTest.wmsGetMapLayerCrs_Mandatory_EPSG_3395_Supported(GetMapLayerCrsTest.java:85)
	at sun.reflect.GeneratedMethodAccessor8.invoke(Unknown Source)
	at sun.reflect.DelegatingMethodAccessorImpl.invoke(DelegatingMethodAccessorImpl.java:43)
	at java.lang.reflect.Method.invoke(Method.java:498)
	at org.testng.internal.MethodInvocationHelper.invokeMethod(MethodInvocationHelper.java:84)
	at org.testng.internal.Invoker.invokeMethod(Invoker.java:714)
	at org.testng.internal.Invoker.invokeTestMethod(Invoker.java:901)
	at org.testng.internal.Invoker.invokeTestMethods(Invoker.java:1231)
	at org.testng.internal.TestMethodWorker.invokeTestMethods(TestMethodWorker.java:127)
	at org.testng.internal.TestMethodWorker.run(TestMethodWorker.java:111)
	at org.testng.TestRunner.privateRun(TestRunner.java:767)
	at org.testng.TestRunner.run(TestRunner.java:617)
	at org.testng.SuiteRunner.runTest(SuiteRunner.java:348)
	at org.testng.SuiteRunner.runSequentially(SuiteRunner.java:343)
	at org.testng.SuiteRunner.privateRun(SuiteRunner.java:305)
	at org.testng.SuiteRunner.run(SuiteRunner.java:254)
	at org.testng.SuiteRunnerWorker.runSuite(SuiteRunnerWorker.java:52)
	at org.testng.SuiteRunnerWorker.run(SuiteRunnerWorker.java:86)
	at org.testng.TestNG.runSuitesSequentially(TestNG.java:1224)
	at org.testng.TestNG.runSuitesLocally(TestNG.java:1149)
	at org.testng.TestNG.run(TestNG.java:1057)
	at org.testng.remote.AbstractRemoteTestNG.run(AbstractRemoteTestNG.java:132)
	at org.testng.remote.RemoteTestNG.initAndRun(RemoteTestNG.java:230)
	at org.testng.remote.RemoteTestNG.main(RemoteTestNG.java:76)
]]>
    </error>
  </testcase> <!-- wmsGetMapLayerCrs_Mandatory_EPSG_3395_Supported -->
  <testcase name="wmsGetMapLayerCrs_Mandatory_CRS_84_Supported" time="0.121" classname="ets.wms13.core.dgiwg.testsuite.getmap.GetMapLayerCrsTest"/>
  <testcase name="wmsGetMapLayerCrs_Mandatory_CRS_84_Supported" time="0.123" classname="ets.wms13.core.dgiwg.testsuite.getmap.GetMapLayerCrsTest"/>
  <testcase name="wmsGetMapLayerCrs_Mandatory_EPSG_4326_Supported" time="0.114" classname="ets.wms13.core.dgiwg.testsuite.getmap.GetMapLayerCrsTest"/>
  <testcase name="wmsGetMapLayerCrs_Mandatory_EPSG_4326_Supported" time="0.121" classname="ets.wms13.core.dgiwg.testsuite.getmap.GetMapLayerCrsTest"/>
  <testcase name="wmsGetMapLayerCrs_Mandatory_EPSG_4326_Supported" time="0.194" classname="ets.wms13.core.dgiwg.testsuite.getmap.GetMapLayerCrsTest"/>
  <testcase name="wmsGetMapLayerCrs_Mandatory_EPSG_4326_Supported" time="0.120" classname="ets.wms13.core.dgiwg.testsuite.getmap.GetMapLayerCrsTest"/>
  <testcase name="wmsGetMapLayerCrs_Mandatory_EPSG_4326_Supported" time="0.120" classname="ets.wms13.core.dgiwg.testsuite.getmap.GetMapLayerCrsTest"/>
  <testcase name="wmsGetMapLayerCrs_Mandatory_EPSG_3395_Supported" time="0.000" classname="ets.wms13.core.dgiwg.testsuite.getmap.GetMapLayerCrsTest">
    <error type="java.lang.AssertionError" message="Layer 1 does not support CRS EPSG:3395 expected [true] but found [false]">
      <![CDATA[java.lang.AssertionError: Layer 1 does not support CRS EPSG:3395 expected [true] but found [false]
	at org.testng.Assert.fail(Assert.java:94)
	at org.testng.Assert.failNotEquals(Assert.java:494)
	at org.testng.Assert.assertTrue(Assert.java:42)
	at ets.wms13.core.dgiwg.testsuite.getmap.GetMapLayerCrsTest.findBboxOrSkipTestIfCrsIsNotSupported(GetMapLayerCrsTest.java:118)
	at ets.wms13.core.dgiwg.testsuite.getmap.GetMapLayerCrsTest.sendGetMapCrsRequest(GetMapLayerCrsTest.java:126)
	at ets.wms13.core.dgiwg.testsuite.getmap.GetMapLayerCrsTest.wmsGetMapLayerCrs_Mandatory_EPSG_3395_Supported(GetMapLayerCrsTest.java:85)
	at sun.reflect.NativeMethodAccessorImpl.invoke0(Native Method)
	at sun.reflect.NativeMethodAccessorImpl.invoke(NativeMethodAccessorImpl.java:62)
	at sun.reflect.DelegatingMethodAccessorImpl.invoke(DelegatingMethodAccessorImpl.java:43)
	at java.lang.reflect.Method.invoke(Method.java:498)
	at org.testng.internal.MethodInvocationHelper.invokeMethod(MethodInvocationHelper.java:84)
	at org.testng.internal.Invoker.invokeMethod(Invoker.java:714)
	at org.testng.internal.Invoker.invokeTestMethod(Invoker.java:901)
	at org.testng.internal.Invoker.invokeTestMethods(Invoker.java:1231)
	at org.testng.internal.TestMethodWorker.invokeTestMethods(TestMethodWorker.java:127)
	at org.testng.internal.TestMethodWorker.run(TestMethodWorker.java:111)
	at org.testng.TestRunner.privateRun(TestRunner.java:767)
	at org.testng.TestRunner.run(TestRunner.java:617)
	at org.testng.SuiteRunner.runTest(SuiteRunner.java:348)
	at org.testng.SuiteRunner.runSequentially(SuiteRunner.java:343)
	at org.testng.SuiteRunner.privateRun(SuiteRunner.java:305)
	at org.testng.SuiteRunner.run(SuiteRunner.java:254)
	at org.testng.SuiteRunnerWorker.runSuite(SuiteRunnerWorker.java:52)
	at org.testng.SuiteRunnerWorker.run(SuiteRunnerWorker.java:86)
	at org.testng.TestNG.runSuitesSequentially(TestNG.java:1224)
	at org.testng.TestNG.runSuitesLocally(TestNG.java:1149)
	at org.testng.TestNG.run(TestNG.java:1057)
	at org.testng.remote.AbstractRemoteTestNG.run(AbstractRemoteTestNG.java:132)
	at org.testng.remote.RemoteTestNG.initAndRun(RemoteTestNG.java:230)
	at org.testng.remote.RemoteTestNG.main(RemoteTestNG.java:76)
]]>
    </error>
  </testcase> <!-- wmsGetMapLayerCrs_Mandatory_EPSG_3395_Supported -->
  <testcase name="wmsGetMapLayerCrs_Mandatory_EPSG_4326_Supported" time="0.125" classname="ets.wms13.core.dgiwg.testsuite.getmap.GetMapLayerCrsTest"/>
  <testcase name="wmsGetMapLayerCrs_Mandatory_EPSG_3395_Supported" time="0.001" classname="ets.wms13.core.dgiwg.testsuite.getmap.GetMapLayerCrsTest">
    <error type="java.lang.AssertionError" message="Layer 32 does not support CRS EPSG:3395 expected [true] but found [false]">
      <![CDATA[java.lang.AssertionError: Layer 32 does not support CRS EPSG:3395 expected [true] but found [false]
	at org.testng.Assert.fail(Assert.java:94)
	at org.testng.Assert.failNotEquals(Assert.java:494)
	at org.testng.Assert.assertTrue(Assert.java:42)
	at ets.wms13.core.dgiwg.testsuite.getmap.GetMapLayerCrsTest.findBboxOrSkipTestIfCrsIsNotSupported(GetMapLayerCrsTest.java:118)
	at ets.wms13.core.dgiwg.testsuite.getmap.GetMapLayerCrsTest.sendGetMapCrsRequest(GetMapLayerCrsTest.java:126)
	at ets.wms13.core.dgiwg.testsuite.getmap.GetMapLayerCrsTest.wmsGetMapLayerCrs_Mandatory_EPSG_3395_Supported(GetMapLayerCrsTest.java:85)
	at sun.reflect.GeneratedMethodAccessor8.invoke(Unknown Source)
	at sun.reflect.DelegatingMethodAccessorImpl.invoke(DelegatingMethodAccessorImpl.java:43)
	at java.lang.reflect.Method.invoke(Method.java:498)
	at org.testng.internal.MethodInvocationHelper.invokeMethod(MethodInvocationHelper.java:84)
	at org.testng.internal.Invoker.invokeMethod(Invoker.java:714)
	at org.testng.internal.Invoker.invokeTestMethod(Invoker.java:901)
	at org.testng.internal.Invoker.invokeTestMethods(Invoker.java:1231)
	at org.testng.internal.TestMethodWorker.invokeTestMethods(TestMethodWorker.java:127)
	at org.testng.internal.TestMethodWorker.run(TestMethodWorker.java:111)
	at org.testng.TestRunner.privateRun(TestRunner.java:767)
	at org.testng.TestRunner.run(TestRunner.java:617)
	at org.testng.SuiteRunner.runTest(SuiteRunner.java:348)
	at org.testng.SuiteRunner.runSequentially(SuiteRunner.java:343)
	at org.testng.SuiteRunner.privateRun(SuiteRunner.java:305)
	at org.testng.SuiteRunner.run(SuiteRunner.java:254)
	at org.testng.SuiteRunnerWorker.runSuite(SuiteRunnerWorker.java:52)
	at org.testng.SuiteRunnerWorker.run(SuiteRunnerWorker.java:86)
	at org.testng.TestNG.runSuitesSequentially(TestNG.java:1224)
	at org.testng.TestNG.runSuitesLocally(TestNG.java:1149)
	at org.testng.TestNG.run(TestNG.java:1057)
	at org.testng.remote.AbstractRemoteTestNG.run(AbstractRemoteTestNG.java:132)
	at org.testng.remote.RemoteTestNG.initAndRun(RemoteTestNG.java:230)
	at org.testng.remote.RemoteTestNG.main(RemoteTestNG.java:76)
]]>
    </error>
  </testcase> <!-- wmsGetMapLayerCrs_Mandatory_EPSG_3395_Supported -->
  <testcase name="wmsGetMapLayerCrs_Mandatory_EPSG_4326_Supported" time="3.434" classname="ets.wms13.core.dgiwg.testsuite.getmap.GetMapLayerCrsTest"/>
  <testcase name="wmsGetMapLayerCrs_Mandatory_EPSG_3395_Supported" time="0.002" classname="ets.wms13.core.dgiwg.testsuite.getmap.GetMapLayerCrsTest">
    <error type="java.lang.AssertionError" message="Layer 19 does not support CRS EPSG:3395 expected [true] but found [false]">
      <![CDATA[java.lang.AssertionError: Layer 19 does not support CRS EPSG:3395 expected [true] but found [false]
	at org.testng.Assert.fail(Assert.java:94)
	at org.testng.Assert.failNotEquals(Assert.java:494)
	at org.testng.Assert.assertTrue(Assert.java:42)
	at ets.wms13.core.dgiwg.testsuite.getmap.GetMapLayerCrsTest.findBboxOrSkipTestIfCrsIsNotSupported(GetMapLayerCrsTest.java:118)
	at ets.wms13.core.dgiwg.testsuite.getmap.GetMapLayerCrsTest.sendGetMapCrsRequest(GetMapLayerCrsTest.java:126)
	at ets.wms13.core.dgiwg.testsuite.getmap.GetMapLayerCrsTest.wmsGetMapLayerCrs_Mandatory_EPSG_3395_Supported(GetMapLayerCrsTest.java:85)
	at sun.reflect.GeneratedMethodAccessor8.invoke(Unknown Source)
	at sun.reflect.DelegatingMethodAccessorImpl.invoke(DelegatingMethodAccessorImpl.java:43)
	at java.lang.reflect.Method.invoke(Method.java:498)
	at org.testng.internal.MethodInvocationHelper.invokeMethod(MethodInvocationHelper.java:84)
	at org.testng.internal.Invoker.invokeMethod(Invoker.java:714)
	at org.testng.internal.Invoker.invokeTestMethod(Invoker.java:901)
	at org.testng.internal.Invoker.invokeTestMethods(Invoker.java:1231)
	at org.testng.internal.TestMethodWorker.invokeTestMethods(TestMethodWorker.java:127)
	at org.testng.internal.TestMethodWorker.run(TestMethodWorker.java:111)
	at org.testng.TestRunner.privateRun(TestRunner.java:767)
	at org.testng.TestRunner.run(TestRunner.java:617)
	at org.testng.SuiteRunner.runTest(SuiteRunner.java:348)
	at org.testng.SuiteRunner.runSequentially(SuiteRunner.java:343)
	at org.testng.SuiteRunner.privateRun(SuiteRunner.java:305)
	at org.testng.SuiteRunner.run(SuiteRunner.java:254)
	at org.testng.SuiteRunnerWorker.runSuite(SuiteRunnerWorker.java:52)
	at org.testng.SuiteRunnerWorker.run(SuiteRunnerWorker.java:86)
	at org.testng.TestNG.runSuitesSequentially(TestNG.java:1224)
	at org.testng.TestNG.runSuitesLocally(TestNG.java:1149)
	at org.testng.TestNG.run(TestNG.java:1057)
	at org.testng.remote.AbstractRemoteTestNG.run(AbstractRemoteTestNG.java:132)
	at org.testng.remote.RemoteTestNG.initAndRun(RemoteTestNG.java:230)
	at org.testng.remote.RemoteTestNG.main(RemoteTestNG.java:76)
]]>
    </error>
  </testcase> <!-- wmsGetMapLayerCrs_Mandatory_EPSG_3395_Supported -->
  <testcase name="wmsGetMapLayerCrs_Mandatory_CRS_84_Supported" time="0.121" classname="ets.wms13.core.dgiwg.testsuite.getmap.GetMapLayerCrsTest"/>
  <testcase name="wmsGetMapLayerCrs_Mandatory_CRS_84_Supported" time="0.117" classname="ets.wms13.core.dgiwg.testsuite.getmap.GetMapLayerCrsTest"/>
  <testcase name="wmsGetMapLayerCrs_Conditional_Supported" time="0.001" classname="ets.wms13.core.dgiwg.testsuite.getmap.GetMapLayerCrsTest">
    <error type="java.lang.AssertionError" message="Layer 1 does not support CRS EPSG:32661 expected [true] but found [false]">
      <![CDATA[java.lang.AssertionError: Layer 1 does not support CRS EPSG:32661 expected [true] but found [false]
	at org.testng.Assert.fail(Assert.java:94)
	at org.testng.Assert.failNotEquals(Assert.java:494)
	at org.testng.Assert.assertTrue(Assert.java:42)
	at ets.wms13.core.dgiwg.testsuite.getmap.GetMapLayerCrsTest.findBboxOrSkipTestIfCrsIsNotSupported(GetMapLayerCrsTest.java:118)
	at ets.wms13.core.dgiwg.testsuite.getmap.GetMapLayerCrsTest.sendGetMapCrsRequest(GetMapLayerCrsTest.java:126)
	at ets.wms13.core.dgiwg.testsuite.getmap.GetMapLayerCrsTest.wmsGetMapLayerCrs_Conditional_Supported(GetMapLayerCrsTest.java:97)
	at sun.reflect.NativeMethodAccessorImpl.invoke0(Native Method)
	at sun.reflect.NativeMethodAccessorImpl.invoke(NativeMethodAccessorImpl.java:62)
	at sun.reflect.DelegatingMethodAccessorImpl.invoke(DelegatingMethodAccessorImpl.java:43)
	at java.lang.reflect.Method.invoke(Method.java:498)
	at org.testng.internal.MethodInvocationHelper.invokeMethod(MethodInvocationHelper.java:84)
	at org.testng.internal.Invoker.invokeMethod(Invoker.java:714)
	at org.testng.internal.Invoker.invokeTestMethod(Invoker.java:901)
	at org.testng.internal.Invoker.invokeTestMethods(Invoker.java:1231)
	at org.testng.internal.TestMethodWorker.invokeTestMethods(TestMethodWorker.java:127)
	at org.testng.internal.TestMethodWorker.run(TestMethodWorker.java:111)
	at org.testng.TestRunner.privateRun(TestRunner.java:767)
	at org.testng.TestRunner.run(TestRunner.java:617)
	at org.testng.SuiteRunner.runTest(SuiteRunner.java:348)
	at org.testng.SuiteRunner.runSequentially(SuiteRunner.java:343)
	at org.testng.SuiteRunner.privateRun(SuiteRunner.java:305)
	at org.testng.SuiteRunner.run(SuiteRunner.java:254)
	at org.testng.SuiteRunnerWorker.runSuite(SuiteRunnerWorker.java:52)
	at org.testng.SuiteRunnerWorker.run(SuiteRunnerWorker.java:86)
	at org.testng.TestNG.runSuitesSequentially(TestNG.java:1224)
	at org.testng.TestNG.runSuitesLocally(TestNG.java:1149)
	at org.testng.TestNG.run(TestNG.java:1057)
	at org.testng.remote.AbstractRemoteTestNG.run(AbstractRemoteTestNG.java:132)
	at org.testng.remote.RemoteTestNG.initAndRun(RemoteTestNG.java:230)
	at org.testng.remote.RemoteTestNG.main(RemoteTestNG.java:76)
]]>
    </error>
  </testcase> <!-- wmsGetMapLayerCrs_Conditional_Supported -->
  <testcase name="wmsGetMapLayerCrs_Mandatory_EPSG_3395_Supported" time="0.000" classname="ets.wms13.core.dgiwg.testsuite.getmap.GetMapLayerCrsTest">
    <error type="java.lang.AssertionError" message="Layer 27 does not support CRS EPSG:3395 expected [true] but found [false]">
      <![CDATA[java.lang.AssertionError: Layer 27 does not support CRS EPSG:3395 expected [true] but found [false]
	at org.testng.Assert.fail(Assert.java:94)
	at org.testng.Assert.failNotEquals(Assert.java:494)
	at org.testng.Assert.assertTrue(Assert.java:42)
	at ets.wms13.core.dgiwg.testsuite.getmap.GetMapLayerCrsTest.findBboxOrSkipTestIfCrsIsNotSupported(GetMapLayerCrsTest.java:118)
	at ets.wms13.core.dgiwg.testsuite.getmap.GetMapLayerCrsTest.sendGetMapCrsRequest(GetMapLayerCrsTest.java:126)
	at ets.wms13.core.dgiwg.testsuite.getmap.GetMapLayerCrsTest.wmsGetMapLayerCrs_Mandatory_EPSG_3395_Supported(GetMapLayerCrsTest.java:85)
	at sun.reflect.GeneratedMethodAccessor8.invoke(Unknown Source)
	at sun.reflect.DelegatingMethodAccessorImpl.invoke(DelegatingMethodAccessorImpl.java:43)
	at java.lang.reflect.Method.invoke(Method.java:498)
	at org.testng.internal.MethodInvocationHelper.invokeMethod(MethodInvocationHelper.java:84)
	at org.testng.internal.Invoker.invokeMethod(Invoker.java:714)
	at org.testng.internal.Invoker.invokeTestMethod(Invoker.java:901)
	at org.testng.internal.Invoker.invokeTestMethods(Invoker.java:1231)
	at org.testng.internal.TestMethodWorker.invokeTestMethods(TestMethodWorker.java:127)
	at org.testng.internal.TestMethodWorker.run(TestMethodWorker.java:111)
	at org.testng.TestRunner.privateRun(TestRunner.java:767)
	at org.testng.TestRunner.run(TestRunner.java:617)
	at org.testng.SuiteRunner.runTest(SuiteRunner.java:348)
	at org.testng.SuiteRunner.runSequentially(SuiteRunner.java:343)
	at org.testng.SuiteRunner.privateRun(SuiteRunner.java:305)
	at org.testng.SuiteRunner.run(SuiteRunner.java:254)
	at org.testng.SuiteRunnerWorker.runSuite(SuiteRunnerWorker.java:52)
	at org.testng.SuiteRunnerWorker.run(SuiteRunnerWorker.java:86)
	at org.testng.TestNG.runSuitesSequentially(TestNG.java:1224)
	at org.testng.TestNG.runSuitesLocally(TestNG.java:1149)
	at org.testng.TestNG.run(TestNG.java:1057)
	at org.testng.remote.AbstractRemoteTestNG.run(AbstractRemoteTestNG.java:132)
	at org.testng.remote.RemoteTestNG.initAndRun(RemoteTestNG.java:230)
	at org.testng.remote.RemoteTestNG.main(RemoteTestNG.java:76)
]]>
    </error>
  </testcase> <!-- wmsGetMapLayerCrs_Mandatory_EPSG_3395_Supported -->
  <testcase name="wmsGetMapLayerCrs_Conditional_Supported" time="0.001" classname="ets.wms13.core.dgiwg.testsuite.getmap.GetMapLayerCrsTest">
    <error type="java.lang.AssertionError" message="Layer 19 does not support CRS EPSG:32661 expected [true] but found [false]">
      <![CDATA[java.lang.AssertionError: Layer 19 does not support CRS EPSG:32661 expected [true] but found [false]
	at org.testng.Assert.fail(Assert.java:94)
	at org.testng.Assert.failNotEquals(Assert.java:494)
	at org.testng.Assert.assertTrue(Assert.java:42)
	at ets.wms13.core.dgiwg.testsuite.getmap.GetMapLayerCrsTest.findBboxOrSkipTestIfCrsIsNotSupported(GetMapLayerCrsTest.java:118)
	at ets.wms13.core.dgiwg.testsuite.getmap.GetMapLayerCrsTest.sendGetMapCrsRequest(GetMapLayerCrsTest.java:126)
	at ets.wms13.core.dgiwg.testsuite.getmap.GetMapLayerCrsTest.wmsGetMapLayerCrs_Conditional_Supported(GetMapLayerCrsTest.java:97)
	at sun.reflect.GeneratedMethodAccessor6.invoke(Unknown Source)
	at sun.reflect.DelegatingMethodAccessorImpl.invoke(DelegatingMethodAccessorImpl.java:43)
	at java.lang.reflect.Method.invoke(Method.java:498)
	at org.testng.internal.MethodInvocationHelper.invokeMethod(MethodInvocationHelper.java:84)
	at org.testng.internal.Invoker.invokeMethod(Invoker.java:714)
	at org.testng.internal.Invoker.invokeTestMethod(Invoker.java:901)
	at org.testng.internal.Invoker.invokeTestMethods(Invoker.java:1231)
	at org.testng.internal.TestMethodWorker.invokeTestMethods(TestMethodWorker.java:127)
	at org.testng.internal.TestMethodWorker.run(TestMethodWorker.java:111)
	at org.testng.TestRunner.privateRun(TestRunner.java:767)
	at org.testng.TestRunner.run(TestRunner.java:617)
	at org.testng.SuiteRunner.runTest(SuiteRunner.java:348)
	at org.testng.SuiteRunner.runSequentially(SuiteRunner.java:343)
	at org.testng.SuiteRunner.privateRun(SuiteRunner.java:305)
	at org.testng.SuiteRunner.run(SuiteRunner.java:254)
	at org.testng.SuiteRunnerWorker.runSuite(SuiteRunnerWorker.java:52)
	at org.testng.SuiteRunnerWorker.run(SuiteRunnerWorker.java:86)
	at org.testng.TestNG.runSuitesSequentially(TestNG.java:1224)
	at org.testng.TestNG.runSuitesLocally(TestNG.java:1149)
	at org.testng.TestNG.run(TestNG.java:1057)
	at org.testng.remote.AbstractRemoteTestNG.run(AbstractRemoteTestNG.java:132)
	at org.testng.remote.RemoteTestNG.initAndRun(RemoteTestNG.java:230)
	at org.testng.remote.RemoteTestNG.main(RemoteTestNG.java:76)
]]>
    </error>
  </testcase> <!-- wmsGetMapLayerCrs_Conditional_Supported -->
  <testcase name="wmsGetMapLayerCrs_Mandatory_EPSG_4326_Supported" time="0.126" classname="ets.wms13.core.dgiwg.testsuite.getmap.GetMapLayerCrsTest"/>
  <testcase name="wmsGetMapLayerCrs_Mandatory_CRS_84_Supported" time="0.119" classname="ets.wms13.core.dgiwg.testsuite.getmap.GetMapLayerCrsTest"/>
  <testcase name="wmsGetMapLayerCrs_Mandatory_EPSG_4326_Supported" time="0.142" classname="ets.wms13.core.dgiwg.testsuite.getmap.GetMapLayerCrsTest"/>
  <testcase name="wmsGetMapLayerCrs_Mandatory_EPSG_3395_Supported" time="0.002" classname="ets.wms13.core.dgiwg.testsuite.getmap.GetMapLayerCrsTest">
    <error type="java.lang.AssertionError" message="Layer 15 does not support CRS EPSG:3395 expected [true] but found [false]">
      <![CDATA[java.lang.AssertionError: Layer 15 does not support CRS EPSG:3395 expected [true] but found [false]
	at org.testng.Assert.fail(Assert.java:94)
	at org.testng.Assert.failNotEquals(Assert.java:494)
	at org.testng.Assert.assertTrue(Assert.java:42)
	at ets.wms13.core.dgiwg.testsuite.getmap.GetMapLayerCrsTest.findBboxOrSkipTestIfCrsIsNotSupported(GetMapLayerCrsTest.java:118)
	at ets.wms13.core.dgiwg.testsuite.getmap.GetMapLayerCrsTest.sendGetMapCrsRequest(GetMapLayerCrsTest.java:126)
	at ets.wms13.core.dgiwg.testsuite.getmap.GetMapLayerCrsTest.wmsGetMapLayerCrs_Mandatory_EPSG_3395_Supported(GetMapLayerCrsTest.java:85)
	at sun.reflect.NativeMethodAccessorImpl.invoke0(Native Method)
	at sun.reflect.NativeMethodAccessorImpl.invoke(NativeMethodAccessorImpl.java:62)
	at sun.reflect.DelegatingMethodAccessorImpl.invoke(DelegatingMethodAccessorImpl.java:43)
	at java.lang.reflect.Method.invoke(Method.java:498)
	at org.testng.internal.MethodInvocationHelper.invokeMethod(MethodInvocationHelper.java:84)
	at org.testng.internal.Invoker.invokeMethod(Invoker.java:714)
	at org.testng.internal.Invoker.invokeTestMethod(Invoker.java:901)
	at org.testng.internal.Invoker.invokeTestMethods(Invoker.java:1231)
	at org.testng.internal.TestMethodWorker.invokeTestMethods(TestMethodWorker.java:127)
	at org.testng.internal.TestMethodWorker.run(TestMethodWorker.java:111)
	at org.testng.TestRunner.privateRun(TestRunner.java:767)
	at org.testng.TestRunner.run(TestRunner.java:617)
	at org.testng.SuiteRunner.runTest(SuiteRunner.java:348)
	at org.testng.SuiteRunner.runSequentially(SuiteRunner.java:343)
	at org.testng.SuiteRunner.privateRun(SuiteRunner.java:305)
	at org.testng.SuiteRunner.run(SuiteRunner.java:254)
	at org.testng.SuiteRunnerWorker.runSuite(SuiteRunnerWorker.java:52)
	at org.testng.SuiteRunnerWorker.run(SuiteRunnerWorker.java:86)
	at org.testng.TestNG.runSuitesSequentially(TestNG.java:1224)
	at org.testng.TestNG.runSuitesLocally(TestNG.java:1149)
	at org.testng.TestNG.run(TestNG.java:1057)
	at org.testng.remote.AbstractRemoteTestNG.run(AbstractRemoteTestNG.java:132)
	at org.testng.remote.RemoteTestNG.initAndRun(RemoteTestNG.java:230)
	at org.testng.remote.RemoteTestNG.main(RemoteTestNG.java:76)
]]>
    </error>
  </testcase> <!-- wmsGetMapLayerCrs_Mandatory_EPSG_3395_Supported -->
  <testcase name="wmsGetMapLayerCrs_Mandatory_CRS_84_Supported" time="0.121" classname="ets.wms13.core.dgiwg.testsuite.getmap.GetMapLayerCrsTest"/>
  <testcase name="wmsGetMapLayerCrs_Conditional_Supported" time="0.000" classname="ets.wms13.core.dgiwg.testsuite.getmap.GetMapLayerCrsTest">
    <error type="java.lang.AssertionError" message="Layer 26 does not support CRS EPSG:32661 expected [true] but found [false]">
      <![CDATA[java.lang.AssertionError: Layer 26 does not support CRS EPSG:32661 expected [true] but found [false]
	at org.testng.Assert.fail(Assert.java:94)
	at org.testng.Assert.failNotEquals(Assert.java:494)
	at org.testng.Assert.assertTrue(Assert.java:42)
	at ets.wms13.core.dgiwg.testsuite.getmap.GetMapLayerCrsTest.findBboxOrSkipTestIfCrsIsNotSupported(GetMapLayerCrsTest.java:118)
	at ets.wms13.core.dgiwg.testsuite.getmap.GetMapLayerCrsTest.sendGetMapCrsRequest(GetMapLayerCrsTest.java:126)
	at ets.wms13.core.dgiwg.testsuite.getmap.GetMapLayerCrsTest.wmsGetMapLayerCrs_Conditional_Supported(GetMapLayerCrsTest.java:97)
	at sun.reflect.GeneratedMethodAccessor6.invoke(Unknown Source)
	at sun.reflect.DelegatingMethodAccessorImpl.invoke(DelegatingMethodAccessorImpl.java:43)
	at java.lang.reflect.Method.invoke(Method.java:498)
	at org.testng.internal.MethodInvocationHelper.invokeMethod(MethodInvocationHelper.java:84)
	at org.testng.internal.Invoker.invokeMethod(Invoker.java:714)
	at org.testng.internal.Invoker.invokeTestMethod(Invoker.java:901)
	at org.testng.internal.Invoker.invokeTestMethods(Invoker.java:1231)
	at org.testng.internal.TestMethodWorker.invokeTestMethods(TestMethodWorker.java:127)
	at org.testng.internal.TestMethodWorker.run(TestMethodWorker.java:111)
	at org.testng.TestRunner.privateRun(TestRunner.java:767)
	at org.testng.TestRunner.run(TestRunner.java:617)
	at org.testng.SuiteRunner.runTest(SuiteRunner.java:348)
	at org.testng.SuiteRunner.runSequentially(SuiteRunner.java:343)
	at org.testng.SuiteRunner.privateRun(SuiteRunner.java:305)
	at org.testng.SuiteRunner.run(SuiteRunner.java:254)
	at org.testng.SuiteRunnerWorker.runSuite(SuiteRunnerWorker.java:52)
	at org.testng.SuiteRunnerWorker.run(SuiteRunnerWorker.java:86)
	at org.testng.TestNG.runSuitesSequentially(TestNG.java:1224)
	at org.testng.TestNG.runSuitesLocally(TestNG.java:1149)
	at org.testng.TestNG.run(TestNG.java:1057)
	at org.testng.remote.AbstractRemoteTestNG.run(AbstractRemoteTestNG.java:132)
	at org.testng.remote.RemoteTestNG.initAndRun(RemoteTestNG.java:230)
	at org.testng.remote.RemoteTestNG.main(RemoteTestNG.java:76)
]]>
    </error>
  </testcase> <!-- wmsGetMapLayerCrs_Conditional_Supported -->
  <testcase name="wmsGetMapLayerCrs_Mandatory_EPSG_4326_Supported" time="0.131" classname="ets.wms13.core.dgiwg.testsuite.getmap.GetMapLayerCrsTest"/>
  <testcase name="wmsGetMapLayerCrs_Mandatory_EPSG_4326_Supported" time="0.121" classname="ets.wms13.core.dgiwg.testsuite.getmap.GetMapLayerCrsTest"/>
  <testcase name="wmsGetMapLayerCrs_Mandatory_EPSG_3395_Supported" time="0.001" classname="ets.wms13.core.dgiwg.testsuite.getmap.GetMapLayerCrsTest">
    <error type="java.lang.AssertionError" message="Layer 24 does not support CRS EPSG:3395 expected [true] but found [false]">
      <![CDATA[java.lang.AssertionError: Layer 24 does not support CRS EPSG:3395 expected [true] but found [false]
	at org.testng.Assert.fail(Assert.java:94)
	at org.testng.Assert.failNotEquals(Assert.java:494)
	at org.testng.Assert.assertTrue(Assert.java:42)
	at ets.wms13.core.dgiwg.testsuite.getmap.GetMapLayerCrsTest.findBboxOrSkipTestIfCrsIsNotSupported(GetMapLayerCrsTest.java:118)
	at ets.wms13.core.dgiwg.testsuite.getmap.GetMapLayerCrsTest.sendGetMapCrsRequest(GetMapLayerCrsTest.java:126)
	at ets.wms13.core.dgiwg.testsuite.getmap.GetMapLayerCrsTest.wmsGetMapLayerCrs_Mandatory_EPSG_3395_Supported(GetMapLayerCrsTest.java:85)
	at sun.reflect.GeneratedMethodAccessor8.invoke(Unknown Source)
	at sun.reflect.DelegatingMethodAccessorImpl.invoke(DelegatingMethodAccessorImpl.java:43)
	at java.lang.reflect.Method.invoke(Method.java:498)
	at org.testng.internal.MethodInvocationHelper.invokeMethod(MethodInvocationHelper.java:84)
	at org.testng.internal.Invoker.invokeMethod(Invoker.java:714)
	at org.testng.internal.Invoker.invokeTestMethod(Invoker.java:901)
	at org.testng.internal.Invoker.invokeTestMethods(Invoker.java:1231)
	at org.testng.internal.TestMethodWorker.invokeTestMethods(TestMethodWorker.java:127)
	at org.testng.internal.TestMethodWorker.run(TestMethodWorker.java:111)
	at org.testng.TestRunner.privateRun(TestRunner.java:767)
	at org.testng.TestRunner.run(TestRunner.java:617)
	at org.testng.SuiteRunner.runTest(SuiteRunner.java:348)
	at org.testng.SuiteRunner.runSequentially(SuiteRunner.java:343)
	at org.testng.SuiteRunner.privateRun(SuiteRunner.java:305)
	at org.testng.SuiteRunner.run(SuiteRunner.java:254)
	at org.testng.SuiteRunnerWorker.runSuite(SuiteRunnerWorker.java:52)
	at org.testng.SuiteRunnerWorker.run(SuiteRunnerWorker.java:86)
	at org.testng.TestNG.runSuitesSequentially(TestNG.java:1224)
	at org.testng.TestNG.runSuitesLocally(TestNG.java:1149)
	at org.testng.TestNG.run(TestNG.java:1057)
	at org.testng.remote.AbstractRemoteTestNG.run(AbstractRemoteTestNG.java:132)
	at org.testng.remote.RemoteTestNG.initAndRun(RemoteTestNG.java:230)
	at org.testng.remote.RemoteTestNG.main(RemoteTestNG.java:76)
]]>
    </error>
  </testcase> <!-- wmsGetMapLayerCrs_Mandatory_EPSG_3395_Supported -->
  <testcase name="wmsGetMapLayerCrs_Mandatory_EPSG_4326_Supported" time="0.123" classname="ets.wms13.core.dgiwg.testsuite.getmap.GetMapLayerCrsTest"/>
  <testcase name="wmsGetMapLayerCrs_Conditional_Supported" time="0.001" classname="ets.wms13.core.dgiwg.testsuite.getmap.GetMapLayerCrsTest">
    <error type="java.lang.AssertionError" message="Layer 22 does not support CRS EPSG:32661 expected [true] but found [false]">
      <![CDATA[java.lang.AssertionError: Layer 22 does not support CRS EPSG:32661 expected [true] but found [false]
	at org.testng.Assert.fail(Assert.java:94)
	at org.testng.Assert.failNotEquals(Assert.java:494)
	at org.testng.Assert.assertTrue(Assert.java:42)
	at ets.wms13.core.dgiwg.testsuite.getmap.GetMapLayerCrsTest.findBboxOrSkipTestIfCrsIsNotSupported(GetMapLayerCrsTest.java:118)
	at ets.wms13.core.dgiwg.testsuite.getmap.GetMapLayerCrsTest.sendGetMapCrsRequest(GetMapLayerCrsTest.java:126)
	at ets.wms13.core.dgiwg.testsuite.getmap.GetMapLayerCrsTest.wmsGetMapLayerCrs_Conditional_Supported(GetMapLayerCrsTest.java:97)
	at sun.reflect.GeneratedMethodAccessor6.invoke(Unknown Source)
	at sun.reflect.DelegatingMethodAccessorImpl.invoke(DelegatingMethodAccessorImpl.java:43)
	at java.lang.reflect.Method.invoke(Method.java:498)
	at org.testng.internal.MethodInvocationHelper.invokeMethod(MethodInvocationHelper.java:84)
	at org.testng.internal.Invoker.invokeMethod(Invoker.java:714)
	at org.testng.internal.Invoker.invokeTestMethod(Invoker.java:901)
	at org.testng.internal.Invoker.invokeTestMethods(Invoker.java:1231)
	at org.testng.internal.TestMethodWorker.invokeTestMethods(TestMethodWorker.java:127)
	at org.testng.internal.TestMethodWorker.run(TestMethodWorker.java:111)
	at org.testng.TestRunner.privateRun(TestRunner.java:767)
	at org.testng.TestRunner.run(TestRunner.java:617)
	at org.testng.SuiteRunner.runTest(SuiteRunner.java:348)
	at org.testng.SuiteRunner.runSequentially(SuiteRunner.java:343)
	at org.testng.SuiteRunner.privateRun(SuiteRunner.java:305)
	at org.testng.SuiteRunner.run(SuiteRunner.java:254)
	at org.testng.SuiteRunnerWorker.runSuite(SuiteRunnerWorker.java:52)
	at org.testng.SuiteRunnerWorker.run(SuiteRunnerWorker.java:86)
	at org.testng.TestNG.runSuitesSequentially(TestNG.java:1224)
	at org.testng.TestNG.runSuitesLocally(TestNG.java:1149)
	at org.testng.TestNG.run(TestNG.java:1057)
	at org.testng.remote.AbstractRemoteTestNG.run(AbstractRemoteTestNG.java:132)
	at org.testng.remote.RemoteTestNG.initAndRun(RemoteTestNG.java:230)
	at org.testng.remote.RemoteTestNG.main(RemoteTestNG.java:76)
]]>
    </error>
  </testcase> <!-- wmsGetMapLayerCrs_Conditional_Supported -->
  <testcase name="wmsGetMapLayerCrs_Conditional_Supported" time="0.000" classname="ets.wms13.core.dgiwg.testsuite.getmap.GetMapLayerCrsTest">
    <error type="java.lang.AssertionError" message="Layer 5 does not support CRS EPSG:32661 expected [true] but found [false]">
      <![CDATA[java.lang.AssertionError: Layer 5 does not support CRS EPSG:32661 expected [true] but found [false]
	at org.testng.Assert.fail(Assert.java:94)
	at org.testng.Assert.failNotEquals(Assert.java:494)
	at org.testng.Assert.assertTrue(Assert.java:42)
	at ets.wms13.core.dgiwg.testsuite.getmap.GetMapLayerCrsTest.findBboxOrSkipTestIfCrsIsNotSupported(GetMapLayerCrsTest.java:118)
	at ets.wms13.core.dgiwg.testsuite.getmap.GetMapLayerCrsTest.sendGetMapCrsRequest(GetMapLayerCrsTest.java:126)
	at ets.wms13.core.dgiwg.testsuite.getmap.GetMapLayerCrsTest.wmsGetMapLayerCrs_Conditional_Supported(GetMapLayerCrsTest.java:97)
	at sun.reflect.NativeMethodAccessorImpl.invoke0(Native Method)
	at sun.reflect.NativeMethodAccessorImpl.invoke(NativeMethodAccessorImpl.java:62)
	at sun.reflect.DelegatingMethodAccessorImpl.invoke(DelegatingMethodAccessorImpl.java:43)
	at java.lang.reflect.Method.invoke(Method.java:498)
	at org.testng.internal.MethodInvocationHelper.invokeMethod(MethodInvocationHelper.java:84)
	at org.testng.internal.Invoker.invokeMethod(Invoker.java:714)
	at org.testng.internal.Invoker.invokeTestMethod(Invoker.java:901)
	at org.testng.internal.Invoker.invokeTestMethods(Invoker.java:1231)
	at org.testng.internal.TestMethodWorker.invokeTestMethods(TestMethodWorker.java:127)
	at org.testng.internal.TestMethodWorker.run(TestMethodWorker.java:111)
	at org.testng.TestRunner.privateRun(TestRunner.java:767)
	at org.testng.TestRunner.run(TestRunner.java:617)
	at org.testng.SuiteRunner.runTest(SuiteRunner.java:348)
	at org.testng.SuiteRunner.runSequentially(SuiteRunner.java:343)
	at org.testng.SuiteRunner.privateRun(SuiteRunner.java:305)
	at org.testng.SuiteRunner.run(SuiteRunner.java:254)
	at org.testng.SuiteRunnerWorker.runSuite(SuiteRunnerWorker.java:52)
	at org.testng.SuiteRunnerWorker.run(SuiteRunnerWorker.java:86)
	at org.testng.TestNG.runSuitesSequentially(TestNG.java:1224)
	at org.testng.TestNG.runSuitesLocally(TestNG.java:1149)
	at org.testng.TestNG.run(TestNG.java:1057)
	at org.testng.remote.AbstractRemoteTestNG.run(AbstractRemoteTestNG.java:132)
	at org.testng.remote.RemoteTestNG.initAndRun(RemoteTestNG.java:230)
	at org.testng.remote.RemoteTestNG.main(RemoteTestNG.java:76)
]]>
    </error>
  </testcase> <!-- wmsGetMapLayerCrs_Conditional_Supported -->
  <testcase name="wmsGetMapLayerCrs_Mandatory_EPSG_4326_Supported" time="0.115" classname="ets.wms13.core.dgiwg.testsuite.getmap.GetMapLayerCrsTest"/>
  <testcase name="wmsGetMapLayerCrs_Conditional_Supported" time="0.002" classname="ets.wms13.core.dgiwg.testsuite.getmap.GetMapLayerCrsTest">
    <error type="java.lang.AssertionError" message="Layer 8 does not support CRS EPSG:32661 expected [true] but found [false]">
      <![CDATA[java.lang.AssertionError: Layer 8 does not support CRS EPSG:32661 expected [true] but found [false]
	at org.testng.Assert.fail(Assert.java:94)
	at org.testng.Assert.failNotEquals(Assert.java:494)
	at org.testng.Assert.assertTrue(Assert.java:42)
	at ets.wms13.core.dgiwg.testsuite.getmap.GetMapLayerCrsTest.findBboxOrSkipTestIfCrsIsNotSupported(GetMapLayerCrsTest.java:118)
	at ets.wms13.core.dgiwg.testsuite.getmap.GetMapLayerCrsTest.sendGetMapCrsRequest(GetMapLayerCrsTest.java:126)
	at ets.wms13.core.dgiwg.testsuite.getmap.GetMapLayerCrsTest.wmsGetMapLayerCrs_Conditional_Supported(GetMapLayerCrsTest.java:97)
	at sun.reflect.NativeMethodAccessorImpl.invoke0(Native Method)
	at sun.reflect.NativeMethodAccessorImpl.invoke(NativeMethodAccessorImpl.java:62)
	at sun.reflect.DelegatingMethodAccessorImpl.invoke(DelegatingMethodAccessorImpl.java:43)
	at java.lang.reflect.Method.invoke(Method.java:498)
	at org.testng.internal.MethodInvocationHelper.invokeMethod(MethodInvocationHelper.java:84)
	at org.testng.internal.Invoker.invokeMethod(Invoker.java:714)
	at org.testng.internal.Invoker.invokeTestMethod(Invoker.java:901)
	at org.testng.internal.Invoker.invokeTestMethods(Invoker.java:1231)
	at org.testng.internal.TestMethodWorker.invokeTestMethods(TestMethodWorker.java:127)
	at org.testng.internal.TestMethodWorker.run(TestMethodWorker.java:111)
	at org.testng.TestRunner.privateRun(TestRunner.java:767)
	at org.testng.TestRunner.run(TestRunner.java:617)
	at org.testng.SuiteRunner.runTest(SuiteRunner.java:348)
	at org.testng.SuiteRunner.runSequentially(SuiteRunner.java:343)
	at org.testng.SuiteRunner.privateRun(SuiteRunner.java:305)
	at org.testng.SuiteRunner.run(SuiteRunner.java:254)
	at org.testng.SuiteRunnerWorker.runSuite(SuiteRunnerWorker.java:52)
	at org.testng.SuiteRunnerWorker.run(SuiteRunnerWorker.java:86)
	at org.testng.TestNG.runSuitesSequentially(TestNG.java:1224)
	at org.testng.TestNG.runSuitesLocally(TestNG.java:1149)
	at org.testng.TestNG.run(TestNG.java:1057)
	at org.testng.remote.AbstractRemoteTestNG.run(AbstractRemoteTestNG.java:132)
	at org.testng.remote.RemoteTestNG.initAndRun(RemoteTestNG.java:230)
	at org.testng.remote.RemoteTestNG.main(RemoteTestNG.java:76)
]]>
    </error>
  </testcase> <!-- wmsGetMapLayerCrs_Conditional_Supported -->
  <testcase name="wmsGetMapLayerCrs_Mandatory_EPSG_4326_Supported" time="0.119" classname="ets.wms13.core.dgiwg.testsuite.getmap.GetMapLayerCrsTest"/>
  <testcase name="wmsGetMapLayerCrs_Mandatory_EPSG_4326_Supported" time="0.119" classname="ets.wms13.core.dgiwg.testsuite.getmap.GetMapLayerCrsTest"/>
  <testcase name="wmsGetMapLayerCrs_Conditional_Supported" time="0.000" classname="ets.wms13.core.dgiwg.testsuite.getmap.GetMapLayerCrsTest">
    <error type="java.lang.AssertionError" message="Layer 30 does not support CRS EPSG:32661 expected [true] but found [false]">
      <![CDATA[java.lang.AssertionError: Layer 30 does not support CRS EPSG:32661 expected [true] but found [false]
	at org.testng.Assert.fail(Assert.java:94)
	at org.testng.Assert.failNotEquals(Assert.java:494)
	at org.testng.Assert.assertTrue(Assert.java:42)
	at ets.wms13.core.dgiwg.testsuite.getmap.GetMapLayerCrsTest.findBboxOrSkipTestIfCrsIsNotSupported(GetMapLayerCrsTest.java:118)
	at ets.wms13.core.dgiwg.testsuite.getmap.GetMapLayerCrsTest.sendGetMapCrsRequest(GetMapLayerCrsTest.java:126)
	at ets.wms13.core.dgiwg.testsuite.getmap.GetMapLayerCrsTest.wmsGetMapLayerCrs_Conditional_Supported(GetMapLayerCrsTest.java:97)
	at sun.reflect.GeneratedMethodAccessor6.invoke(Unknown Source)
	at sun.reflect.DelegatingMethodAccessorImpl.invoke(DelegatingMethodAccessorImpl.java:43)
	at java.lang.reflect.Method.invoke(Method.java:498)
	at org.testng.internal.MethodInvocationHelper.invokeMethod(MethodInvocationHelper.java:84)
	at org.testng.internal.Invoker.invokeMethod(Invoker.java:714)
	at org.testng.internal.Invoker.invokeTestMethod(Invoker.java:901)
	at org.testng.internal.Invoker.invokeTestMethods(Invoker.java:1231)
	at org.testng.internal.TestMethodWorker.invokeTestMethods(TestMethodWorker.java:127)
	at org.testng.internal.TestMethodWorker.run(TestMethodWorker.java:111)
	at org.testng.TestRunner.privateRun(TestRunner.java:767)
	at org.testng.TestRunner.run(TestRunner.java:617)
	at org.testng.SuiteRunner.runTest(SuiteRunner.java:348)
	at org.testng.SuiteRunner.runSequentially(SuiteRunner.java:343)
	at org.testng.SuiteRunner.privateRun(SuiteRunner.java:305)
	at org.testng.SuiteRunner.run(SuiteRunner.java:254)
	at org.testng.SuiteRunnerWorker.runSuite(SuiteRunnerWorker.java:52)
	at org.testng.SuiteRunnerWorker.run(SuiteRunnerWorker.java:86)
	at org.testng.TestNG.runSuitesSequentially(TestNG.java:1224)
	at org.testng.TestNG.runSuitesLocally(TestNG.java:1149)
	at org.testng.TestNG.run(TestNG.java:1057)
	at org.testng.remote.AbstractRemoteTestNG.run(AbstractRemoteTestNG.java:132)
	at org.testng.remote.RemoteTestNG.initAndRun(RemoteTestNG.java:230)
	at org.testng.remote.RemoteTestNG.main(RemoteTestNG.java:76)
]]>
    </error>
  </testcase> <!-- wmsGetMapLayerCrs_Conditional_Supported -->
  <testcase name="wmsGetMapLayerCrs_Conditional_Supported" time="0.002" classname="ets.wms13.core.dgiwg.testsuite.getmap.GetMapLayerCrsTest">
    <error type="java.lang.AssertionError" message="Layer 15 does not support CRS EPSG:32661 expected [true] but found [false]">
      <![CDATA[java.lang.AssertionError: Layer 15 does not support CRS EPSG:32661 expected [true] but found [false]
	at org.testng.Assert.fail(Assert.java:94)
	at org.testng.Assert.failNotEquals(Assert.java:494)
	at org.testng.Assert.assertTrue(Assert.java:42)
	at ets.wms13.core.dgiwg.testsuite.getmap.GetMapLayerCrsTest.findBboxOrSkipTestIfCrsIsNotSupported(GetMapLayerCrsTest.java:118)
	at ets.wms13.core.dgiwg.testsuite.getmap.GetMapLayerCrsTest.sendGetMapCrsRequest(GetMapLayerCrsTest.java:126)
	at ets.wms13.core.dgiwg.testsuite.getmap.GetMapLayerCrsTest.wmsGetMapLayerCrs_Conditional_Supported(GetMapLayerCrsTest.java:97)
	at sun.reflect.NativeMethodAccessorImpl.invoke0(Native Method)
	at sun.reflect.NativeMethodAccessorImpl.invoke(NativeMethodAccessorImpl.java:62)
	at sun.reflect.DelegatingMethodAccessorImpl.invoke(DelegatingMethodAccessorImpl.java:43)
	at java.lang.reflect.Method.invoke(Method.java:498)
	at org.testng.internal.MethodInvocationHelper.invokeMethod(MethodInvocationHelper.java:84)
	at org.testng.internal.Invoker.invokeMethod(Invoker.java:714)
	at org.testng.internal.Invoker.invokeTestMethod(Invoker.java:901)
	at org.testng.internal.Invoker.invokeTestMethods(Invoker.java:1231)
	at org.testng.internal.TestMethodWorker.invokeTestMethods(TestMethodWorker.java:127)
	at org.testng.internal.TestMethodWorker.run(TestMethodWorker.java:111)
	at org.testng.TestRunner.privateRun(TestRunner.java:767)
	at org.testng.TestRunner.run(TestRunner.java:617)
	at org.testng.SuiteRunner.runTest(SuiteRunner.java:348)
	at org.testng.SuiteRunner.runSequentially(SuiteRunner.java:343)
	at org.testng.SuiteRunner.privateRun(SuiteRunner.java:305)
	at org.testng.SuiteRunner.run(SuiteRunner.java:254)
	at org.testng.SuiteRunnerWorker.runSuite(SuiteRunnerWorker.java:52)
	at org.testng.SuiteRunnerWorker.run(SuiteRunnerWorker.java:86)
	at org.testng.TestNG.runSuitesSequentially(TestNG.java:1224)
	at org.testng.TestNG.runSuitesLocally(TestNG.java:1149)
	at org.testng.TestNG.run(TestNG.java:1057)
	at org.testng.remote.AbstractRemoteTestNG.run(AbstractRemoteTestNG.java:132)
	at org.testng.remote.RemoteTestNG.initAndRun(RemoteTestNG.java:230)
	at org.testng.remote.RemoteTestNG.main(RemoteTestNG.java:76)
]]>
    </error>
  </testcase> <!-- wmsGetMapLayerCrs_Conditional_Supported -->
  <testcase name="wmsGetMapLayerCrs_Mandatory_CRS_84_Supported" time="0.122" classname="ets.wms13.core.dgiwg.testsuite.getmap.GetMapLayerCrsTest"/>
  <testcase name="wmsGetMapLayerCrs_Conditional_Supported" time="0.003" classname="ets.wms13.core.dgiwg.testsuite.getmap.GetMapLayerCrsTest">
    <error type="java.lang.AssertionError" message="Layer 24 does not support CRS EPSG:32610 expected [true] but found [false]">
      <![CDATA[java.lang.AssertionError: Layer 24 does not support CRS EPSG:32610 expected [true] but found [false]
	at org.testng.Assert.fail(Assert.java:94)
	at org.testng.Assert.failNotEquals(Assert.java:494)
	at org.testng.Assert.assertTrue(Assert.java:42)
	at ets.wms13.core.dgiwg.testsuite.getmap.GetMapLayerCrsTest.findBboxOrSkipTestIfCrsIsNotSupported(GetMapLayerCrsTest.java:118)
	at ets.wms13.core.dgiwg.testsuite.getmap.GetMapLayerCrsTest.sendGetMapCrsRequest(GetMapLayerCrsTest.java:126)
	at ets.wms13.core.dgiwg.testsuite.getmap.GetMapLayerCrsTest.wmsGetMapLayerCrs_Conditional_Supported(GetMapLayerCrsTest.java:97)
	at sun.reflect.GeneratedMethodAccessor6.invoke(Unknown Source)
	at sun.reflect.DelegatingMethodAccessorImpl.invoke(DelegatingMethodAccessorImpl.java:43)
	at java.lang.reflect.Method.invoke(Method.java:498)
	at org.testng.internal.MethodInvocationHelper.invokeMethod(MethodInvocationHelper.java:84)
	at org.testng.internal.Invoker.invokeMethod(Invoker.java:714)
	at org.testng.internal.Invoker.invokeTestMethod(Invoker.java:901)
	at org.testng.internal.Invoker.invokeTestMethods(Invoker.java:1231)
	at org.testng.internal.TestMethodWorker.invokeTestMethods(TestMethodWorker.java:127)
	at org.testng.internal.TestMethodWorker.run(TestMethodWorker.java:111)
	at org.testng.TestRunner.privateRun(TestRunner.java:767)
	at org.testng.TestRunner.run(TestRunner.java:617)
	at org.testng.SuiteRunner.runTest(SuiteRunner.java:348)
	at org.testng.SuiteRunner.runSequentially(SuiteRunner.java:343)
	at org.testng.SuiteRunner.privateRun(SuiteRunner.java:305)
	at org.testng.SuiteRunner.run(SuiteRunner.java:254)
	at org.testng.SuiteRunnerWorker.runSuite(SuiteRunnerWorker.java:52)
	at org.testng.SuiteRunnerWorker.run(SuiteRunnerWorker.java:86)
	at org.testng.TestNG.runSuitesSequentially(TestNG.java:1224)
	at org.testng.TestNG.runSuitesLocally(TestNG.java:1149)
	at org.testng.TestNG.run(TestNG.java:1057)
	at org.testng.remote.AbstractRemoteTestNG.run(AbstractRemoteTestNG.java:132)
	at org.testng.remote.RemoteTestNG.initAndRun(RemoteTestNG.java:230)
	at org.testng.remote.RemoteTestNG.main(RemoteTestNG.java:76)
]]>
    </error>
  </testcase> <!-- wmsGetMapLayerCrs_Conditional_Supported -->
  <testcase name="wmsGetMapLayerCrs_Mandatory_EPSG_3395_Supported" time="0.000" classname="ets.wms13.core.dgiwg.testsuite.getmap.GetMapLayerCrsTest">
    <error type="java.lang.AssertionError" message="Layer 21 does not support CRS EPSG:3395 expected [true] but found [false]">
      <![CDATA[java.lang.AssertionError: Layer 21 does not support CRS EPSG:3395 expected [true] but found [false]
	at org.testng.Assert.fail(Assert.java:94)
	at org.testng.Assert.failNotEquals(Assert.java:494)
	at org.testng.Assert.assertTrue(Assert.java:42)
	at ets.wms13.core.dgiwg.testsuite.getmap.GetMapLayerCrsTest.findBboxOrSkipTestIfCrsIsNotSupported(GetMapLayerCrsTest.java:118)
	at ets.wms13.core.dgiwg.testsuite.getmap.GetMapLayerCrsTest.sendGetMapCrsRequest(GetMapLayerCrsTest.java:126)
	at ets.wms13.core.dgiwg.testsuite.getmap.GetMapLayerCrsTest.wmsGetMapLayerCrs_Mandatory_EPSG_3395_Supported(GetMapLayerCrsTest.java:85)
	at sun.reflect.GeneratedMethodAccessor8.invoke(Unknown Source)
	at sun.reflect.DelegatingMethodAccessorImpl.invoke(DelegatingMethodAccessorImpl.java:43)
	at java.lang.reflect.Method.invoke(Method.java:498)
	at org.testng.internal.MethodInvocationHelper.invokeMethod(MethodInvocationHelper.java:84)
	at org.testng.internal.Invoker.invokeMethod(Invoker.java:714)
	at org.testng.internal.Invoker.invokeTestMethod(Invoker.java:901)
	at org.testng.internal.Invoker.invokeTestMethods(Invoker.java:1231)
	at org.testng.internal.TestMethodWorker.invokeTestMethods(TestMethodWorker.java:127)
	at org.testng.internal.TestMethodWorker.run(TestMethodWorker.java:111)
	at org.testng.TestRunner.privateRun(TestRunner.java:767)
	at org.testng.TestRunner.run(TestRunner.java:617)
	at org.testng.SuiteRunner.runTest(SuiteRunner.java:348)
	at org.testng.SuiteRunner.runSequentially(SuiteRunner.java:343)
	at org.testng.SuiteRunner.privateRun(SuiteRunner.java:305)
	at org.testng.SuiteRunner.run(SuiteRunner.java:254)
	at org.testng.SuiteRunnerWorker.runSuite(SuiteRunnerWorker.java:52)
	at org.testng.SuiteRunnerWorker.run(SuiteRunnerWorker.java:86)
	at org.testng.TestNG.runSuitesSequentially(TestNG.java:1224)
	at org.testng.TestNG.runSuitesLocally(TestNG.java:1149)
	at org.testng.TestNG.run(TestNG.java:1057)
	at org.testng.remote.AbstractRemoteTestNG.run(AbstractRemoteTestNG.java:132)
	at org.testng.remote.RemoteTestNG.initAndRun(RemoteTestNG.java:230)
	at org.testng.remote.RemoteTestNG.main(RemoteTestNG.java:76)
]]>
    </error>
  </testcase> <!-- wmsGetMapLayerCrs_Mandatory_EPSG_3395_Supported -->
  <testcase name="wmsGetMapLayerCrs_Mandatory_EPSG_4326_Supported" time="0.131" classname="ets.wms13.core.dgiwg.testsuite.getmap.GetMapLayerCrsTest"/>
  <testcase name="wmsGetMapLayerCrs_Conditional_Supported" time="0.001" classname="ets.wms13.core.dgiwg.testsuite.getmap.GetMapLayerCrsTest">
    <error type="java.lang.AssertionError" message="Layer 14 does not support CRS EPSG:32661 expected [true] but found [false]">
      <![CDATA[java.lang.AssertionError: Layer 14 does not support CRS EPSG:32661 expected [true] but found [false]
	at org.testng.Assert.fail(Assert.java:94)
	at org.testng.Assert.failNotEquals(Assert.java:494)
	at org.testng.Assert.assertTrue(Assert.java:42)
	at ets.wms13.core.dgiwg.testsuite.getmap.GetMapLayerCrsTest.findBboxOrSkipTestIfCrsIsNotSupported(GetMapLayerCrsTest.java:118)
	at ets.wms13.core.dgiwg.testsuite.getmap.GetMapLayerCrsTest.sendGetMapCrsRequest(GetMapLayerCrsTest.java:126)
	at ets.wms13.core.dgiwg.testsuite.getmap.GetMapLayerCrsTest.wmsGetMapLayerCrs_Conditional_Supported(GetMapLayerCrsTest.java:97)
	at sun.reflect.NativeMethodAccessorImpl.invoke0(Native Method)
	at sun.reflect.NativeMethodAccessorImpl.invoke(NativeMethodAccessorImpl.java:62)
	at sun.reflect.DelegatingMethodAccessorImpl.invoke(DelegatingMethodAccessorImpl.java:43)
	at java.lang.reflect.Method.invoke(Method.java:498)
	at org.testng.internal.MethodInvocationHelper.invokeMethod(MethodInvocationHelper.java:84)
	at org.testng.internal.Invoker.invokeMethod(Invoker.java:714)
	at org.testng.internal.Invoker.invokeTestMethod(Invoker.java:901)
	at org.testng.internal.Invoker.invokeTestMethods(Invoker.java:1231)
	at org.testng.internal.TestMethodWorker.invokeTestMethods(TestMethodWorker.java:127)
	at org.testng.internal.TestMethodWorker.run(TestMethodWorker.java:111)
	at org.testng.TestRunner.privateRun(TestRunner.java:767)
	at org.testng.TestRunner.run(TestRunner.java:617)
	at org.testng.SuiteRunner.runTest(SuiteRunner.java:348)
	at org.testng.SuiteRunner.runSequentially(SuiteRunner.java:343)
	at org.testng.SuiteRunner.privateRun(SuiteRunner.java:305)
	at org.testng.SuiteRunner.run(SuiteRunner.java:254)
	at org.testng.SuiteRunnerWorker.runSuite(SuiteRunnerWorker.java:52)
	at org.testng.SuiteRunnerWorker.run(SuiteRunnerWorker.java:86)
	at org.testng.TestNG.runSuitesSequentially(TestNG.java:1224)
	at org.testng.TestNG.runSuitesLocally(TestNG.java:1149)
	at org.testng.TestNG.run(TestNG.java:1057)
	at org.testng.remote.AbstractRemoteTestNG.run(AbstractRemoteTestNG.java:132)
	at org.testng.remote.RemoteTestNG.initAndRun(RemoteTestNG.java:230)
	at org.testng.remote.RemoteTestNG.main(RemoteTestNG.java:76)
]]>
    </error>
  </testcase> <!-- wmsGetMapLayerCrs_Conditional_Supported -->
  <testcase name="wmsGetMapLayerCrs_Mandatory_CRS_84_Supported" time="0.120" classname="ets.wms13.core.dgiwg.testsuite.getmap.GetMapLayerCrsTest"/>
  <testcase name="wmsGetMapLayerCrs_Mandatory_EPSG_4326_Supported" time="0.173" classname="ets.wms13.core.dgiwg.testsuite.getmap.GetMapLayerCrsTest"/>
  <testcase name="wmsGetMapLayerCrs_Conditional_Supported" time="0.001" classname="ets.wms13.core.dgiwg.testsuite.getmap.GetMapLayerCrsTest">
    <error type="java.lang.AssertionError" message="Layer 4 does not support CRS EPSG:32661 expected [true] but found [false]">
      <![CDATA[java.lang.AssertionError: Layer 4 does not support CRS EPSG:32661 expected [true] but found [false]
	at org.testng.Assert.fail(Assert.java:94)
	at org.testng.Assert.failNotEquals(Assert.java:494)
	at org.testng.Assert.assertTrue(Assert.java:42)
	at ets.wms13.core.dgiwg.testsuite.getmap.GetMapLayerCrsTest.findBboxOrSkipTestIfCrsIsNotSupported(GetMapLayerCrsTest.java:118)
	at ets.wms13.core.dgiwg.testsuite.getmap.GetMapLayerCrsTest.sendGetMapCrsRequest(GetMapLayerCrsTest.java:126)
	at ets.wms13.core.dgiwg.testsuite.getmap.GetMapLayerCrsTest.wmsGetMapLayerCrs_Conditional_Supported(GetMapLayerCrsTest.java:97)
	at sun.reflect.NativeMethodAccessorImpl.invoke0(Native Method)
	at sun.reflect.NativeMethodAccessorImpl.invoke(NativeMethodAccessorImpl.java:62)
	at sun.reflect.DelegatingMethodAccessorImpl.invoke(DelegatingMethodAccessorImpl.java:43)
	at java.lang.reflect.Method.invoke(Method.java:498)
	at org.testng.internal.MethodInvocationHelper.invokeMethod(MethodInvocationHelper.java:84)
	at org.testng.internal.Invoker.invokeMethod(Invoker.java:714)
	at org.testng.internal.Invoker.invokeTestMethod(Invoker.java:901)
	at org.testng.internal.Invoker.invokeTestMethods(Invoker.java:1231)
	at org.testng.internal.TestMethodWorker.invokeTestMethods(TestMethodWorker.java:127)
	at org.testng.internal.TestMethodWorker.run(TestMethodWorker.java:111)
	at org.testng.TestRunner.privateRun(TestRunner.java:767)
	at org.testng.TestRunner.run(TestRunner.java:617)
	at org.testng.SuiteRunner.runTest(SuiteRunner.java:348)
	at org.testng.SuiteRunner.runSequentially(SuiteRunner.java:343)
	at org.testng.SuiteRunner.privateRun(SuiteRunner.java:305)
	at org.testng.SuiteRunner.run(SuiteRunner.java:254)
	at org.testng.SuiteRunnerWorker.runSuite(SuiteRunnerWorker.java:52)
	at org.testng.SuiteRunnerWorker.run(SuiteRunnerWorker.java:86)
	at org.testng.TestNG.runSuitesSequentially(TestNG.java:1224)
	at org.testng.TestNG.runSuitesLocally(TestNG.java:1149)
	at org.testng.TestNG.run(TestNG.java:1057)
	at org.testng.remote.AbstractRemoteTestNG.run(AbstractRemoteTestNG.java:132)
	at org.testng.remote.RemoteTestNG.initAndRun(RemoteTestNG.java:230)
	at org.testng.remote.RemoteTestNG.main(RemoteTestNG.java:76)
]]>
    </error>
  </testcase> <!-- wmsGetMapLayerCrs_Conditional_Supported -->
  <testcase name="wmsGetMapLayerCrs_Conditional_Supported" time="0.002" classname="ets.wms13.core.dgiwg.testsuite.getmap.GetMapLayerCrsTest">
    <error type="java.lang.AssertionError" message="Layer 16 does not support CRS EPSG:32661 expected [true] but found [false]">
      <![CDATA[java.lang.AssertionError: Layer 16 does not support CRS EPSG:32661 expected [true] but found [false]
	at org.testng.Assert.fail(Assert.java:94)
	at org.testng.Assert.failNotEquals(Assert.java:494)
	at org.testng.Assert.assertTrue(Assert.java:42)
	at ets.wms13.core.dgiwg.testsuite.getmap.GetMapLayerCrsTest.findBboxOrSkipTestIfCrsIsNotSupported(GetMapLayerCrsTest.java:118)
	at ets.wms13.core.dgiwg.testsuite.getmap.GetMapLayerCrsTest.sendGetMapCrsRequest(GetMapLayerCrsTest.java:126)
	at ets.wms13.core.dgiwg.testsuite.getmap.GetMapLayerCrsTest.wmsGetMapLayerCrs_Conditional_Supported(GetMapLayerCrsTest.java:97)
	at sun.reflect.GeneratedMethodAccessor6.invoke(Unknown Source)
	at sun.reflect.DelegatingMethodAccessorImpl.invoke(DelegatingMethodAccessorImpl.java:43)
	at java.lang.reflect.Method.invoke(Method.java:498)
	at org.testng.internal.MethodInvocationHelper.invokeMethod(MethodInvocationHelper.java:84)
	at org.testng.internal.Invoker.invokeMethod(Invoker.java:714)
	at org.testng.internal.Invoker.invokeTestMethod(Invoker.java:901)
	at org.testng.internal.Invoker.invokeTestMethods(Invoker.java:1231)
	at org.testng.internal.TestMethodWorker.invokeTestMethods(TestMethodWorker.java:127)
	at org.testng.internal.TestMethodWorker.run(TestMethodWorker.java:111)
	at org.testng.TestRunner.privateRun(TestRunner.java:767)
	at org.testng.TestRunner.run(TestRunner.java:617)
	at org.testng.SuiteRunner.runTest(SuiteRunner.java:348)
	at org.testng.SuiteRunner.runSequentially(SuiteRunner.java:343)
	at org.testng.SuiteRunner.privateRun(SuiteRunner.java:305)
	at org.testng.SuiteRunner.run(SuiteRunner.java:254)
	at org.testng.SuiteRunnerWorker.runSuite(SuiteRunnerWorker.java:52)
	at org.testng.SuiteRunnerWorker.run(SuiteRunnerWorker.java:86)
	at org.testng.TestNG.runSuitesSequentially(TestNG.java:1224)
	at org.testng.TestNG.runSuitesLocally(TestNG.java:1149)
	at org.testng.TestNG.run(TestNG.java:1057)
	at org.testng.remote.AbstractRemoteTestNG.run(AbstractRemoteTestNG.java:132)
	at org.testng.remote.RemoteTestNG.initAndRun(RemoteTestNG.java:230)
	at org.testng.remote.RemoteTestNG.main(RemoteTestNG.java:76)
]]>
    </error>
  </testcase> <!-- wmsGetMapLayerCrs_Conditional_Supported -->
  <testcase name="wmsGetMapLayerCrs_Mandatory_EPSG_3395_Supported" time="0.000" classname="ets.wms13.core.dgiwg.testsuite.getmap.GetMapLayerCrsTest">
    <error type="java.lang.AssertionError" message="Layer 14 does not support CRS EPSG:3395 expected [true] but found [false]">
      <![CDATA[java.lang.AssertionError: Layer 14 does not support CRS EPSG:3395 expected [true] but found [false]
	at org.testng.Assert.fail(Assert.java:94)
	at org.testng.Assert.failNotEquals(Assert.java:494)
	at org.testng.Assert.assertTrue(Assert.java:42)
	at ets.wms13.core.dgiwg.testsuite.getmap.GetMapLayerCrsTest.findBboxOrSkipTestIfCrsIsNotSupported(GetMapLayerCrsTest.java:118)
	at ets.wms13.core.dgiwg.testsuite.getmap.GetMapLayerCrsTest.sendGetMapCrsRequest(GetMapLayerCrsTest.java:126)
	at ets.wms13.core.dgiwg.testsuite.getmap.GetMapLayerCrsTest.wmsGetMapLayerCrs_Mandatory_EPSG_3395_Supported(GetMapLayerCrsTest.java:85)
	at sun.reflect.NativeMethodAccessorImpl.invoke0(Native Method)
	at sun.reflect.NativeMethodAccessorImpl.invoke(NativeMethodAccessorImpl.java:62)
	at sun.reflect.DelegatingMethodAccessorImpl.invoke(DelegatingMethodAccessorImpl.java:43)
	at java.lang.reflect.Method.invoke(Method.java:498)
	at org.testng.internal.MethodInvocationHelper.invokeMethod(MethodInvocationHelper.java:84)
	at org.testng.internal.Invoker.invokeMethod(Invoker.java:714)
	at org.testng.internal.Invoker.invokeTestMethod(Invoker.java:901)
	at org.testng.internal.Invoker.invokeTestMethods(Invoker.java:1231)
	at org.testng.internal.TestMethodWorker.invokeTestMethods(TestMethodWorker.java:127)
	at org.testng.internal.TestMethodWorker.run(TestMethodWorker.java:111)
	at org.testng.TestRunner.privateRun(TestRunner.java:767)
	at org.testng.TestRunner.run(TestRunner.java:617)
	at org.testng.SuiteRunner.runTest(SuiteRunner.java:348)
	at org.testng.SuiteRunner.runSequentially(SuiteRunner.java:343)
	at org.testng.SuiteRunner.privateRun(SuiteRunner.java:305)
	at org.testng.SuiteRunner.run(SuiteRunner.java:254)
	at org.testng.SuiteRunnerWorker.runSuite(SuiteRunnerWorker.java:52)
	at org.testng.SuiteRunnerWorker.run(SuiteRunnerWorker.java:86)
	at org.testng.TestNG.runSuitesSequentially(TestNG.java:1224)
	at org.testng.TestNG.runSuitesLocally(TestNG.java:1149)
	at org.testng.TestNG.run(TestNG.java:1057)
	at org.testng.remote.AbstractRemoteTestNG.run(AbstractRemoteTestNG.java:132)
	at org.testng.remote.RemoteTestNG.initAndRun(RemoteTestNG.java:230)
	at org.testng.remote.RemoteTestNG.main(RemoteTestNG.java:76)
]]>
    </error>
  </testcase> <!-- wmsGetMapLayerCrs_Mandatory_EPSG_3395_Supported -->
  <testcase name="wmsGetMapLayerCrs_Mandatory_EPSG_3395_Supported" time="0.001" classname="ets.wms13.core.dgiwg.testsuite.getmap.GetMapLayerCrsTest">
    <error type="java.lang.AssertionError" message="Layer 5 does not support CRS EPSG:3395 expected [true] but found [false]">
      <![CDATA[java.lang.AssertionError: Layer 5 does not support CRS EPSG:3395 expected [true] but found [false]
	at org.testng.Assert.fail(Assert.java:94)
	at org.testng.Assert.failNotEquals(Assert.java:494)
	at org.testng.Assert.assertTrue(Assert.java:42)
	at ets.wms13.core.dgiwg.testsuite.getmap.GetMapLayerCrsTest.findBboxOrSkipTestIfCrsIsNotSupported(GetMapLayerCrsTest.java:118)
	at ets.wms13.core.dgiwg.testsuite.getmap.GetMapLayerCrsTest.sendGetMapCrsRequest(GetMapLayerCrsTest.java:126)
	at ets.wms13.core.dgiwg.testsuite.getmap.GetMapLayerCrsTest.wmsGetMapLayerCrs_Mandatory_EPSG_3395_Supported(GetMapLayerCrsTest.java:85)
	at sun.reflect.NativeMethodAccessorImpl.invoke0(Native Method)
	at sun.reflect.NativeMethodAccessorImpl.invoke(NativeMethodAccessorImpl.java:62)
	at sun.reflect.DelegatingMethodAccessorImpl.invoke(DelegatingMethodAccessorImpl.java:43)
	at java.lang.reflect.Method.invoke(Method.java:498)
	at org.testng.internal.MethodInvocationHelper.invokeMethod(MethodInvocationHelper.java:84)
	at org.testng.internal.Invoker.invokeMethod(Invoker.java:714)
	at org.testng.internal.Invoker.invokeTestMethod(Invoker.java:901)
	at org.testng.internal.Invoker.invokeTestMethods(Invoker.java:1231)
	at org.testng.internal.TestMethodWorker.invokeTestMethods(TestMethodWorker.java:127)
	at org.testng.internal.TestMethodWorker.run(TestMethodWorker.java:111)
	at org.testng.TestRunner.privateRun(TestRunner.java:767)
	at org.testng.TestRunner.run(TestRunner.java:617)
	at org.testng.SuiteRunner.runTest(SuiteRunner.java:348)
	at org.testng.SuiteRunner.runSequentially(SuiteRunner.java:343)
	at org.testng.SuiteRunner.privateRun(SuiteRunner.java:305)
	at org.testng.SuiteRunner.run(SuiteRunner.java:254)
	at org.testng.SuiteRunnerWorker.runSuite(SuiteRunnerWorker.java:52)
	at org.testng.SuiteRunnerWorker.run(SuiteRunnerWorker.java:86)
	at org.testng.TestNG.runSuitesSequentially(TestNG.java:1224)
	at org.testng.TestNG.runSuitesLocally(TestNG.java:1149)
	at org.testng.TestNG.run(TestNG.java:1057)
	at org.testng.remote.AbstractRemoteTestNG.run(AbstractRemoteTestNG.java:132)
	at org.testng.remote.RemoteTestNG.initAndRun(RemoteTestNG.java:230)
	at org.testng.remote.RemoteTestNG.main(RemoteTestNG.java:76)
]]>
    </error>
  </testcase> <!-- wmsGetMapLayerCrs_Mandatory_EPSG_3395_Supported -->
  <testcase name="wmsGetMapLayerCrs_Mandatory_EPSG_3395_Supported" time="0.001" classname="ets.wms13.core.dgiwg.testsuite.getmap.GetMapLayerCrsTest">
    <error type="java.lang.AssertionError" message="Layer 28 does not support CRS EPSG:3395 expected [true] but found [false]">
      <![CDATA[java.lang.AssertionError: Layer 28 does not support CRS EPSG:3395 expected [true] but found [false]
	at org.testng.Assert.fail(Assert.java:94)
	at org.testng.Assert.failNotEquals(Assert.java:494)
	at org.testng.Assert.assertTrue(Assert.java:42)
	at ets.wms13.core.dgiwg.testsuite.getmap.GetMapLayerCrsTest.findBboxOrSkipTestIfCrsIsNotSupported(GetMapLayerCrsTest.java:118)
	at ets.wms13.core.dgiwg.testsuite.getmap.GetMapLayerCrsTest.sendGetMapCrsRequest(GetMapLayerCrsTest.java:126)
	at ets.wms13.core.dgiwg.testsuite.getmap.GetMapLayerCrsTest.wmsGetMapLayerCrs_Mandatory_EPSG_3395_Supported(GetMapLayerCrsTest.java:85)
	at sun.reflect.GeneratedMethodAccessor8.invoke(Unknown Source)
	at sun.reflect.DelegatingMethodAccessorImpl.invoke(DelegatingMethodAccessorImpl.java:43)
	at java.lang.reflect.Method.invoke(Method.java:498)
	at org.testng.internal.MethodInvocationHelper.invokeMethod(MethodInvocationHelper.java:84)
	at org.testng.internal.Invoker.invokeMethod(Invoker.java:714)
	at org.testng.internal.Invoker.invokeTestMethod(Invoker.java:901)
	at org.testng.internal.Invoker.invokeTestMethods(Invoker.java:1231)
	at org.testng.internal.TestMethodWorker.invokeTestMethods(TestMethodWorker.java:127)
	at org.testng.internal.TestMethodWorker.run(TestMethodWorker.java:111)
	at org.testng.TestRunner.privateRun(TestRunner.java:767)
	at org.testng.TestRunner.run(TestRunner.java:617)
	at org.testng.SuiteRunner.runTest(SuiteRunner.java:348)
	at org.testng.SuiteRunner.runSequentially(SuiteRunner.java:343)
	at org.testng.SuiteRunner.privateRun(SuiteRunner.java:305)
	at org.testng.SuiteRunner.run(SuiteRunner.java:254)
	at org.testng.SuiteRunnerWorker.runSuite(SuiteRunnerWorker.java:52)
	at org.testng.SuiteRunnerWorker.run(SuiteRunnerWorker.java:86)
	at org.testng.TestNG.runSuitesSequentially(TestNG.java:1224)
	at org.testng.TestNG.runSuitesLocally(TestNG.java:1149)
	at org.testng.TestNG.run(TestNG.java:1057)
	at org.testng.remote.AbstractRemoteTestNG.run(AbstractRemoteTestNG.java:132)
	at org.testng.remote.RemoteTestNG.initAndRun(RemoteTestNG.java:230)
	at org.testng.remote.RemoteTestNG.main(RemoteTestNG.java:76)
]]>
    </error>
  </testcase> <!-- wmsGetMapLayerCrs_Mandatory_EPSG_3395_Supported -->
  <testcase name="wmsGetMapLayerCrs_Conditional_Supported" time="0.002" classname="ets.wms13.core.dgiwg.testsuite.getmap.GetMapLayerCrsTest">
    <error type="java.lang.AssertionError" message="Layer 7 does not support CRS EPSG:32610 expected [true] but found [false]">
      <![CDATA[java.lang.AssertionError: Layer 7 does not support CRS EPSG:32610 expected [true] but found [false]
	at org.testng.Assert.fail(Assert.java:94)
	at org.testng.Assert.failNotEquals(Assert.java:494)
	at org.testng.Assert.assertTrue(Assert.java:42)
	at ets.wms13.core.dgiwg.testsuite.getmap.GetMapLayerCrsTest.findBboxOrSkipTestIfCrsIsNotSupported(GetMapLayerCrsTest.java:118)
	at ets.wms13.core.dgiwg.testsuite.getmap.GetMapLayerCrsTest.sendGetMapCrsRequest(GetMapLayerCrsTest.java:126)
	at ets.wms13.core.dgiwg.testsuite.getmap.GetMapLayerCrsTest.wmsGetMapLayerCrs_Conditional_Supported(GetMapLayerCrsTest.java:97)
	at sun.reflect.NativeMethodAccessorImpl.invoke0(Native Method)
	at sun.reflect.NativeMethodAccessorImpl.invoke(NativeMethodAccessorImpl.java:62)
	at sun.reflect.DelegatingMethodAccessorImpl.invoke(DelegatingMethodAccessorImpl.java:43)
	at java.lang.reflect.Method.invoke(Method.java:498)
	at org.testng.internal.MethodInvocationHelper.invokeMethod(MethodInvocationHelper.java:84)
	at org.testng.internal.Invoker.invokeMethod(Invoker.java:714)
	at org.testng.internal.Invoker.invokeTestMethod(Invoker.java:901)
	at org.testng.internal.Invoker.invokeTestMethods(Invoker.java:1231)
	at org.testng.internal.TestMethodWorker.invokeTestMethods(TestMethodWorker.java:127)
	at org.testng.internal.TestMethodWorker.run(TestMethodWorker.java:111)
	at org.testng.TestRunner.privateRun(TestRunner.java:767)
	at org.testng.TestRunner.run(TestRunner.java:617)
	at org.testng.SuiteRunner.runTest(SuiteRunner.java:348)
	at org.testng.SuiteRunner.runSequentially(SuiteRunner.java:343)
	at org.testng.SuiteRunner.privateRun(SuiteRunner.java:305)
	at org.testng.SuiteRunner.run(SuiteRunner.java:254)
	at org.testng.SuiteRunnerWorker.runSuite(SuiteRunnerWorker.java:52)
	at org.testng.SuiteRunnerWorker.run(SuiteRunnerWorker.java:86)
	at org.testng.TestNG.runSuitesSequentially(TestNG.java:1224)
	at org.testng.TestNG.runSuitesLocally(TestNG.java:1149)
	at org.testng.TestNG.run(TestNG.java:1057)
	at org.testng.remote.AbstractRemoteTestNG.run(AbstractRemoteTestNG.java:132)
	at org.testng.remote.RemoteTestNG.initAndRun(RemoteTestNG.java:230)
	at org.testng.remote.RemoteTestNG.main(RemoteTestNG.java:76)
]]>
    </error>
  </testcase> <!-- wmsGetMapLayerCrs_Conditional_Supported -->
  <testcase name="wmsGetMapLayerCrs_Mandatory_EPSG_3395_Supported" time="0.002" classname="ets.wms13.core.dgiwg.testsuite.getmap.GetMapLayerCrsTest">
    <error type="java.lang.AssertionError" message="Layer 20 does not support CRS EPSG:3395 expected [true] but found [false]">
      <![CDATA[java.lang.AssertionError: Layer 20 does not support CRS EPSG:3395 expected [true] but found [false]
	at org.testng.Assert.fail(Assert.java:94)
	at org.testng.Assert.failNotEquals(Assert.java:494)
	at org.testng.Assert.assertTrue(Assert.java:42)
	at ets.wms13.core.dgiwg.testsuite.getmap.GetMapLayerCrsTest.findBboxOrSkipTestIfCrsIsNotSupported(GetMapLayerCrsTest.java:118)
	at ets.wms13.core.dgiwg.testsuite.getmap.GetMapLayerCrsTest.sendGetMapCrsRequest(GetMapLayerCrsTest.java:126)
	at ets.wms13.core.dgiwg.testsuite.getmap.GetMapLayerCrsTest.wmsGetMapLayerCrs_Mandatory_EPSG_3395_Supported(GetMapLayerCrsTest.java:85)
	at sun.reflect.GeneratedMethodAccessor8.invoke(Unknown Source)
	at sun.reflect.DelegatingMethodAccessorImpl.invoke(DelegatingMethodAccessorImpl.java:43)
	at java.lang.reflect.Method.invoke(Method.java:498)
	at org.testng.internal.MethodInvocationHelper.invokeMethod(MethodInvocationHelper.java:84)
	at org.testng.internal.Invoker.invokeMethod(Invoker.java:714)
	at org.testng.internal.Invoker.invokeTestMethod(Invoker.java:901)
	at org.testng.internal.Invoker.invokeTestMethods(Invoker.java:1231)
	at org.testng.internal.TestMethodWorker.invokeTestMethods(TestMethodWorker.java:127)
	at org.testng.internal.TestMethodWorker.run(TestMethodWorker.java:111)
	at org.testng.TestRunner.privateRun(TestRunner.java:767)
	at org.testng.TestRunner.run(TestRunner.java:617)
	at org.testng.SuiteRunner.runTest(SuiteRunner.java:348)
	at org.testng.SuiteRunner.runSequentially(SuiteRunner.java:343)
	at org.testng.SuiteRunner.privateRun(SuiteRunner.java:305)
	at org.testng.SuiteRunner.run(SuiteRunner.java:254)
	at org.testng.SuiteRunnerWorker.runSuite(SuiteRunnerWorker.java:52)
	at org.testng.SuiteRunnerWorker.run(SuiteRunnerWorker.java:86)
	at org.testng.TestNG.runSuitesSequentially(TestNG.java:1224)
	at org.testng.TestNG.runSuitesLocally(TestNG.java:1149)
	at org.testng.TestNG.run(TestNG.java:1057)
	at org.testng.remote.AbstractRemoteTestNG.run(AbstractRemoteTestNG.java:132)
	at org.testng.remote.RemoteTestNG.initAndRun(RemoteTestNG.java:230)
	at org.testng.remote.RemoteTestNG.main(RemoteTestNG.java:76)
]]>
    </error>
  </testcase> <!-- wmsGetMapLayerCrs_Mandatory_EPSG_3395_Supported -->
  <testcase name="wmsGetMapLayerCrs_Mandatory_EPSG_4326_Supported" time="0.123" classname="ets.wms13.core.dgiwg.testsuite.getmap.GetMapLayerCrsTest"/>
  <testcase name="wmsGetMapLayerCrs_Conditional_Supported" time="0.001" classname="ets.wms13.core.dgiwg.testsuite.getmap.GetMapLayerCrsTest">
    <error type="java.lang.AssertionError" message="Layer 13 does not support CRS EPSG:32610 expected [true] but found [false]">
      <![CDATA[java.lang.AssertionError: Layer 13 does not support CRS EPSG:32610 expected [true] but found [false]
	at org.testng.Assert.fail(Assert.java:94)
	at org.testng.Assert.failNotEquals(Assert.java:494)
	at org.testng.Assert.assertTrue(Assert.java:42)
	at ets.wms13.core.dgiwg.testsuite.getmap.GetMapLayerCrsTest.findBboxOrSkipTestIfCrsIsNotSupported(GetMapLayerCrsTest.java:118)
	at ets.wms13.core.dgiwg.testsuite.getmap.GetMapLayerCrsTest.sendGetMapCrsRequest(GetMapLayerCrsTest.java:126)
	at ets.wms13.core.dgiwg.testsuite.getmap.GetMapLayerCrsTest.wmsGetMapLayerCrs_Conditional_Supported(GetMapLayerCrsTest.java:97)
	at sun.reflect.NativeMethodAccessorImpl.invoke0(Native Method)
	at sun.reflect.NativeMethodAccessorImpl.invoke(NativeMethodAccessorImpl.java:62)
	at sun.reflect.DelegatingMethodAccessorImpl.invoke(DelegatingMethodAccessorImpl.java:43)
	at java.lang.reflect.Method.invoke(Method.java:498)
	at org.testng.internal.MethodInvocationHelper.invokeMethod(MethodInvocationHelper.java:84)
	at org.testng.internal.Invoker.invokeMethod(Invoker.java:714)
	at org.testng.internal.Invoker.invokeTestMethod(Invoker.java:901)
	at org.testng.internal.Invoker.invokeTestMethods(Invoker.java:1231)
	at org.testng.internal.TestMethodWorker.invokeTestMethods(TestMethodWorker.java:127)
	at org.testng.internal.TestMethodWorker.run(TestMethodWorker.java:111)
	at org.testng.TestRunner.privateRun(TestRunner.java:767)
	at org.testng.TestRunner.run(TestRunner.java:617)
	at org.testng.SuiteRunner.runTest(SuiteRunner.java:348)
	at org.testng.SuiteRunner.runSequentially(SuiteRunner.java:343)
	at org.testng.SuiteRunner.privateRun(SuiteRunner.java:305)
	at org.testng.SuiteRunner.run(SuiteRunner.java:254)
	at org.testng.SuiteRunnerWorker.runSuite(SuiteRunnerWorker.java:52)
	at org.testng.SuiteRunnerWorker.run(SuiteRunnerWorker.java:86)
	at org.testng.TestNG.runSuitesSequentially(TestNG.java:1224)
	at org.testng.TestNG.runSuitesLocally(TestNG.java:1149)
	at org.testng.TestNG.run(TestNG.java:1057)
	at org.testng.remote.AbstractRemoteTestNG.run(AbstractRemoteTestNG.java:132)
	at org.testng.remote.RemoteTestNG.initAndRun(RemoteTestNG.java:230)
	at org.testng.remote.RemoteTestNG.main(RemoteTestNG.java:76)
]]>
    </error>
  </testcase> <!-- wmsGetMapLayerCrs_Conditional_Supported -->
  <testcase name="wmsGetMapLayerCrs_Mandatory_EPSG_3395_Supported" time="0.002" classname="ets.wms13.core.dgiwg.testsuite.getmap.GetMapLayerCrsTest">
    <error type="java.lang.AssertionError" message="Layer 29 does not support CRS EPSG:3395 expected [true] but found [false]">
      <![CDATA[java.lang.AssertionError: Layer 29 does not support CRS EPSG:3395 expected [true] but found [false]
	at org.testng.Assert.fail(Assert.java:94)
	at org.testng.Assert.failNotEquals(Assert.java:494)
	at org.testng.Assert.assertTrue(Assert.java:42)
	at ets.wms13.core.dgiwg.testsuite.getmap.GetMapLayerCrsTest.findBboxOrSkipTestIfCrsIsNotSupported(GetMapLayerCrsTest.java:118)
	at ets.wms13.core.dgiwg.testsuite.getmap.GetMapLayerCrsTest.sendGetMapCrsRequest(GetMapLayerCrsTest.java:126)
	at ets.wms13.core.dgiwg.testsuite.getmap.GetMapLayerCrsTest.wmsGetMapLayerCrs_Mandatory_EPSG_3395_Supported(GetMapLayerCrsTest.java:85)
	at sun.reflect.GeneratedMethodAccessor8.invoke(Unknown Source)
	at sun.reflect.DelegatingMethodAccessorImpl.invoke(DelegatingMethodAccessorImpl.java:43)
	at java.lang.reflect.Method.invoke(Method.java:498)
	at org.testng.internal.MethodInvocationHelper.invokeMethod(MethodInvocationHelper.java:84)
	at org.testng.internal.Invoker.invokeMethod(Invoker.java:714)
	at org.testng.internal.Invoker.invokeTestMethod(Invoker.java:901)
	at org.testng.internal.Invoker.invokeTestMethods(Invoker.java:1231)
	at org.testng.internal.TestMethodWorker.invokeTestMethods(TestMethodWorker.java:127)
	at org.testng.internal.TestMethodWorker.run(TestMethodWorker.java:111)
	at org.testng.TestRunner.privateRun(TestRunner.java:767)
	at org.testng.TestRunner.run(TestRunner.java:617)
	at org.testng.SuiteRunner.runTest(SuiteRunner.java:348)
	at org.testng.SuiteRunner.runSequentially(SuiteRunner.java:343)
	at org.testng.SuiteRunner.privateRun(SuiteRunner.java:305)
	at org.testng.SuiteRunner.run(SuiteRunner.java:254)
	at org.testng.SuiteRunnerWorker.runSuite(SuiteRunnerWorker.java:52)
	at org.testng.SuiteRunnerWorker.run(SuiteRunnerWorker.java:86)
	at org.testng.TestNG.runSuitesSequentially(TestNG.java:1224)
	at org.testng.TestNG.runSuitesLocally(TestNG.java:1149)
	at org.testng.TestNG.run(TestNG.java:1057)
	at org.testng.remote.AbstractRemoteTestNG.run(AbstractRemoteTestNG.java:132)
	at org.testng.remote.RemoteTestNG.initAndRun(RemoteTestNG.java:230)
	at org.testng.remote.RemoteTestNG.main(RemoteTestNG.java:76)
]]>
    </error>
  </testcase> <!-- wmsGetMapLayerCrs_Mandatory_EPSG_3395_Supported -->
  <testcase name="wmsGetMapLayerCrs_Mandatory_EPSG_4326_Supported" time="0.125" classname="ets.wms13.core.dgiwg.testsuite.getmap.GetMapLayerCrsTest"/>
  <testcase name="wmsGetMapLayerCrs_Mandatory_EPSG_4326_Supported" time="0.121" classname="ets.wms13.core.dgiwg.testsuite.getmap.GetMapLayerCrsTest"/>
</testsuite> <!-- ets.wms13.core.dgiwg.testsuite.getmap.GetMapLayerCrsTest -->
