<?xml version="1.0" encoding="UTF-8"?>
<!-- Generated by org.testng.reporters.JUnitReportReporter -->
<testsuite hostname="0519-EngrSvr02" name="ets.wms13.core.dgiwg.testsuite.getfeatureinfo.GetFeatureInfoOutputFormatTest" tests="4" failures="0" timestamp="26 Jun 2017 13:30:44 GMT" time="0.315" errors="0">
  <testcase name="wmsGetFeatureInfoOutputFormatTextHtmlSupported" time="0.143" classname="ets.wms13.core.dgiwg.testsuite.getfeatureinfo.GetFeatureInfoOutputFormatTest"/>
  <testcase name="wmsGetFeatureInfoOutputFormatTextXmlSupported" time="0.135" classname="ets.wms13.core.dgiwg.testsuite.getfeatureinfo.GetFeatureInfoOutputFormatTest"/>
  <testcase name="wmsCapabilitiesOutputFormatTextHtmlSupported" time="0.018" classname="ets.wms13.core.dgiwg.testsuite.getfeatureinfo.GetFeatureInfoOutputFormatTest"/>
  <testcase name="wmsCapabilitiesOutputFormatTextXmlSupported" time="0.019" classname="ets.wms13.core.dgiwg.testsuite.getfeatureinfo.GetFeatureInfoOutputFormatTest"/>
</testsuite> <!-- ets.wms13.core.dgiwg.testsuite.getfeatureinfo.GetFeatureInfoOutputFormatTest -->
