<?xml version="1.0" encoding="UTF-8"?>
<!-- Generated by org.testng.reporters.JUnitReportReporter -->
<testsuite hostname="0519-EngrSvr02" name="ets.wms13.core.dgiwg.testsuite.getmap.GetMapMultiDimensionalDataTest" tests="2" failures="2" timestamp="26 Jun 2017 13:30:44 GMT" time="0.009" errors="0">
  <testcase name="wmsGetMapMultiDimensionalDataSupported_Elevation" time="0.005" classname="ets.wms13.core.dgiwg.testsuite.getmap.GetMapMultiDimensionalDataTest">
    <failure type="org.testng.SkipException" message="No layer with dimension &#039;elevation&#039; supported!">
      <![CDATA[org.testng.SkipException: No layer with dimension 'elevation' supported!
	at ets.wms13.core.dgiwg.testsuite.getmap.GetMapMultiDimensionalDataTest.findLayerWithDimension(GetMapMultiDimensionalDataTest.java:143)
	at ets.wms13.core.dgiwg.testsuite.getmap.GetMapMultiDimensionalDataTest.findLayerinfoWithElevationDimension(GetMapMultiDimensionalDataTest.java:126)
	at ets.wms13.core.dgiwg.testsuite.getmap.GetMapMultiDimensionalDataTest.wmsGetMapMultiDimensionalDataSupported_Elevation(GetMapMultiDimensionalDataTest.java:69)
	at sun.reflect.NativeMethodAccessorImpl.invoke0(Native Method)
	at sun.reflect.NativeMethodAccessorImpl.invoke(NativeMethodAccessorImpl.java:62)
	at sun.reflect.DelegatingMethodAccessorImpl.invoke(DelegatingMethodAccessorImpl.java:43)
	at java.lang.reflect.Method.invoke(Method.java:498)
	at org.testng.internal.MethodInvocationHelper.invokeMethod(MethodInvocationHelper.java:84)
	at org.testng.internal.Invoker.invokeMethod(Invoker.java:714)
	at org.testng.internal.Invoker.invokeTestMethod(Invoker.java:901)
	at org.testng.internal.Invoker.invokeTestMethods(Invoker.java:1231)
	at org.testng.internal.TestMethodWorker.invokeTestMethods(TestMethodWorker.java:127)
	at org.testng.internal.TestMethodWorker.run(TestMethodWorker.java:111)
	at org.testng.TestRunner.privateRun(TestRunner.java:767)
	at org.testng.TestRunner.run(TestRunner.java:617)
	at org.testng.SuiteRunner.runTest(SuiteRunner.java:348)
	at org.testng.SuiteRunner.runSequentially(SuiteRunner.java:343)
	at org.testng.SuiteRunner.privateRun(SuiteRunner.java:305)
	at org.testng.SuiteRunner.run(SuiteRunner.java:254)
	at org.testng.SuiteRunnerWorker.runSuite(SuiteRunnerWorker.java:52)
	at org.testng.SuiteRunnerWorker.run(SuiteRunnerWorker.java:86)
	at org.testng.TestNG.runSuitesSequentially(TestNG.java:1224)
	at org.testng.TestNG.runSuitesLocally(TestNG.java:1149)
	at org.testng.TestNG.run(TestNG.java:1057)
	at org.testng.remote.AbstractRemoteTestNG.run(AbstractRemoteTestNG.java:132)
	at org.testng.remote.RemoteTestNG.initAndRun(RemoteTestNG.java:230)
	at org.testng.remote.RemoteTestNG.main(RemoteTestNG.java:76)
]]>
    </failure>
  </testcase> <!-- wmsGetMapMultiDimensionalDataSupported_Elevation -->
  <testcase name="wmsGetMapMultiDimensionalDataSupported_Time" time="0.004" classname="ets.wms13.core.dgiwg.testsuite.getmap.GetMapMultiDimensionalDataTest">
    <failure type="org.testng.SkipException" message="No layer with dimension &#039;time&#039; supported!">
      <![CDATA[org.testng.SkipException: No layer with dimension 'time' supported!
	at ets.wms13.core.dgiwg.testsuite.getmap.GetMapMultiDimensionalDataTest.findLayerWithDimension(GetMapMultiDimensionalDataTest.java:143)
	at ets.wms13.core.dgiwg.testsuite.getmap.GetMapMultiDimensionalDataTest.findLayerinfoWithTimeDimension(GetMapMultiDimensionalDataTest.java:131)
	at ets.wms13.core.dgiwg.testsuite.getmap.GetMapMultiDimensionalDataTest.wmsGetMapMultiDimensionalDataSupported_Time(GetMapMultiDimensionalDataTest.java:100)
	at sun.reflect.NativeMethodAccessorImpl.invoke0(Native Method)
	at sun.reflect.NativeMethodAccessorImpl.invoke(NativeMethodAccessorImpl.java:62)
	at sun.reflect.DelegatingMethodAccessorImpl.invoke(DelegatingMethodAccessorImpl.java:43)
	at java.lang.reflect.Method.invoke(Method.java:498)
	at org.testng.internal.MethodInvocationHelper.invokeMethod(MethodInvocationHelper.java:84)
	at org.testng.internal.Invoker.invokeMethod(Invoker.java:714)
	at org.testng.internal.Invoker.invokeTestMethod(Invoker.java:901)
	at org.testng.internal.Invoker.invokeTestMethods(Invoker.java:1231)
	at org.testng.internal.TestMethodWorker.invokeTestMethods(TestMethodWorker.java:127)
	at org.testng.internal.TestMethodWorker.run(TestMethodWorker.java:111)
	at org.testng.TestRunner.privateRun(TestRunner.java:767)
	at org.testng.TestRunner.run(TestRunner.java:617)
	at org.testng.SuiteRunner.runTest(SuiteRunner.java:348)
	at org.testng.SuiteRunner.runSequentially(SuiteRunner.java:343)
	at org.testng.SuiteRunner.privateRun(SuiteRunner.java:305)
	at org.testng.SuiteRunner.run(SuiteRunner.java:254)
	at org.testng.SuiteRunnerWorker.runSuite(SuiteRunnerWorker.java:52)
	at org.testng.SuiteRunnerWorker.run(SuiteRunnerWorker.java:86)
	at org.testng.TestNG.runSuitesSequentially(TestNG.java:1224)
	at org.testng.TestNG.runSuitesLocally(TestNG.java:1149)
	at org.testng.TestNG.run(TestNG.java:1057)
	at org.testng.remote.AbstractRemoteTestNG.run(AbstractRemoteTestNG.java:132)
	at org.testng.remote.RemoteTestNG.initAndRun(RemoteTestNG.java:230)
	at org.testng.remote.RemoteTestNG.main(RemoteTestNG.java:76)
]]>
    </failure>
  </testcase> <!-- wmsGetMapMultiDimensionalDataSupported_Time -->
</testsuite> <!-- ets.wms13.core.dgiwg.testsuite.getmap.GetMapMultiDimensionalDataTest -->
