<?xml version="1.0" encoding="UTF-8"?>
<!-- Generated by org.testng.reporters.JUnitReportReporter -->
<testsuite hostname="0519-EngrSvr02" name="ets.wms13.core.dgiwg.testsuite.getmap.GetMapBlankExceptionsTest" tests="2" failures="0" timestamp="26 Jun 2017 13:30:44 GMT" time="0.226" errors="0">
  <testcase name="wmsGetMapBlankExceptionsSupported_TransparentFalse" time="0.113" classname="ets.wms13.core.dgiwg.testsuite.getmap.GetMapBlankExceptionsTest"/>
  <testcase name="wmsGetMapBlankExceptionsSupported_TransparentTrue" time="0.113" classname="ets.wms13.core.dgiwg.testsuite.getmap.GetMapBlankExceptionsTest"/>
</testsuite> <!-- ets.wms13.core.dgiwg.testsuite.getmap.GetMapBlankExceptionsTest -->
