<?xml version="1.0" encoding="UTF-8"?>
<!-- Generated by org.testng.reporters.JUnitReportReporter -->
<testsuite hostname="0519-EngrSvr02" name="ets.wms13.core.dgiwg.testsuite.getcapabilities.GetCapabilitiesLayerStyleTest" tests="33" failures="0" timestamp="26 Jun 2017 13:30:44 GMT" time="0.080" errors="0">
  <testcase name="wmsCapabilitiesLayerStyleExists" time="0.003" classname="ets.wms13.core.dgiwg.testsuite.getcapabilities.GetCapabilitiesLayerStyleTest"/>
  <testcase name="wmsCapabilitiesLayerStyleExists" time="0.003" classname="ets.wms13.core.dgiwg.testsuite.getcapabilities.GetCapabilitiesLayerStyleTest"/>
  <testcase name="wmsCapabilitiesLayerStyleExists" time="0.002" classname="ets.wms13.core.dgiwg.testsuite.getcapabilities.GetCapabilitiesLayerStyleTest"/>
  <testcase name="wmsCapabilitiesLayerStyleExists" time="0.002" classname="ets.wms13.core.dgiwg.testsuite.getcapabilities.GetCapabilitiesLayerStyleTest"/>
  <testcase name="wmsCapabilitiesLayerStyleExists" time="0.002" classname="ets.wms13.core.dgiwg.testsuite.getcapabilities.GetCapabilitiesLayerStyleTest"/>
  <testcase name="wmsCapabilitiesLayerStyleExists" time="0.003" classname="ets.wms13.core.dgiwg.testsuite.getcapabilities.GetCapabilitiesLayerStyleTest"/>
  <testcase name="wmsCapabilitiesLayerStyleExists" time="0.001" classname="ets.wms13.core.dgiwg.testsuite.getcapabilities.GetCapabilitiesLayerStyleTest"/>
  <testcase name="wmsCapabilitiesLayerStyleExists" time="0.002" classname="ets.wms13.core.dgiwg.testsuite.getcapabilities.GetCapabilitiesLayerStyleTest"/>
  <testcase name="wmsCapabilitiesLayerStyleExists" time="0.003" classname="ets.wms13.core.dgiwg.testsuite.getcapabilities.GetCapabilitiesLayerStyleTest"/>
  <testcase name="wmsCapabilitiesLayerStyleExists" time="0.001" classname="ets.wms13.core.dgiwg.testsuite.getcapabilities.GetCapabilitiesLayerStyleTest"/>
  <testcase name="wmsCapabilitiesLayerStyleExists" time="0.003" classname="ets.wms13.core.dgiwg.testsuite.getcapabilities.GetCapabilitiesLayerStyleTest"/>
  <testcase name="wmsCapabilitiesLayerStyleExists" time="0.001" classname="ets.wms13.core.dgiwg.testsuite.getcapabilities.GetCapabilitiesLayerStyleTest"/>
  <testcase name="wmsCapabilitiesLayerStyleExists" time="0.003" classname="ets.wms13.core.dgiwg.testsuite.getcapabilities.GetCapabilitiesLayerStyleTest"/>
  <testcase name="wmsCapabilitiesLayerStyleExists" time="0.002" classname="ets.wms13.core.dgiwg.testsuite.getcapabilities.GetCapabilitiesLayerStyleTest"/>
  <testcase name="wmsCapabilitiesLayerStyleExists" time="0.004" classname="ets.wms13.core.dgiwg.testsuite.getcapabilities.GetCapabilitiesLayerStyleTest"/>
  <testcase name="wmsCapabilitiesLayerStyleExists" time="0.003" classname="ets.wms13.core.dgiwg.testsuite.getcapabilities.GetCapabilitiesLayerStyleTest"/>
  <testcase name="wmsCapabilitiesLayerStyleExists" time="0.003" classname="ets.wms13.core.dgiwg.testsuite.getcapabilities.GetCapabilitiesLayerStyleTest"/>
  <testcase name="wmsCapabilitiesLayerStyleExists" time="0.003" classname="ets.wms13.core.dgiwg.testsuite.getcapabilities.GetCapabilitiesLayerStyleTest"/>
  <testcase name="wmsCapabilitiesLayerStyleExists" time="0.003" classname="ets.wms13.core.dgiwg.testsuite.getcapabilities.GetCapabilitiesLayerStyleTest"/>
  <testcase name="wmsCapabilitiesLayerStyleExists" time="0.002" classname="ets.wms13.core.dgiwg.testsuite.getcapabilities.GetCapabilitiesLayerStyleTest"/>
  <testcase name="wmsCapabilitiesLayerStyleExists" time="0.002" classname="ets.wms13.core.dgiwg.testsuite.getcapabilities.GetCapabilitiesLayerStyleTest"/>
  <testcase name="wmsCapabilitiesLayerStyleExists" time="0.001" classname="ets.wms13.core.dgiwg.testsuite.getcapabilities.GetCapabilitiesLayerStyleTest"/>
  <testcase name="wmsCapabilitiesLayerStyleExists" time="0.003" classname="ets.wms13.core.dgiwg.testsuite.getcapabilities.GetCapabilitiesLayerStyleTest"/>
  <testcase name="wmsCapabilitiesLayerStyleExists" time="0.003" classname="ets.wms13.core.dgiwg.testsuite.getcapabilities.GetCapabilitiesLayerStyleTest"/>
  <testcase name="wmsCapabilitiesLayerStyleExists" time="0.002" classname="ets.wms13.core.dgiwg.testsuite.getcapabilities.GetCapabilitiesLayerStyleTest"/>
  <testcase name="wmsCapabilitiesLayerStyleExists" time="0.003" classname="ets.wms13.core.dgiwg.testsuite.getcapabilities.GetCapabilitiesLayerStyleTest"/>
  <testcase name="wmsCapabilitiesLayerStyleExists" time="0.002" classname="ets.wms13.core.dgiwg.testsuite.getcapabilities.GetCapabilitiesLayerStyleTest"/>
  <testcase name="wmsCapabilitiesLayerStyleExists" time="0.002" classname="ets.wms13.core.dgiwg.testsuite.getcapabilities.GetCapabilitiesLayerStyleTest"/>
  <testcase name="wmsCapabilitiesLayerStyleExists" time="0.002" classname="ets.wms13.core.dgiwg.testsuite.getcapabilities.GetCapabilitiesLayerStyleTest"/>
  <testcase name="wmsCapabilitiesLayerStyleExists" time="0.002" classname="ets.wms13.core.dgiwg.testsuite.getcapabilities.GetCapabilitiesLayerStyleTest"/>
  <testcase name="wmsCapabilitiesLayerStyleExists" time="0.004" classname="ets.wms13.core.dgiwg.testsuite.getcapabilities.GetCapabilitiesLayerStyleTest"/>
  <testcase name="wmsCapabilitiesLayerStyleExists" time="0.003" classname="ets.wms13.core.dgiwg.testsuite.getcapabilities.GetCapabilitiesLayerStyleTest"/>
  <testcase name="wmsCapabilitiesLayerStyleExists" time="0.002" classname="ets.wms13.core.dgiwg.testsuite.getcapabilities.GetCapabilitiesLayerStyleTest"/>
</testsuite> <!-- ets.wms13.core.dgiwg.testsuite.getcapabilities.GetCapabilitiesLayerStyleTest -->
