<?xml version="1.0" encoding="UTF-8"?>
<!-- Generated by org.testng.reporters.JUnitReportReporter -->
<testsuite hostname="0519-EngrSvr02" name="ets.wms13.core.dgiwg.testsuite.getmap.GetMapOutputFormatTest" tests="6" failures="0" timestamp="26 Jun 2017 13:30:44 GMT" time="0.462" errors="0">
  <testcase name="wmsCapabilitiesOutputFormatImageGifSupported" time="0.022" classname="ets.wms13.core.dgiwg.testsuite.getmap.GetMapOutputFormatTest"/>
  <testcase name="wmsCapabilitiesOutputFormatImagePngSupported" time="0.019" classname="ets.wms13.core.dgiwg.testsuite.getmap.GetMapOutputFormatTest"/>
  <testcase name="wmsGetMapOutputFormatImageJpegSupported" time="0.162" classname="ets.wms13.core.dgiwg.testsuite.getmap.GetMapOutputFormatTest"/>
  <testcase name="wmsGetMapOutputFormatImagePngSupported" time="0.116" classname="ets.wms13.core.dgiwg.testsuite.getmap.GetMapOutputFormatTest"/>
  <testcase name="wmsGetMapOutputFormatImageGifSupported" time="0.118" classname="ets.wms13.core.dgiwg.testsuite.getmap.GetMapOutputFormatTest"/>
  <testcase name="wmsCapabilitiesOutputFormatImageJpegSupported" time="0.025" classname="ets.wms13.core.dgiwg.testsuite.getmap.GetMapOutputFormatTest"/>
</testsuite> <!-- ets.wms13.core.dgiwg.testsuite.getmap.GetMapOutputFormatTest -->
