<?xml version="1.0" encoding="UTF-8"?>
<!-- Generated by org.testng.reporters.JUnitReportReporter -->
<testsuite hostname="0519-EngrSvr02" name="ets.wms13.core.dgiwg.testsuite.getcapabilities.GetCapabilitiesMaxExtendTest" tests="2" failures="0" timestamp="26 Jun 2017 13:30:44 GMT" time="0.006" errors="0">
  <testcase name="wmsCapabilitiesMaxWidth" time="0.003" classname="ets.wms13.core.dgiwg.testsuite.getcapabilities.GetCapabilitiesMaxExtendTest"/>
  <testcase name="wmsCapabilitiesMaxHeight" time="0.003" classname="ets.wms13.core.dgiwg.testsuite.getcapabilities.GetCapabilitiesMaxExtendTest"/>
</testsuite> <!-- ets.wms13.core.dgiwg.testsuite.getcapabilities.GetCapabilitiesMaxExtendTest -->
