<?xml version="1.0" encoding="UTF-8"?>
<!DOCTYPE properties SYSTEM "http://java.sun.com/dtd/properties.dtd">
<properties version="1.0">
  <comment>Test run arguments (ets-wmts10-nsg)</comment>
  <entry key="wmts">wmts-capabilities.xml</entry>
  <entry key="vector">false</entry>
</properties>
